ARM GAS  /tmp/ccttuKGj.s 			page 1


   1              		.syntax unified
   2              		.cpu cortex-m4
   3              		.eabi_attribute 27, 1
   4              		.eabi_attribute 28, 1
   5              		.fpu fpv4-sp-d16
   6              		.eabi_attribute 20, 1
   7              		.eabi_attribute 21, 1
   8              		.eabi_attribute 23, 3
   9              		.eabi_attribute 24, 1
  10              		.eabi_attribute 25, 1
  11              		.eabi_attribute 26, 1
  12              		.eabi_attribute 30, 1
  13              		.eabi_attribute 34, 1
  14              		.eabi_attribute 18, 4
  15              		.thumb
  16              		.syntax unified
  17              		.file	"diskio.c"
  18              		.text
  19              	.Ltext0:
  20              		.cfi_sections	.debug_frame
  21              		.section	.text.disk_status,"ax",%progbits
  22              		.align	2
  23              		.global	disk_status
  24              		.thumb
  25              		.thumb_func
  27              	disk_status:
  28              	.LFB124:
  29              		.file 1 "Middlewares/Third_Party/FatFs/src/diskio.c"
   1:Middlewares/Third_Party/FatFs/src/diskio.c **** /*-----------------------------------------------------------------------*/
   2:Middlewares/Third_Party/FatFs/src/diskio.c **** /* Low level disk I/O module skeleton for FatFs     (C)ChaN, 2017        */
   3:Middlewares/Third_Party/FatFs/src/diskio.c **** /*                                                                       */
   4:Middlewares/Third_Party/FatFs/src/diskio.c **** /*   Portions COPYRIGHT 2017 STMicroelectronics                          */
   5:Middlewares/Third_Party/FatFs/src/diskio.c **** /*   Portions Copyright (C) 2017, ChaN, all right reserved               */
   6:Middlewares/Third_Party/FatFs/src/diskio.c **** /*-----------------------------------------------------------------------*/
   7:Middlewares/Third_Party/FatFs/src/diskio.c **** /* If a working storage control module is available, it should be        */
   8:Middlewares/Third_Party/FatFs/src/diskio.c **** /* attached to the FatFs via a glue function rather than modifying it.   */
   9:Middlewares/Third_Party/FatFs/src/diskio.c **** /* This is an example of glue functions to attach various existing      */
  10:Middlewares/Third_Party/FatFs/src/diskio.c **** /* storage control modules to the FatFs module with a defined API.       */
  11:Middlewares/Third_Party/FatFs/src/diskio.c **** /*-----------------------------------------------------------------------*/
  12:Middlewares/Third_Party/FatFs/src/diskio.c **** 
  13:Middlewares/Third_Party/FatFs/src/diskio.c **** /**
  14:Middlewares/Third_Party/FatFs/src/diskio.c ****   ******************************************************************************
  15:Middlewares/Third_Party/FatFs/src/diskio.c ****   *
  16:Middlewares/Third_Party/FatFs/src/diskio.c ****   * <h2><center>&copy; Copyright (c) 2017 STMicroelectronics International N.V.
  17:Middlewares/Third_Party/FatFs/src/diskio.c ****   * All rights reserved.</center></h2>
  18:Middlewares/Third_Party/FatFs/src/diskio.c ****   *
  19:Middlewares/Third_Party/FatFs/src/diskio.c ****   * Redistribution and use in source and binary forms, with or without
  20:Middlewares/Third_Party/FatFs/src/diskio.c ****   * modification, are permitted, provided that the following conditions are met:
  21:Middlewares/Third_Party/FatFs/src/diskio.c ****   *
  22:Middlewares/Third_Party/FatFs/src/diskio.c ****   * 1. Redistribution of source code must retain the above copyright notice,
  23:Middlewares/Third_Party/FatFs/src/diskio.c ****   *    this list of conditions and the following disclaimer.
  24:Middlewares/Third_Party/FatFs/src/diskio.c ****   * 2. Redistributions in binary form must reproduce the above copyright notice,
  25:Middlewares/Third_Party/FatFs/src/diskio.c ****   *    this list of conditions and the following disclaimer in the documentation
  26:Middlewares/Third_Party/FatFs/src/diskio.c ****   *    and/or other materials provided with the distribution.
  27:Middlewares/Third_Party/FatFs/src/diskio.c ****   * 3. Neither the name of STMicroelectronics nor the names of other
  28:Middlewares/Third_Party/FatFs/src/diskio.c ****   *    contributors to this software may be used to endorse or promote products
  29:Middlewares/Third_Party/FatFs/src/diskio.c ****   *    derived from this software without specific written permission.
ARM GAS  /tmp/ccttuKGj.s 			page 2


  30:Middlewares/Third_Party/FatFs/src/diskio.c ****   * 4. This software, including modifications and/or derivative works of this
  31:Middlewares/Third_Party/FatFs/src/diskio.c ****   *    software, must execute solely and exclusively on microcontroller or
  32:Middlewares/Third_Party/FatFs/src/diskio.c ****   *    microprocessor devices manufactured by or for STMicroelectronics.
  33:Middlewares/Third_Party/FatFs/src/diskio.c ****   * 5. Redistribution and use of this software other than as permitted under
  34:Middlewares/Third_Party/FatFs/src/diskio.c ****   *    this license is void and will automatically terminate your rights under
  35:Middlewares/Third_Party/FatFs/src/diskio.c ****   *    this license.
  36:Middlewares/Third_Party/FatFs/src/diskio.c ****   *
  37:Middlewares/Third_Party/FatFs/src/diskio.c ****   * THIS SOFTWARE IS PROVIDED BY STMICROELECTRONICS AND CONTRIBUTORS "AS IS"
  38:Middlewares/Third_Party/FatFs/src/diskio.c ****   * AND ANY EXPRESS, IMPLIED OR STATUTORY WARRANTIES, INCLUDING, BUT NOT
  39:Middlewares/Third_Party/FatFs/src/diskio.c ****   * LIMITED TO, THE IMPLIED WARRANTIES OF MERCHANTABILITY, FITNESS FOR A
  40:Middlewares/Third_Party/FatFs/src/diskio.c ****   * PARTICULAR PURPOSE AND NON-INFRINGEMENT OF THIRD PARTY INTELLECTUAL PROPERTY
  41:Middlewares/Third_Party/FatFs/src/diskio.c ****   * RIGHTS ARE DISCLAIMED TO THE FULLEST EXTENT PERMITTED BY LAW. IN NO EVENT
  42:Middlewares/Third_Party/FatFs/src/diskio.c ****   * SHALL STMICROELECTRONICS OR CONTRIBUTORS BE LIABLE FOR ANY DIRECT, INDIRECT,
  43:Middlewares/Third_Party/FatFs/src/diskio.c ****   * INCIDENTAL, SPECIAL, EXEMPLARY, OR CONSEQUENTIAL DAMAGES (INCLUDING, BUT NOT
  44:Middlewares/Third_Party/FatFs/src/diskio.c ****   * LIMITED TO, PROCUREMENT OF SUBSTITUTE GOODS OR SERVICES; LOSS OF USE, DATA,
  45:Middlewares/Third_Party/FatFs/src/diskio.c ****   * OR PROFITS; OR BUSINESS INTERRUPTION) HOWEVER CAUSED AND ON ANY THEORY OF
  46:Middlewares/Third_Party/FatFs/src/diskio.c ****   * LIABILITY, WHETHER IN CONTRACT, STRICT LIABILITY, OR TORT (INCLUDING
  47:Middlewares/Third_Party/FatFs/src/diskio.c ****   * NEGLIGENCE OR OTHERWISE) ARISING IN ANY WAY OUT OF THE USE OF THIS SOFTWARE,
  48:Middlewares/Third_Party/FatFs/src/diskio.c ****   * EVEN IF ADVISED OF THE POSSIBILITY OF SUCH DAMAGE.
  49:Middlewares/Third_Party/FatFs/src/diskio.c ****   *
  50:Middlewares/Third_Party/FatFs/src/diskio.c ****   ******************************************************************************
  51:Middlewares/Third_Party/FatFs/src/diskio.c ****   */
  52:Middlewares/Third_Party/FatFs/src/diskio.c **** 
  53:Middlewares/Third_Party/FatFs/src/diskio.c **** /* Includes ------------------------------------------------------------------*/
  54:Middlewares/Third_Party/FatFs/src/diskio.c **** #include "diskio.h"
  55:Middlewares/Third_Party/FatFs/src/diskio.c **** #include "ff_gen_drv.h"
  56:Middlewares/Third_Party/FatFs/src/diskio.c **** 
  57:Middlewares/Third_Party/FatFs/src/diskio.c **** #if defined ( __GNUC__ )
  58:Middlewares/Third_Party/FatFs/src/diskio.c **** #ifndef __weak
  59:Middlewares/Third_Party/FatFs/src/diskio.c **** #define __weak __attribute__((weak))
  60:Middlewares/Third_Party/FatFs/src/diskio.c **** #endif
  61:Middlewares/Third_Party/FatFs/src/diskio.c **** #endif
  62:Middlewares/Third_Party/FatFs/src/diskio.c **** 
  63:Middlewares/Third_Party/FatFs/src/diskio.c **** /* Private typedef -----------------------------------------------------------*/
  64:Middlewares/Third_Party/FatFs/src/diskio.c **** /* Private define ------------------------------------------------------------*/
  65:Middlewares/Third_Party/FatFs/src/diskio.c **** /* Private variables ---------------------------------------------------------*/
  66:Middlewares/Third_Party/FatFs/src/diskio.c **** extern Disk_drvTypeDef  disk;
  67:Middlewares/Third_Party/FatFs/src/diskio.c **** 
  68:Middlewares/Third_Party/FatFs/src/diskio.c **** /* Private function prototypes -----------------------------------------------*/
  69:Middlewares/Third_Party/FatFs/src/diskio.c **** /* Private functions ---------------------------------------------------------*/
  70:Middlewares/Third_Party/FatFs/src/diskio.c **** 
  71:Middlewares/Third_Party/FatFs/src/diskio.c **** /**
  72:Middlewares/Third_Party/FatFs/src/diskio.c ****   * @brief  Gets Disk Status
  73:Middlewares/Third_Party/FatFs/src/diskio.c ****   * @param  pdrv: Physical drive number (0..)
  74:Middlewares/Third_Party/FatFs/src/diskio.c ****   * @retval DSTATUS: Operation status
  75:Middlewares/Third_Party/FatFs/src/diskio.c ****   */
  76:Middlewares/Third_Party/FatFs/src/diskio.c **** DSTATUS disk_status (
  77:Middlewares/Third_Party/FatFs/src/diskio.c **** 	BYTE pdrv		/* Physical drive number to identify the drive */
  78:Middlewares/Third_Party/FatFs/src/diskio.c **** )
  79:Middlewares/Third_Party/FatFs/src/diskio.c **** {
  30              		.loc 1 79 0
  31              		.cfi_startproc
  32              		@ args = 0, pretend = 0, frame = 0
  33              		@ frame_needed = 0, uses_anonymous_args = 0
  34              	.LVL0:
  35 0000 08B5     		push	{r3, lr}
  36              	.LCFI0:
ARM GAS  /tmp/ccttuKGj.s 			page 3


  37              		.cfi_def_cfa_offset 8
  38              		.cfi_offset 3, -8
  39              		.cfi_offset 14, -4
  80:Middlewares/Third_Party/FatFs/src/diskio.c ****   DSTATUS stat;
  81:Middlewares/Third_Party/FatFs/src/diskio.c **** 
  82:Middlewares/Third_Party/FatFs/src/diskio.c ****   stat = disk.drv[pdrv]->disk_status(disk.lun[pdrv]);
  40              		.loc 1 82 0
  41 0002 044B     		ldr	r3, .L3
  42 0004 03EB8002 		add	r2, r3, r0, lsl #2
  43 0008 5268     		ldr	r2, [r2, #4]
  44 000a 5268     		ldr	r2, [r2, #4]
  45 000c 1844     		add	r0, r0, r3
  46              	.LVL1:
  47 000e 007B     		ldrb	r0, [r0, #12]	@ zero_extendqisi2
  48 0010 9047     		blx	r2
  49              	.LVL2:
  83:Middlewares/Third_Party/FatFs/src/diskio.c ****   return stat;
  84:Middlewares/Third_Party/FatFs/src/diskio.c **** }
  50              		.loc 1 84 0
  51 0012 08BD     		pop	{r3, pc}
  52              	.L4:
  53              		.align	2
  54              	.L3:
  55 0014 00000000 		.word	disk
  56              		.cfi_endproc
  57              	.LFE124:
  59              		.section	.text.disk_initialize,"ax",%progbits
  60              		.align	2
  61              		.global	disk_initialize
  62              		.thumb
  63              		.thumb_func
  65              	disk_initialize:
  66              	.LFB125:
  85:Middlewares/Third_Party/FatFs/src/diskio.c **** 
  86:Middlewares/Third_Party/FatFs/src/diskio.c **** /**
  87:Middlewares/Third_Party/FatFs/src/diskio.c ****   * @brief  Initializes a Drive
  88:Middlewares/Third_Party/FatFs/src/diskio.c ****   * @param  pdrv: Physical drive number (0..)
  89:Middlewares/Third_Party/FatFs/src/diskio.c ****   * @retval DSTATUS: Operation status
  90:Middlewares/Third_Party/FatFs/src/diskio.c ****   */
  91:Middlewares/Third_Party/FatFs/src/diskio.c **** DSTATUS disk_initialize (
  92:Middlewares/Third_Party/FatFs/src/diskio.c **** 	BYTE pdrv				/* Physical drive nmuber to identify the drive */
  93:Middlewares/Third_Party/FatFs/src/diskio.c **** )
  94:Middlewares/Third_Party/FatFs/src/diskio.c **** {
  67              		.loc 1 94 0
  68              		.cfi_startproc
  69              		@ args = 0, pretend = 0, frame = 0
  70              		@ frame_needed = 0, uses_anonymous_args = 0
  71              	.LVL3:
  72 0000 08B5     		push	{r3, lr}
  73              	.LCFI1:
  74              		.cfi_def_cfa_offset 8
  75              		.cfi_offset 3, -8
  76              		.cfi_offset 14, -4
  77              	.LVL4:
  95:Middlewares/Third_Party/FatFs/src/diskio.c ****   DSTATUS stat = RES_OK;
  96:Middlewares/Third_Party/FatFs/src/diskio.c **** 
  97:Middlewares/Third_Party/FatFs/src/diskio.c ****   if(disk.is_initialized[pdrv] == 0)
ARM GAS  /tmp/ccttuKGj.s 			page 4


  78              		.loc 1 97 0
  79 0002 084B     		ldr	r3, .L9
  80 0004 1B5C     		ldrb	r3, [r3, r0]	@ zero_extendqisi2
  81 0006 53B9     		cbnz	r3, .L7
  98:Middlewares/Third_Party/FatFs/src/diskio.c ****   {
  99:Middlewares/Third_Party/FatFs/src/diskio.c ****     disk.is_initialized[pdrv] = 1;
  82              		.loc 1 99 0
  83 0008 064B     		ldr	r3, .L9
  84 000a 0122     		movs	r2, #1
  85 000c 1A54     		strb	r2, [r3, r0]
 100:Middlewares/Third_Party/FatFs/src/diskio.c ****     stat = disk.drv[pdrv]->disk_initialize(disk.lun[pdrv]);
  86              		.loc 1 100 0
  87 000e 03EB8002 		add	r2, r3, r0, lsl #2
  88 0012 5268     		ldr	r2, [r2, #4]
  89 0014 1268     		ldr	r2, [r2]
  90 0016 1844     		add	r0, r0, r3
  91              	.LVL5:
  92 0018 007B     		ldrb	r0, [r0, #12]	@ zero_extendqisi2
  93 001a 9047     		blx	r2
  94              	.LVL6:
  95 001c 08BD     		pop	{r3, pc}
  96              	.LVL7:
  97              	.L7:
  95:Middlewares/Third_Party/FatFs/src/diskio.c ****   DSTATUS stat = RES_OK;
  98              		.loc 1 95 0
  99 001e 0020     		movs	r0, #0
 100              	.LVL8:
 101:Middlewares/Third_Party/FatFs/src/diskio.c ****   }
 102:Middlewares/Third_Party/FatFs/src/diskio.c ****   return stat;
 103:Middlewares/Third_Party/FatFs/src/diskio.c **** }
 101              		.loc 1 103 0
 102 0020 08BD     		pop	{r3, pc}
 103              	.L10:
 104 0022 00BF     		.align	2
 105              	.L9:
 106 0024 00000000 		.word	disk
 107              		.cfi_endproc
 108              	.LFE125:
 110              		.section	.text.disk_read,"ax",%progbits
 111              		.align	2
 112              		.global	disk_read
 113              		.thumb
 114              		.thumb_func
 116              	disk_read:
 117              	.LFB126:
 104:Middlewares/Third_Party/FatFs/src/diskio.c **** 
 105:Middlewares/Third_Party/FatFs/src/diskio.c **** /**
 106:Middlewares/Third_Party/FatFs/src/diskio.c ****   * @brief  Reads Sector(s)
 107:Middlewares/Third_Party/FatFs/src/diskio.c ****   * @param  pdrv: Physical drive number (0..)
 108:Middlewares/Third_Party/FatFs/src/diskio.c ****   * @param  *buff: Data buffer to store read data
 109:Middlewares/Third_Party/FatFs/src/diskio.c ****   * @param  sector: Sector address (LBA)
 110:Middlewares/Third_Party/FatFs/src/diskio.c ****   * @param  count: Number of sectors to read (1..128)
 111:Middlewares/Third_Party/FatFs/src/diskio.c ****   * @retval DRESULT: Operation result
 112:Middlewares/Third_Party/FatFs/src/diskio.c ****   */
 113:Middlewares/Third_Party/FatFs/src/diskio.c **** DRESULT disk_read (
 114:Middlewares/Third_Party/FatFs/src/diskio.c **** 	BYTE pdrv,		/* Physical drive nmuber to identify the drive */
 115:Middlewares/Third_Party/FatFs/src/diskio.c **** 	BYTE *buff,		/* Data buffer to store read data */
ARM GAS  /tmp/ccttuKGj.s 			page 5


 116:Middlewares/Third_Party/FatFs/src/diskio.c **** 	DWORD sector,	        /* Sector address in LBA */
 117:Middlewares/Third_Party/FatFs/src/diskio.c **** 	UINT count		/* Number of sectors to read */
 118:Middlewares/Third_Party/FatFs/src/diskio.c **** )
 119:Middlewares/Third_Party/FatFs/src/diskio.c **** {
 118              		.loc 1 119 0
 119              		.cfi_startproc
 120              		@ args = 0, pretend = 0, frame = 0
 121              		@ frame_needed = 0, uses_anonymous_args = 0
 122              	.LVL9:
 123 0000 38B5     		push	{r3, r4, r5, lr}
 124              	.LCFI2:
 125              		.cfi_def_cfa_offset 16
 126              		.cfi_offset 3, -16
 127              		.cfi_offset 4, -12
 128              		.cfi_offset 5, -8
 129              		.cfi_offset 14, -4
 120:Middlewares/Third_Party/FatFs/src/diskio.c ****   DRESULT res;
 121:Middlewares/Third_Party/FatFs/src/diskio.c **** 
 122:Middlewares/Third_Party/FatFs/src/diskio.c ****   res = disk.drv[pdrv]->disk_read(disk.lun[pdrv], buff, sector, count);
 130              		.loc 1 122 0
 131 0002 044C     		ldr	r4, .L13
 132 0004 04EB8005 		add	r5, r4, r0, lsl #2
 133 0008 6D68     		ldr	r5, [r5, #4]
 134 000a AD68     		ldr	r5, [r5, #8]
 135 000c 2044     		add	r0, r0, r4
 136              	.LVL10:
 137 000e 007B     		ldrb	r0, [r0, #12]	@ zero_extendqisi2
 138 0010 A847     		blx	r5
 139              	.LVL11:
 123:Middlewares/Third_Party/FatFs/src/diskio.c ****   return res;
 124:Middlewares/Third_Party/FatFs/src/diskio.c **** }
 140              		.loc 1 124 0
 141 0012 38BD     		pop	{r3, r4, r5, pc}
 142              	.L14:
 143              		.align	2
 144              	.L13:
 145 0014 00000000 		.word	disk
 146              		.cfi_endproc
 147              	.LFE126:
 149              		.section	.text.disk_write,"ax",%progbits
 150              		.align	2
 151              		.global	disk_write
 152              		.thumb
 153              		.thumb_func
 155              	disk_write:
 156              	.LFB127:
 125:Middlewares/Third_Party/FatFs/src/diskio.c **** 
 126:Middlewares/Third_Party/FatFs/src/diskio.c **** /**
 127:Middlewares/Third_Party/FatFs/src/diskio.c ****   * @brief  Writes Sector(s)
 128:Middlewares/Third_Party/FatFs/src/diskio.c ****   * @param  pdrv: Physical drive number (0..)
 129:Middlewares/Third_Party/FatFs/src/diskio.c ****   * @param  *buff: Data to be written
 130:Middlewares/Third_Party/FatFs/src/diskio.c ****   * @param  sector: Sector address (LBA)
 131:Middlewares/Third_Party/FatFs/src/diskio.c ****   * @param  count: Number of sectors to write (1..128)
 132:Middlewares/Third_Party/FatFs/src/diskio.c ****   * @retval DRESULT: Operation result
 133:Middlewares/Third_Party/FatFs/src/diskio.c ****   */
 134:Middlewares/Third_Party/FatFs/src/diskio.c **** #if _USE_WRITE == 1
 135:Middlewares/Third_Party/FatFs/src/diskio.c **** DRESULT disk_write (
ARM GAS  /tmp/ccttuKGj.s 			page 6


 136:Middlewares/Third_Party/FatFs/src/diskio.c **** 	BYTE pdrv,		/* Physical drive nmuber to identify the drive */
 137:Middlewares/Third_Party/FatFs/src/diskio.c **** 	const BYTE *buff,	/* Data to be written */
 138:Middlewares/Third_Party/FatFs/src/diskio.c **** 	DWORD sector,		/* Sector address in LBA */
 139:Middlewares/Third_Party/FatFs/src/diskio.c **** 	UINT count        	/* Number of sectors to write */
 140:Middlewares/Third_Party/FatFs/src/diskio.c **** )
 141:Middlewares/Third_Party/FatFs/src/diskio.c **** {
 157              		.loc 1 141 0
 158              		.cfi_startproc
 159              		@ args = 0, pretend = 0, frame = 0
 160              		@ frame_needed = 0, uses_anonymous_args = 0
 161              	.LVL12:
 162 0000 38B5     		push	{r3, r4, r5, lr}
 163              	.LCFI3:
 164              		.cfi_def_cfa_offset 16
 165              		.cfi_offset 3, -16
 166              		.cfi_offset 4, -12
 167              		.cfi_offset 5, -8
 168              		.cfi_offset 14, -4
 142:Middlewares/Third_Party/FatFs/src/diskio.c ****   DRESULT res;
 143:Middlewares/Third_Party/FatFs/src/diskio.c **** 
 144:Middlewares/Third_Party/FatFs/src/diskio.c ****   res = disk.drv[pdrv]->disk_write(disk.lun[pdrv], buff, sector, count);
 169              		.loc 1 144 0
 170 0002 044C     		ldr	r4, .L17
 171 0004 04EB8005 		add	r5, r4, r0, lsl #2
 172 0008 6D68     		ldr	r5, [r5, #4]
 173 000a ED68     		ldr	r5, [r5, #12]
 174 000c 2044     		add	r0, r0, r4
 175              	.LVL13:
 176 000e 007B     		ldrb	r0, [r0, #12]	@ zero_extendqisi2
 177 0010 A847     		blx	r5
 178              	.LVL14:
 145:Middlewares/Third_Party/FatFs/src/diskio.c ****   return res;
 146:Middlewares/Third_Party/FatFs/src/diskio.c **** }
 179              		.loc 1 146 0
 180 0012 38BD     		pop	{r3, r4, r5, pc}
 181              	.L18:
 182              		.align	2
 183              	.L17:
 184 0014 00000000 		.word	disk
 185              		.cfi_endproc
 186              	.LFE127:
 188              		.section	.text.disk_ioctl,"ax",%progbits
 189              		.align	2
 190              		.global	disk_ioctl
 191              		.thumb
 192              		.thumb_func
 194              	disk_ioctl:
 195              	.LFB128:
 147:Middlewares/Third_Party/FatFs/src/diskio.c **** #endif /* _USE_WRITE == 1 */
 148:Middlewares/Third_Party/FatFs/src/diskio.c **** 
 149:Middlewares/Third_Party/FatFs/src/diskio.c **** /**
 150:Middlewares/Third_Party/FatFs/src/diskio.c ****   * @brief  I/O control operation
 151:Middlewares/Third_Party/FatFs/src/diskio.c ****   * @param  pdrv: Physical drive number (0..)
 152:Middlewares/Third_Party/FatFs/src/diskio.c ****   * @param  cmd: Control code
 153:Middlewares/Third_Party/FatFs/src/diskio.c ****   * @param  *buff: Buffer to send/receive control data
 154:Middlewares/Third_Party/FatFs/src/diskio.c ****   * @retval DRESULT: Operation result
 155:Middlewares/Third_Party/FatFs/src/diskio.c ****   */
ARM GAS  /tmp/ccttuKGj.s 			page 7


 156:Middlewares/Third_Party/FatFs/src/diskio.c **** #if _USE_IOCTL == 1
 157:Middlewares/Third_Party/FatFs/src/diskio.c **** DRESULT disk_ioctl (
 158:Middlewares/Third_Party/FatFs/src/diskio.c **** 	BYTE pdrv,		/* Physical drive nmuber (0..) */
 159:Middlewares/Third_Party/FatFs/src/diskio.c **** 	BYTE cmd,		/* Control code */
 160:Middlewares/Third_Party/FatFs/src/diskio.c **** 	void *buff		/* Buffer to send/receive control data */
 161:Middlewares/Third_Party/FatFs/src/diskio.c **** )
 162:Middlewares/Third_Party/FatFs/src/diskio.c **** {
 196              		.loc 1 162 0
 197              		.cfi_startproc
 198              		@ args = 0, pretend = 0, frame = 0
 199              		@ frame_needed = 0, uses_anonymous_args = 0
 200              	.LVL15:
 201 0000 10B5     		push	{r4, lr}
 202              	.LCFI4:
 203              		.cfi_def_cfa_offset 8
 204              		.cfi_offset 4, -8
 205              		.cfi_offset 14, -4
 163:Middlewares/Third_Party/FatFs/src/diskio.c ****   DRESULT res;
 164:Middlewares/Third_Party/FatFs/src/diskio.c **** 
 165:Middlewares/Third_Party/FatFs/src/diskio.c ****   res = disk.drv[pdrv]->disk_ioctl(disk.lun[pdrv], cmd, buff);
 206              		.loc 1 165 0
 207 0002 044B     		ldr	r3, .L21
 208 0004 03EB8004 		add	r4, r3, r0, lsl #2
 209 0008 6468     		ldr	r4, [r4, #4]
 210 000a 2469     		ldr	r4, [r4, #16]
 211 000c 1844     		add	r0, r0, r3
 212              	.LVL16:
 213 000e 007B     		ldrb	r0, [r0, #12]	@ zero_extendqisi2
 214 0010 A047     		blx	r4
 215              	.LVL17:
 166:Middlewares/Third_Party/FatFs/src/diskio.c ****   return res;
 167:Middlewares/Third_Party/FatFs/src/diskio.c **** }
 216              		.loc 1 167 0
 217 0012 10BD     		pop	{r4, pc}
 218              	.L22:
 219              		.align	2
 220              	.L21:
 221 0014 00000000 		.word	disk
 222              		.cfi_endproc
 223              	.LFE128:
 225              		.section	.text.get_fattime,"ax",%progbits
 226              		.align	2
 227              		.weak	get_fattime
 228              		.thumb
 229              		.thumb_func
 231              	get_fattime:
 232              	.LFB129:
 168:Middlewares/Third_Party/FatFs/src/diskio.c **** #endif /* _USE_IOCTL == 1 */
 169:Middlewares/Third_Party/FatFs/src/diskio.c **** 
 170:Middlewares/Third_Party/FatFs/src/diskio.c **** /**
 171:Middlewares/Third_Party/FatFs/src/diskio.c ****   * @brief  Gets Time from RTC
 172:Middlewares/Third_Party/FatFs/src/diskio.c ****   * @param  None
 173:Middlewares/Third_Party/FatFs/src/diskio.c ****   * @retval Time in DWORD
 174:Middlewares/Third_Party/FatFs/src/diskio.c ****   */
 175:Middlewares/Third_Party/FatFs/src/diskio.c **** __weak DWORD get_fattime (void)
 176:Middlewares/Third_Party/FatFs/src/diskio.c **** {
 233              		.loc 1 176 0
ARM GAS  /tmp/ccttuKGj.s 			page 8


 234              		.cfi_startproc
 235              		@ args = 0, pretend = 0, frame = 0
 236              		@ frame_needed = 0, uses_anonymous_args = 0
 237              		@ link register save eliminated.
 177:Middlewares/Third_Party/FatFs/src/diskio.c ****   return 0;
 178:Middlewares/Third_Party/FatFs/src/diskio.c **** }
 238              		.loc 1 178 0
 239 0000 0020     		movs	r0, #0
 240 0002 7047     		bx	lr
 241              		.cfi_endproc
 242              	.LFE129:
 244              		.text
 245              	.Letext0:
 246              		.file 2 "Middlewares/Third_Party/FatFs/src/integer.h"
 247              		.file 3 "Middlewares/Third_Party/FatFs/src/diskio.h"
 248              		.file 4 "/home/ada/Downloads/gcc-arm-none-eabi-5_4-2016q3/arm-none-eabi/include/machine/_default_t
 249              		.file 5 "/home/ada/Downloads/gcc-arm-none-eabi-5_4-2016q3/arm-none-eabi/include/sys/_stdint.h"
 250              		.file 6 "Middlewares/Third_Party/FatFs/src/ff_gen_drv.h"
 251              		.file 7 "Drivers/CMSIS/Include/core_cm4.h"
ARM GAS  /tmp/ccttuKGj.s 			page 9


DEFINED SYMBOLS
                            *ABS*:00000000 diskio.c
     /tmp/ccttuKGj.s:22     .text.disk_status:00000000 $t
     /tmp/ccttuKGj.s:27     .text.disk_status:00000000 disk_status
     /tmp/ccttuKGj.s:55     .text.disk_status:00000014 $d
     /tmp/ccttuKGj.s:60     .text.disk_initialize:00000000 $t
     /tmp/ccttuKGj.s:65     .text.disk_initialize:00000000 disk_initialize
     /tmp/ccttuKGj.s:106    .text.disk_initialize:00000024 $d
     /tmp/ccttuKGj.s:111    .text.disk_read:00000000 $t
     /tmp/ccttuKGj.s:116    .text.disk_read:00000000 disk_read
     /tmp/ccttuKGj.s:145    .text.disk_read:00000014 $d
     /tmp/ccttuKGj.s:150    .text.disk_write:00000000 $t
     /tmp/ccttuKGj.s:155    .text.disk_write:00000000 disk_write
     /tmp/ccttuKGj.s:184    .text.disk_write:00000014 $d
     /tmp/ccttuKGj.s:189    .text.disk_ioctl:00000000 $t
     /tmp/ccttuKGj.s:194    .text.disk_ioctl:00000000 disk_ioctl
     /tmp/ccttuKGj.s:221    .text.disk_ioctl:00000014 $d
     /tmp/ccttuKGj.s:226    .text.get_fattime:00000000 $t
     /tmp/ccttuKGj.s:231    .text.get_fattime:00000000 get_fattime
                     .debug_frame:00000010 $d

UNDEFINED SYMBOLS
disk
