ARM GAS  /tmp/ccxe0TLU.s 			page 1


   1              		.syntax unified
   2              		.cpu cortex-m4
   3              		.eabi_attribute 27, 1
   4              		.eabi_attribute 28, 1
   5              		.fpu fpv4-sp-d16
   6              		.eabi_attribute 20, 1
   7              		.eabi_attribute 21, 1
   8              		.eabi_attribute 23, 3
   9              		.eabi_attribute 24, 1
  10              		.eabi_attribute 25, 1
  11              		.eabi_attribute 26, 1
  12              		.eabi_attribute 30, 1
  13              		.eabi_attribute 34, 1
  14              		.eabi_attribute 18, 4
  15              		.thumb
  16              		.syntax unified
  17              		.file	"fatfs.c"
  18              		.text
  19              	.Ltext0:
  20              		.cfi_sections	.debug_frame
  21              		.section	.text.MX_FATFS_Init,"ax",%progbits
  22              		.align	2
  23              		.global	MX_FATFS_Init
  24              		.thumb
  25              		.thumb_func
  27              	MX_FATFS_Init:
  28              	.LFB124:
  29              		.file 1 "Src/fatfs.c"
   1:Src/fatfs.c   **** /**
   2:Src/fatfs.c   ****   ******************************************************************************
   3:Src/fatfs.c   ****   * @file   fatfs.c
   4:Src/fatfs.c   ****   * @brief  Code for fatfs applications
   5:Src/fatfs.c   ****   ******************************************************************************
   6:Src/fatfs.c   ****   * This notice applies to any and all portions of this file
   7:Src/fatfs.c   ****   * that are not between comment pairs USER CODE BEGIN and
   8:Src/fatfs.c   ****   * USER CODE END. Other portions of this file, whether 
   9:Src/fatfs.c   ****   * inserted by the user or by software development tools
  10:Src/fatfs.c   ****   * are owned by their respective copyright owners.
  11:Src/fatfs.c   ****   *
  12:Src/fatfs.c   ****   * Copyright (c) 2017 STMicroelectronics International N.V. 
  13:Src/fatfs.c   ****   * All rights reserved.
  14:Src/fatfs.c   ****   *
  15:Src/fatfs.c   ****   * Redistribution and use in source and binary forms, with or without 
  16:Src/fatfs.c   ****   * modification, are permitted, provided that the following conditions are met:
  17:Src/fatfs.c   ****   *
  18:Src/fatfs.c   ****   * 1. Redistribution of source code must retain the above copyright notice, 
  19:Src/fatfs.c   ****   *    this list of conditions and the following disclaimer.
  20:Src/fatfs.c   ****   * 2. Redistributions in binary form must reproduce the above copyright notice,
  21:Src/fatfs.c   ****   *    this list of conditions and the following disclaimer in the documentation
  22:Src/fatfs.c   ****   *    and/or other materials provided with the distribution.
  23:Src/fatfs.c   ****   * 3. Neither the name of STMicroelectronics nor the names of other 
  24:Src/fatfs.c   ****   *    contributors to this software may be used to endorse or promote products 
  25:Src/fatfs.c   ****   *    derived from this software without specific written permission.
  26:Src/fatfs.c   ****   * 4. This software, including modifications and/or derivative works of this 
  27:Src/fatfs.c   ****   *    software, must execute solely and exclusively on microcontroller or
  28:Src/fatfs.c   ****   *    microprocessor devices manufactured by or for STMicroelectronics.
  29:Src/fatfs.c   ****   * 5. Redistribution and use of this software other than as permitted under 
ARM GAS  /tmp/ccxe0TLU.s 			page 2


  30:Src/fatfs.c   ****   *    this license is void and will automatically terminate your rights under 
  31:Src/fatfs.c   ****   *    this license. 
  32:Src/fatfs.c   ****   *
  33:Src/fatfs.c   ****   * THIS SOFTWARE IS PROVIDED BY STMICROELECTRONICS AND CONTRIBUTORS "AS IS" 
  34:Src/fatfs.c   ****   * AND ANY EXPRESS, IMPLIED OR STATUTORY WARRANTIES, INCLUDING, BUT NOT 
  35:Src/fatfs.c   ****   * LIMITED TO, THE IMPLIED WARRANTIES OF MERCHANTABILITY, FITNESS FOR A 
  36:Src/fatfs.c   ****   * PARTICULAR PURPOSE AND NON-INFRINGEMENT OF THIRD PARTY INTELLECTUAL PROPERTY
  37:Src/fatfs.c   ****   * RIGHTS ARE DISCLAIMED TO THE FULLEST EXTENT PERMITTED BY LAW. IN NO EVENT 
  38:Src/fatfs.c   ****   * SHALL STMICROELECTRONICS OR CONTRIBUTORS BE LIABLE FOR ANY DIRECT, INDIRECT,
  39:Src/fatfs.c   ****   * INCIDENTAL, SPECIAL, EXEMPLARY, OR CONSEQUENTIAL DAMAGES (INCLUDING, BUT NOT
  40:Src/fatfs.c   ****   * LIMITED TO, PROCUREMENT OF SUBSTITUTE GOODS OR SERVICES; LOSS OF USE, DATA, 
  41:Src/fatfs.c   ****   * OR PROFITS; OR BUSINESS INTERRUPTION) HOWEVER CAUSED AND ON ANY THEORY OF 
  42:Src/fatfs.c   ****   * LIABILITY, WHETHER IN CONTRACT, STRICT LIABILITY, OR TORT (INCLUDING 
  43:Src/fatfs.c   ****   * NEGLIGENCE OR OTHERWISE) ARISING IN ANY WAY OUT OF THE USE OF THIS SOFTWARE,
  44:Src/fatfs.c   ****   * EVEN IF ADVISED OF THE POSSIBILITY OF SUCH DAMAGE.
  45:Src/fatfs.c   ****   *
  46:Src/fatfs.c   ****   ******************************************************************************
  47:Src/fatfs.c   ****   */
  48:Src/fatfs.c   **** 
  49:Src/fatfs.c   **** #include "fatfs.h"
  50:Src/fatfs.c   **** 
  51:Src/fatfs.c   **** uint8_t retSD;    /* Return value for SD */
  52:Src/fatfs.c   **** char SDPath[4];   /* SD logical drive path */
  53:Src/fatfs.c   **** FATFS SDFatFS;    /* File system object for SD logical drive */
  54:Src/fatfs.c   **** FIL SDFile;       /* File object for SD */
  55:Src/fatfs.c   **** uint8_t retUSBH;    /* Return value for USBH */
  56:Src/fatfs.c   **** char USBHPath[4];   /* USBH logical drive path */
  57:Src/fatfs.c   **** FATFS USBHFatFS;    /* File system object for USBH logical drive */
  58:Src/fatfs.c   **** FIL USBHFile;       /* File object for USBH */
  59:Src/fatfs.c   **** 
  60:Src/fatfs.c   **** /* USER CODE BEGIN Variables */
  61:Src/fatfs.c   **** 
  62:Src/fatfs.c   **** /* USER CODE END Variables */    
  63:Src/fatfs.c   **** 
  64:Src/fatfs.c   **** void MX_FATFS_Init(void) 
  65:Src/fatfs.c   **** {
  30              		.loc 1 65 0
  31              		.cfi_startproc
  32              		@ args = 0, pretend = 0, frame = 0
  33              		@ frame_needed = 0, uses_anonymous_args = 0
  34 0000 08B5     		push	{r3, lr}
  35              	.LCFI0:
  36              		.cfi_def_cfa_offset 8
  37              		.cfi_offset 3, -8
  38              		.cfi_offset 14, -4
  66:Src/fatfs.c   ****   /*## FatFS: Link the SD driver ###########################*/
  67:Src/fatfs.c   ****   retSD = FATFS_LinkDriver(&SD_Driver, SDPath);
  39              		.loc 1 67 0
  40 0002 0649     		ldr	r1, .L3
  41 0004 0648     		ldr	r0, .L3+4
  42 0006 FFF7FEFF 		bl	FATFS_LinkDriver
  43              	.LVL0:
  44 000a 064B     		ldr	r3, .L3+8
  45 000c 1870     		strb	r0, [r3]
  68:Src/fatfs.c   ****   /*## FatFS: Link the USBH driver ###########################*/
  69:Src/fatfs.c   ****   retUSBH = FATFS_LinkDriver(&USBH_Driver, USBHPath);
  46              		.loc 1 69 0
ARM GAS  /tmp/ccxe0TLU.s 			page 3


  47 000e 0649     		ldr	r1, .L3+12
  48 0010 0648     		ldr	r0, .L3+16
  49 0012 FFF7FEFF 		bl	FATFS_LinkDriver
  50              	.LVL1:
  51 0016 064B     		ldr	r3, .L3+20
  52 0018 1870     		strb	r0, [r3]
  53 001a 08BD     		pop	{r3, pc}
  54              	.L4:
  55              		.align	2
  56              	.L3:
  57 001c 00000000 		.word	SDPath
  58 0020 00000000 		.word	SD_Driver
  59 0024 00000000 		.word	retSD
  60 0028 00000000 		.word	USBHPath
  61 002c 00000000 		.word	USBH_Driver
  62 0030 00000000 		.word	retUSBH
  63              		.cfi_endproc
  64              	.LFE124:
  66              		.section	.text.get_fattime,"ax",%progbits
  67              		.align	2
  68              		.global	get_fattime
  69              		.thumb
  70              		.thumb_func
  72              	get_fattime:
  73              	.LFB125:
  70:Src/fatfs.c   **** 
  71:Src/fatfs.c   ****   /* USER CODE BEGIN Init */
  72:Src/fatfs.c   ****   /* additional user code for init */     
  73:Src/fatfs.c   ****   /* USER CODE END Init */
  74:Src/fatfs.c   **** }
  75:Src/fatfs.c   **** 
  76:Src/fatfs.c   **** /**
  77:Src/fatfs.c   ****   * @brief  Gets Time from RTC 
  78:Src/fatfs.c   ****   * @param  None
  79:Src/fatfs.c   ****   * @retval Time in DWORD
  80:Src/fatfs.c   ****   */
  81:Src/fatfs.c   **** DWORD get_fattime(void)
  82:Src/fatfs.c   **** {
  74              		.loc 1 82 0
  75              		.cfi_startproc
  76              		@ args = 0, pretend = 0, frame = 0
  77              		@ frame_needed = 0, uses_anonymous_args = 0
  78              		@ link register save eliminated.
  83:Src/fatfs.c   ****   /* USER CODE BEGIN get_fattime */
  84:Src/fatfs.c   ****   return 0;
  85:Src/fatfs.c   ****   /* USER CODE END get_fattime */  
  86:Src/fatfs.c   **** }
  79              		.loc 1 86 0
  80 0000 0020     		movs	r0, #0
  81 0002 7047     		bx	lr
  82              		.cfi_endproc
  83              	.LFE125:
  85              		.comm	USBHFile,560,4
  86              		.comm	USBHFatFS,560,4
  87              		.comm	USBHPath,4,4
  88              		.comm	retUSBH,1,1
  89              		.comm	SDFile,560,4
ARM GAS  /tmp/ccxe0TLU.s 			page 4


  90              		.comm	SDFatFS,560,4
  91              		.comm	SDPath,4,4
  92              		.comm	retSD,1,1
  93              		.text
  94              	.Letext0:
  95              		.file 2 "Middlewares/Third_Party/FatFs/src/integer.h"
  96              		.file 3 "/home/ada/Downloads/gcc-arm-none-eabi-5_4-2016q3/arm-none-eabi/include/machine/_default_t
  97              		.file 4 "/home/ada/Downloads/gcc-arm-none-eabi-5_4-2016q3/arm-none-eabi/include/sys/_stdint.h"
  98              		.file 5 "Middlewares/Third_Party/FatFs/src/ff.h"
  99              		.file 6 "Middlewares/Third_Party/FatFs/src/diskio.h"
 100              		.file 7 "Middlewares/Third_Party/FatFs/src/ff_gen_drv.h"
 101              		.file 8 "Drivers/CMSIS/Include/core_cm4.h"
 102              		.file 9 "Inc/sd_diskio.h"
 103              		.file 10 "Inc/usbh_diskio.h"
ARM GAS  /tmp/ccxe0TLU.s 			page 5


DEFINED SYMBOLS
                            *ABS*:00000000 fatfs.c
     /tmp/ccxe0TLU.s:22     .text.MX_FATFS_Init:00000000 $t
     /tmp/ccxe0TLU.s:27     .text.MX_FATFS_Init:00000000 MX_FATFS_Init
     /tmp/ccxe0TLU.s:57     .text.MX_FATFS_Init:0000001c $d
                            *COM*:00000004 SDPath
                            *COM*:00000001 retSD
                            *COM*:00000004 USBHPath
                            *COM*:00000001 retUSBH
     /tmp/ccxe0TLU.s:67     .text.get_fattime:00000000 $t
     /tmp/ccxe0TLU.s:72     .text.get_fattime:00000000 get_fattime
                            *COM*:00000230 USBHFile
                            *COM*:00000230 USBHFatFS
                            *COM*:00000230 SDFile
                            *COM*:00000230 SDFatFS
                     .debug_frame:00000010 $d

UNDEFINED SYMBOLS
FATFS_LinkDriver
SD_Driver
USBH_Driver
