ARM GAS  /tmp/ccw9mdFS.s 			page 1


   1              		.syntax unified
   2              		.cpu cortex-m4
   3              		.eabi_attribute 27, 1
   4              		.eabi_attribute 28, 1
   5              		.fpu fpv4-sp-d16
   6              		.eabi_attribute 20, 1
   7              		.eabi_attribute 21, 1
   8              		.eabi_attribute 23, 3
   9              		.eabi_attribute 24, 1
  10              		.eabi_attribute 25, 1
  11              		.eabi_attribute 26, 1
  12              		.eabi_attribute 30, 1
  13              		.eabi_attribute 34, 1
  14              		.eabi_attribute 18, 4
  15              		.thumb
  16              		.syntax unified
  17              		.file	"stm32f4xx_hal_msp.c"
  18              		.text
  19              	.Ltext0:
  20              		.cfi_sections	.debug_frame
  21              		.section	.text.HAL_MspInit,"ax",%progbits
  22              		.align	2
  23              		.global	HAL_MspInit
  24              		.thumb
  25              		.thumb_func
  27              	HAL_MspInit:
  28              	.LFB124:
  29              		.file 1 "Src/stm32f4xx_hal_msp.c"
   1:Src/stm32f4xx_hal_msp.c **** /**
   2:Src/stm32f4xx_hal_msp.c ****   ******************************************************************************
   3:Src/stm32f4xx_hal_msp.c ****   * File Name          : stm32f4xx_hal_msp.c
   4:Src/stm32f4xx_hal_msp.c ****   * Description        : This file provides code for the MSP Initialization 
   5:Src/stm32f4xx_hal_msp.c ****   *                      and de-Initialization codes.
   6:Src/stm32f4xx_hal_msp.c ****   ******************************************************************************
   7:Src/stm32f4xx_hal_msp.c ****   * This notice applies to any and all portions of this file
   8:Src/stm32f4xx_hal_msp.c ****   * that are not between comment pairs USER CODE BEGIN and
   9:Src/stm32f4xx_hal_msp.c ****   * USER CODE END. Other portions of this file, whether 
  10:Src/stm32f4xx_hal_msp.c ****   * inserted by the user or by software development tools
  11:Src/stm32f4xx_hal_msp.c ****   * are owned by their respective copyright owners.
  12:Src/stm32f4xx_hal_msp.c ****   *
  13:Src/stm32f4xx_hal_msp.c ****   * Copyright (c) 2017 STMicroelectronics International N.V. 
  14:Src/stm32f4xx_hal_msp.c ****   * All rights reserved.
  15:Src/stm32f4xx_hal_msp.c ****   *
  16:Src/stm32f4xx_hal_msp.c ****   * Redistribution and use in source and binary forms, with or without 
  17:Src/stm32f4xx_hal_msp.c ****   * modification, are permitted, provided that the following conditions are met:
  18:Src/stm32f4xx_hal_msp.c ****   *
  19:Src/stm32f4xx_hal_msp.c ****   * 1. Redistribution of source code must retain the above copyright notice, 
  20:Src/stm32f4xx_hal_msp.c ****   *    this list of conditions and the following disclaimer.
  21:Src/stm32f4xx_hal_msp.c ****   * 2. Redistributions in binary form must reproduce the above copyright notice,
  22:Src/stm32f4xx_hal_msp.c ****   *    this list of conditions and the following disclaimer in the documentation
  23:Src/stm32f4xx_hal_msp.c ****   *    and/or other materials provided with the distribution.
  24:Src/stm32f4xx_hal_msp.c ****   * 3. Neither the name of STMicroelectronics nor the names of other 
  25:Src/stm32f4xx_hal_msp.c ****   *    contributors to this software may be used to endorse or promote products 
  26:Src/stm32f4xx_hal_msp.c ****   *    derived from this software without specific written permission.
  27:Src/stm32f4xx_hal_msp.c ****   * 4. This software, including modifications and/or derivative works of this 
  28:Src/stm32f4xx_hal_msp.c ****   *    software, must execute solely and exclusively on microcontroller or
  29:Src/stm32f4xx_hal_msp.c ****   *    microprocessor devices manufactured by or for STMicroelectronics.
ARM GAS  /tmp/ccw9mdFS.s 			page 2


  30:Src/stm32f4xx_hal_msp.c ****   * 5. Redistribution and use of this software other than as permitted under 
  31:Src/stm32f4xx_hal_msp.c ****   *    this license is void and will automatically terminate your rights under 
  32:Src/stm32f4xx_hal_msp.c ****   *    this license. 
  33:Src/stm32f4xx_hal_msp.c ****   *
  34:Src/stm32f4xx_hal_msp.c ****   * THIS SOFTWARE IS PROVIDED BY STMICROELECTRONICS AND CONTRIBUTORS "AS IS" 
  35:Src/stm32f4xx_hal_msp.c ****   * AND ANY EXPRESS, IMPLIED OR STATUTORY WARRANTIES, INCLUDING, BUT NOT 
  36:Src/stm32f4xx_hal_msp.c ****   * LIMITED TO, THE IMPLIED WARRANTIES OF MERCHANTABILITY, FITNESS FOR A 
  37:Src/stm32f4xx_hal_msp.c ****   * PARTICULAR PURPOSE AND NON-INFRINGEMENT OF THIRD PARTY INTELLECTUAL PROPERTY
  38:Src/stm32f4xx_hal_msp.c ****   * RIGHTS ARE DISCLAIMED TO THE FULLEST EXTENT PERMITTED BY LAW. IN NO EVENT 
  39:Src/stm32f4xx_hal_msp.c ****   * SHALL STMICROELECTRONICS OR CONTRIBUTORS BE LIABLE FOR ANY DIRECT, INDIRECT,
  40:Src/stm32f4xx_hal_msp.c ****   * INCIDENTAL, SPECIAL, EXEMPLARY, OR CONSEQUENTIAL DAMAGES (INCLUDING, BUT NOT
  41:Src/stm32f4xx_hal_msp.c ****   * LIMITED TO, PROCUREMENT OF SUBSTITUTE GOODS OR SERVICES; LOSS OF USE, DATA, 
  42:Src/stm32f4xx_hal_msp.c ****   * OR PROFITS; OR BUSINESS INTERRUPTION) HOWEVER CAUSED AND ON ANY THEORY OF 
  43:Src/stm32f4xx_hal_msp.c ****   * LIABILITY, WHETHER IN CONTRACT, STRICT LIABILITY, OR TORT (INCLUDING 
  44:Src/stm32f4xx_hal_msp.c ****   * NEGLIGENCE OR OTHERWISE) ARISING IN ANY WAY OUT OF THE USE OF THIS SOFTWARE,
  45:Src/stm32f4xx_hal_msp.c ****   * EVEN IF ADVISED OF THE POSSIBILITY OF SUCH DAMAGE.
  46:Src/stm32f4xx_hal_msp.c ****   *
  47:Src/stm32f4xx_hal_msp.c ****   ******************************************************************************
  48:Src/stm32f4xx_hal_msp.c ****   */
  49:Src/stm32f4xx_hal_msp.c **** /* Includes ------------------------------------------------------------------*/
  50:Src/stm32f4xx_hal_msp.c **** #include "stm32f4xx_hal.h"
  51:Src/stm32f4xx_hal_msp.c **** 
  52:Src/stm32f4xx_hal_msp.c **** extern void _Error_Handler(char *, int);
  53:Src/stm32f4xx_hal_msp.c **** /* USER CODE BEGIN 0 */
  54:Src/stm32f4xx_hal_msp.c **** 
  55:Src/stm32f4xx_hal_msp.c **** /* USER CODE END 0 */
  56:Src/stm32f4xx_hal_msp.c **** /**
  57:Src/stm32f4xx_hal_msp.c ****   * Initializes the Global MSP.
  58:Src/stm32f4xx_hal_msp.c ****   */
  59:Src/stm32f4xx_hal_msp.c **** void HAL_MspInit(void)
  60:Src/stm32f4xx_hal_msp.c **** {
  30              		.loc 1 60 0
  31              		.cfi_startproc
  32              		@ args = 0, pretend = 0, frame = 0
  33              		@ frame_needed = 0, uses_anonymous_args = 0
  34 0000 08B5     		push	{r3, lr}
  35              	.LCFI0:
  36              		.cfi_def_cfa_offset 8
  37              		.cfi_offset 3, -8
  38              		.cfi_offset 14, -4
  61:Src/stm32f4xx_hal_msp.c ****   /* USER CODE BEGIN MspInit 0 */
  62:Src/stm32f4xx_hal_msp.c **** 
  63:Src/stm32f4xx_hal_msp.c ****   /* USER CODE END MspInit 0 */
  64:Src/stm32f4xx_hal_msp.c **** 
  65:Src/stm32f4xx_hal_msp.c ****   HAL_NVIC_SetPriorityGrouping(NVIC_PRIORITYGROUP_0);
  39              		.loc 1 65 0
  40 0002 0720     		movs	r0, #7
  41 0004 FFF7FEFF 		bl	HAL_NVIC_SetPriorityGrouping
  42              	.LVL0:
  66:Src/stm32f4xx_hal_msp.c **** 
  67:Src/stm32f4xx_hal_msp.c ****   /* System interrupt init*/
  68:Src/stm32f4xx_hal_msp.c ****   /* MemoryManagement_IRQn interrupt configuration */
  69:Src/stm32f4xx_hal_msp.c ****   HAL_NVIC_SetPriority(MemoryManagement_IRQn, 0, 0);
  43              		.loc 1 69 0
  44 0008 0022     		movs	r2, #0
  45 000a 1146     		mov	r1, r2
  46 000c 6FF00B00 		mvn	r0, #11
ARM GAS  /tmp/ccw9mdFS.s 			page 3


  47 0010 FFF7FEFF 		bl	HAL_NVIC_SetPriority
  48              	.LVL1:
  70:Src/stm32f4xx_hal_msp.c ****   /* BusFault_IRQn interrupt configuration */
  71:Src/stm32f4xx_hal_msp.c ****   HAL_NVIC_SetPriority(BusFault_IRQn, 0, 0);
  49              		.loc 1 71 0
  50 0014 0022     		movs	r2, #0
  51 0016 1146     		mov	r1, r2
  52 0018 6FF00A00 		mvn	r0, #10
  53 001c FFF7FEFF 		bl	HAL_NVIC_SetPriority
  54              	.LVL2:
  72:Src/stm32f4xx_hal_msp.c ****   /* UsageFault_IRQn interrupt configuration */
  73:Src/stm32f4xx_hal_msp.c ****   HAL_NVIC_SetPriority(UsageFault_IRQn, 0, 0);
  55              		.loc 1 73 0
  56 0020 0022     		movs	r2, #0
  57 0022 1146     		mov	r1, r2
  58 0024 6FF00900 		mvn	r0, #9
  59 0028 FFF7FEFF 		bl	HAL_NVIC_SetPriority
  60              	.LVL3:
  74:Src/stm32f4xx_hal_msp.c ****   /* SVCall_IRQn interrupt configuration */
  75:Src/stm32f4xx_hal_msp.c ****   HAL_NVIC_SetPriority(SVCall_IRQn, 0, 0);
  61              		.loc 1 75 0
  62 002c 0022     		movs	r2, #0
  63 002e 1146     		mov	r1, r2
  64 0030 6FF00400 		mvn	r0, #4
  65 0034 FFF7FEFF 		bl	HAL_NVIC_SetPriority
  66              	.LVL4:
  76:Src/stm32f4xx_hal_msp.c ****   /* DebugMonitor_IRQn interrupt configuration */
  77:Src/stm32f4xx_hal_msp.c ****   HAL_NVIC_SetPriority(DebugMonitor_IRQn, 0, 0);
  67              		.loc 1 77 0
  68 0038 0022     		movs	r2, #0
  69 003a 1146     		mov	r1, r2
  70 003c 6FF00300 		mvn	r0, #3
  71 0040 FFF7FEFF 		bl	HAL_NVIC_SetPriority
  72              	.LVL5:
  78:Src/stm32f4xx_hal_msp.c ****   /* PendSV_IRQn interrupt configuration */
  79:Src/stm32f4xx_hal_msp.c ****   HAL_NVIC_SetPriority(PendSV_IRQn, 0, 0);
  73              		.loc 1 79 0
  74 0044 0022     		movs	r2, #0
  75 0046 1146     		mov	r1, r2
  76 0048 6FF00100 		mvn	r0, #1
  77 004c FFF7FEFF 		bl	HAL_NVIC_SetPriority
  78              	.LVL6:
  80:Src/stm32f4xx_hal_msp.c ****   /* SysTick_IRQn interrupt configuration */
  81:Src/stm32f4xx_hal_msp.c ****   HAL_NVIC_SetPriority(SysTick_IRQn, 0, 0);
  79              		.loc 1 81 0
  80 0050 0022     		movs	r2, #0
  81 0052 1146     		mov	r1, r2
  82 0054 4FF0FF30 		mov	r0, #-1
  83 0058 FFF7FEFF 		bl	HAL_NVIC_SetPriority
  84              	.LVL7:
  85 005c 08BD     		pop	{r3, pc}
  86              		.cfi_endproc
  87              	.LFE124:
  89 005e 00BF     		.section	.text.HAL_SD_MspInit,"ax",%progbits
  90              		.align	2
  91              		.global	HAL_SD_MspInit
  92              		.thumb
ARM GAS  /tmp/ccw9mdFS.s 			page 4


  93              		.thumb_func
  95              	HAL_SD_MspInit:
  96              	.LFB125:
  82:Src/stm32f4xx_hal_msp.c **** 
  83:Src/stm32f4xx_hal_msp.c ****   /* USER CODE BEGIN MspInit 1 */
  84:Src/stm32f4xx_hal_msp.c **** 
  85:Src/stm32f4xx_hal_msp.c ****   /* USER CODE END MspInit 1 */
  86:Src/stm32f4xx_hal_msp.c **** }
  87:Src/stm32f4xx_hal_msp.c **** 
  88:Src/stm32f4xx_hal_msp.c **** void HAL_SD_MspInit(SD_HandleTypeDef* hsd)
  89:Src/stm32f4xx_hal_msp.c **** {
  97              		.loc 1 89 0
  98              		.cfi_startproc
  99              		@ args = 0, pretend = 0, frame = 24
 100              		@ frame_needed = 0, uses_anonymous_args = 0
 101              	.LVL8:
  90:Src/stm32f4xx_hal_msp.c **** 
  91:Src/stm32f4xx_hal_msp.c ****   GPIO_InitTypeDef GPIO_InitStruct;
  92:Src/stm32f4xx_hal_msp.c ****   if(hsd->Instance==SDIO)
 102              		.loc 1 92 0
 103 0000 0268     		ldr	r2, [r0]
 104 0002 174B     		ldr	r3, .L7
 105 0004 9A42     		cmp	r2, r3
 106 0006 29D1     		bne	.L6
  89:Src/stm32f4xx_hal_msp.c **** 
 107              		.loc 1 89 0
 108 0008 F0B5     		push	{r4, r5, r6, r7, lr}
 109              	.LCFI1:
 110              		.cfi_def_cfa_offset 20
 111              		.cfi_offset 4, -20
 112              		.cfi_offset 5, -16
 113              		.cfi_offset 6, -12
 114              		.cfi_offset 7, -8
 115              		.cfi_offset 14, -4
 116 000a 87B0     		sub	sp, sp, #28
 117              	.LCFI2:
 118              		.cfi_def_cfa_offset 48
 119              	.LBB2:
  93:Src/stm32f4xx_hal_msp.c ****   {
  94:Src/stm32f4xx_hal_msp.c ****   /* USER CODE BEGIN SDIO_MspInit 0 */
  95:Src/stm32f4xx_hal_msp.c **** 
  96:Src/stm32f4xx_hal_msp.c ****   /* USER CODE END SDIO_MspInit 0 */
  97:Src/stm32f4xx_hal_msp.c ****     /* Peripheral clock enable */
  98:Src/stm32f4xx_hal_msp.c ****     __HAL_RCC_SDIO_CLK_ENABLE();
 120              		.loc 1 98 0
 121 000c 0024     		movs	r4, #0
 122 000e 0094     		str	r4, [sp]
 123 0010 03F58633 		add	r3, r3, #68608
 124 0014 5A6C     		ldr	r2, [r3, #68]
 125 0016 42F40062 		orr	r2, r2, #2048
 126 001a 5A64     		str	r2, [r3, #68]
 127 001c 5B6C     		ldr	r3, [r3, #68]
 128 001e 03F40063 		and	r3, r3, #2048
 129 0022 0093     		str	r3, [sp]
 130 0024 009B     		ldr	r3, [sp]
 131              	.LBE2:
  99:Src/stm32f4xx_hal_msp.c ****   
ARM GAS  /tmp/ccw9mdFS.s 			page 5


 100:Src/stm32f4xx_hal_msp.c ****     /**SDIO GPIO Configuration    
 101:Src/stm32f4xx_hal_msp.c ****     PC8     ------> SDIO_D0
 102:Src/stm32f4xx_hal_msp.c ****     PC12     ------> SDIO_CK
 103:Src/stm32f4xx_hal_msp.c ****     PD2     ------> SDIO_CMD 
 104:Src/stm32f4xx_hal_msp.c ****     */
 105:Src/stm32f4xx_hal_msp.c ****     GPIO_InitStruct.Pin = GPIO_PIN_8|GPIO_PIN_12;
 132              		.loc 1 105 0
 133 0026 4FF48853 		mov	r3, #4352
 134 002a 0193     		str	r3, [sp, #4]
 106:Src/stm32f4xx_hal_msp.c ****     GPIO_InitStruct.Mode = GPIO_MODE_AF_PP;
 135              		.loc 1 106 0
 136 002c 0227     		movs	r7, #2
 137 002e 0297     		str	r7, [sp, #8]
 107:Src/stm32f4xx_hal_msp.c ****     GPIO_InitStruct.Pull = GPIO_NOPULL;
 138              		.loc 1 107 0
 139 0030 0394     		str	r4, [sp, #12]
 108:Src/stm32f4xx_hal_msp.c ****     GPIO_InitStruct.Speed = GPIO_SPEED_FREQ_VERY_HIGH;
 140              		.loc 1 108 0
 141 0032 0326     		movs	r6, #3
 142 0034 0496     		str	r6, [sp, #16]
 109:Src/stm32f4xx_hal_msp.c ****     GPIO_InitStruct.Alternate = GPIO_AF12_SDIO;
 143              		.loc 1 109 0
 144 0036 0C25     		movs	r5, #12
 145 0038 0595     		str	r5, [sp, #20]
 110:Src/stm32f4xx_hal_msp.c ****     HAL_GPIO_Init(GPIOC, &GPIO_InitStruct);
 146              		.loc 1 110 0
 147 003a 01A9     		add	r1, sp, #4
 148 003c 0948     		ldr	r0, .L7+4
 149              	.LVL9:
 150 003e FFF7FEFF 		bl	HAL_GPIO_Init
 151              	.LVL10:
 111:Src/stm32f4xx_hal_msp.c **** 
 112:Src/stm32f4xx_hal_msp.c ****     GPIO_InitStruct.Pin = GPIO_PIN_2;
 152              		.loc 1 112 0
 153 0042 0423     		movs	r3, #4
 154 0044 0193     		str	r3, [sp, #4]
 113:Src/stm32f4xx_hal_msp.c ****     GPIO_InitStruct.Mode = GPIO_MODE_AF_PP;
 155              		.loc 1 113 0
 156 0046 0297     		str	r7, [sp, #8]
 114:Src/stm32f4xx_hal_msp.c ****     GPIO_InitStruct.Pull = GPIO_NOPULL;
 157              		.loc 1 114 0
 158 0048 0394     		str	r4, [sp, #12]
 115:Src/stm32f4xx_hal_msp.c ****     GPIO_InitStruct.Speed = GPIO_SPEED_FREQ_VERY_HIGH;
 159              		.loc 1 115 0
 160 004a 0496     		str	r6, [sp, #16]
 116:Src/stm32f4xx_hal_msp.c ****     GPIO_InitStruct.Alternate = GPIO_AF12_SDIO;
 161              		.loc 1 116 0
 162 004c 0595     		str	r5, [sp, #20]
 117:Src/stm32f4xx_hal_msp.c ****     HAL_GPIO_Init(GPIOD, &GPIO_InitStruct);
 163              		.loc 1 117 0
 164 004e 0DEB0301 		add	r1, sp, r3
 165 0052 0548     		ldr	r0, .L7+8
 166 0054 FFF7FEFF 		bl	HAL_GPIO_Init
 167              	.LVL11:
 118:Src/stm32f4xx_hal_msp.c **** 
 119:Src/stm32f4xx_hal_msp.c ****   /* USER CODE BEGIN SDIO_MspInit 1 */
 120:Src/stm32f4xx_hal_msp.c **** 
ARM GAS  /tmp/ccw9mdFS.s 			page 6


 121:Src/stm32f4xx_hal_msp.c ****   /* USER CODE END SDIO_MspInit 1 */
 122:Src/stm32f4xx_hal_msp.c ****   }
 123:Src/stm32f4xx_hal_msp.c **** 
 124:Src/stm32f4xx_hal_msp.c **** }
 168              		.loc 1 124 0
 169 0058 07B0     		add	sp, sp, #28
 170              	.LCFI3:
 171              		.cfi_def_cfa_offset 20
 172              		@ sp needed
 173 005a F0BD     		pop	{r4, r5, r6, r7, pc}
 174              	.LVL12:
 175              	.L6:
 176              	.LCFI4:
 177              		.cfi_def_cfa_offset 0
 178              		.cfi_restore 4
 179              		.cfi_restore 5
 180              		.cfi_restore 6
 181              		.cfi_restore 7
 182              		.cfi_restore 14
 183 005c 7047     		bx	lr
 184              	.L8:
 185 005e 00BF     		.align	2
 186              	.L7:
 187 0060 002C0140 		.word	1073818624
 188 0064 00080240 		.word	1073874944
 189 0068 000C0240 		.word	1073875968
 190              		.cfi_endproc
 191              	.LFE125:
 193              		.section	.text.HAL_SD_MspDeInit,"ax",%progbits
 194              		.align	2
 195              		.global	HAL_SD_MspDeInit
 196              		.thumb
 197              		.thumb_func
 199              	HAL_SD_MspDeInit:
 200              	.LFB126:
 125:Src/stm32f4xx_hal_msp.c **** 
 126:Src/stm32f4xx_hal_msp.c **** void HAL_SD_MspDeInit(SD_HandleTypeDef* hsd)
 127:Src/stm32f4xx_hal_msp.c **** {
 201              		.loc 1 127 0
 202              		.cfi_startproc
 203              		@ args = 0, pretend = 0, frame = 0
 204              		@ frame_needed = 0, uses_anonymous_args = 0
 205              	.LVL13:
 206 0000 08B5     		push	{r3, lr}
 207              	.LCFI5:
 208              		.cfi_def_cfa_offset 8
 209              		.cfi_offset 3, -8
 210              		.cfi_offset 14, -4
 128:Src/stm32f4xx_hal_msp.c **** 
 129:Src/stm32f4xx_hal_msp.c ****   if(hsd->Instance==SDIO)
 211              		.loc 1 129 0
 212 0002 0268     		ldr	r2, [r0]
 213 0004 084B     		ldr	r3, .L12
 214 0006 9A42     		cmp	r2, r3
 215 0008 0DD1     		bne	.L9
 130:Src/stm32f4xx_hal_msp.c ****   {
 131:Src/stm32f4xx_hal_msp.c ****   /* USER CODE BEGIN SDIO_MspDeInit 0 */
ARM GAS  /tmp/ccw9mdFS.s 			page 7


 132:Src/stm32f4xx_hal_msp.c **** 
 133:Src/stm32f4xx_hal_msp.c ****   /* USER CODE END SDIO_MspDeInit 0 */
 134:Src/stm32f4xx_hal_msp.c ****     /* Peripheral clock disable */
 135:Src/stm32f4xx_hal_msp.c ****     __HAL_RCC_SDIO_CLK_DISABLE();
 216              		.loc 1 135 0
 217 000a 084A     		ldr	r2, .L12+4
 218 000c 536C     		ldr	r3, [r2, #68]
 219 000e 23F40063 		bic	r3, r3, #2048
 220 0012 5364     		str	r3, [r2, #68]
 136:Src/stm32f4xx_hal_msp.c ****   
 137:Src/stm32f4xx_hal_msp.c ****     /**SDIO GPIO Configuration    
 138:Src/stm32f4xx_hal_msp.c ****     PC8     ------> SDIO_D0
 139:Src/stm32f4xx_hal_msp.c ****     PC12     ------> SDIO_CK
 140:Src/stm32f4xx_hal_msp.c ****     PD2     ------> SDIO_CMD 
 141:Src/stm32f4xx_hal_msp.c ****     */
 142:Src/stm32f4xx_hal_msp.c ****     HAL_GPIO_DeInit(GPIOC, GPIO_PIN_8|GPIO_PIN_12);
 221              		.loc 1 142 0
 222 0014 4FF48851 		mov	r1, #4352
 223 0018 0548     		ldr	r0, .L12+8
 224              	.LVL14:
 225 001a FFF7FEFF 		bl	HAL_GPIO_DeInit
 226              	.LVL15:
 143:Src/stm32f4xx_hal_msp.c **** 
 144:Src/stm32f4xx_hal_msp.c ****     HAL_GPIO_DeInit(GPIOD, GPIO_PIN_2);
 227              		.loc 1 144 0
 228 001e 0421     		movs	r1, #4
 229 0020 0448     		ldr	r0, .L12+12
 230 0022 FFF7FEFF 		bl	HAL_GPIO_DeInit
 231              	.LVL16:
 232              	.L9:
 233 0026 08BD     		pop	{r3, pc}
 234              	.L13:
 235              		.align	2
 236              	.L12:
 237 0028 002C0140 		.word	1073818624
 238 002c 00380240 		.word	1073887232
 239 0030 00080240 		.word	1073874944
 240 0034 000C0240 		.word	1073875968
 241              		.cfi_endproc
 242              	.LFE126:
 244              		.text
 245              	.Letext0:
 246              		.file 2 "/home/ada/Downloads/gcc-arm-none-eabi-5_4-2016q3/arm-none-eabi/include/machine/_default_t
 247              		.file 3 "/home/ada/Downloads/gcc-arm-none-eabi-5_4-2016q3/arm-none-eabi/include/sys/_stdint.h"
 248              		.file 4 "Drivers/CMSIS/Device/ST/STM32F4xx/Include/stm32f407xx.h"
 249              		.file 5 "Drivers/STM32F4xx_HAL_Driver/Inc/stm32f4xx_hal_def.h"
 250              		.file 6 "Drivers/STM32F4xx_HAL_Driver/Inc/stm32f4xx_hal_gpio.h"
 251              		.file 7 "Drivers/STM32F4xx_HAL_Driver/Inc/stm32f4xx_hal_dma.h"
 252              		.file 8 "Drivers/STM32F4xx_HAL_Driver/Inc/stm32f4xx_ll_sdmmc.h"
 253              		.file 9 "Drivers/STM32F4xx_HAL_Driver/Inc/stm32f4xx_hal_sd.h"
 254              		.file 10 "Drivers/STM32F4xx_HAL_Driver/Inc/stm32f4xx_hal_cortex.h"
 255              		.file 11 "Drivers/CMSIS/Include/core_cm4.h"
ARM GAS  /tmp/ccw9mdFS.s 			page 8


DEFINED SYMBOLS
                            *ABS*:00000000 stm32f4xx_hal_msp.c
     /tmp/ccw9mdFS.s:22     .text.HAL_MspInit:00000000 $t
     /tmp/ccw9mdFS.s:27     .text.HAL_MspInit:00000000 HAL_MspInit
     /tmp/ccw9mdFS.s:90     .text.HAL_SD_MspInit:00000000 $t
     /tmp/ccw9mdFS.s:95     .text.HAL_SD_MspInit:00000000 HAL_SD_MspInit
     /tmp/ccw9mdFS.s:187    .text.HAL_SD_MspInit:00000060 $d
     /tmp/ccw9mdFS.s:194    .text.HAL_SD_MspDeInit:00000000 $t
     /tmp/ccw9mdFS.s:199    .text.HAL_SD_MspDeInit:00000000 HAL_SD_MspDeInit
     /tmp/ccw9mdFS.s:237    .text.HAL_SD_MspDeInit:00000028 $d
                     .debug_frame:00000010 $d

UNDEFINED SYMBOLS
HAL_NVIC_SetPriorityGrouping
HAL_NVIC_SetPriority
HAL_GPIO_Init
HAL_GPIO_DeInit
