ARM GAS  /tmp/cc3KpCpl.s 			page 1


   1              		.syntax unified
   2              		.cpu cortex-m4
   3              		.eabi_attribute 27, 1
   4              		.eabi_attribute 28, 1
   5              		.fpu fpv4-sp-d16
   6              		.eabi_attribute 20, 1
   7              		.eabi_attribute 21, 1
   8              		.eabi_attribute 23, 3
   9              		.eabi_attribute 24, 1
  10              		.eabi_attribute 25, 1
  11              		.eabi_attribute 26, 1
  12              		.eabi_attribute 30, 1
  13              		.eabi_attribute 34, 1
  14              		.eabi_attribute 18, 4
  15              		.thumb
  16              		.syntax unified
  17              		.file	"usb_host.c"
  18              		.text
  19              	.Ltext0:
  20              		.cfi_sections	.debug_frame
  21              		.section	.text.USBH_UserProcess,"ax",%progbits
  22              		.align	2
  23              		.thumb
  24              		.thumb_func
  26              	USBH_UserProcess:
  27              	.LFB126:
  28              		.file 1 "Src/usb_host.c"
   1:Src/usb_host.c **** /**
   2:Src/usb_host.c ****  ******************************************************************************
   3:Src/usb_host.c ****   * @file            : USB_HOST
   4:Src/usb_host.c ****   * @version         : v1.0_Cube
   5:Src/usb_host.c ****   * @brief           :  This file implements the USB Host 
   6:Src/usb_host.c ****   ******************************************************************************
   7:Src/usb_host.c ****   * This notice applies to any and all portions of this file
   8:Src/usb_host.c ****   * that are not between comment pairs USER CODE BEGIN and
   9:Src/usb_host.c ****   * USER CODE END. Other portions of this file, whether 
  10:Src/usb_host.c ****   * inserted by the user or by software development tools
  11:Src/usb_host.c ****   * are owned by their respective copyright owners.
  12:Src/usb_host.c ****   *
  13:Src/usb_host.c ****   * Copyright (c) 2017 STMicroelectronics International N.V. 
  14:Src/usb_host.c ****   * All rights reserved.
  15:Src/usb_host.c ****   *
  16:Src/usb_host.c ****   * Redistribution and use in source and binary forms, with or without 
  17:Src/usb_host.c ****   * modification, are permitted, provided that the following conditions are met:
  18:Src/usb_host.c ****   *
  19:Src/usb_host.c ****   * 1. Redistribution of source code must retain the above copyright notice, 
  20:Src/usb_host.c ****   *    this list of conditions and the following disclaimer.
  21:Src/usb_host.c ****   * 2. Redistributions in binary form must reproduce the above copyright notice,
  22:Src/usb_host.c ****   *    this list of conditions and the following disclaimer in the documentation
  23:Src/usb_host.c ****   *    and/or other materials provided with the distribution.
  24:Src/usb_host.c ****   * 3. Neither the name of STMicroelectronics nor the names of other 
  25:Src/usb_host.c ****   *    contributors to this software may be used to endorse or promote products 
  26:Src/usb_host.c ****   *    derived from this software without specific written permission.
  27:Src/usb_host.c ****   * 4. This software, including modifications and/or derivative works of this 
  28:Src/usb_host.c ****   *    software, must execute solely and exclusively on microcontroller or
  29:Src/usb_host.c ****   *    microprocessor devices manufactured by or for STMicroelectronics.
  30:Src/usb_host.c ****   * 5. Redistribution and use of this software other than as permitted under 
ARM GAS  /tmp/cc3KpCpl.s 			page 2


  31:Src/usb_host.c ****   *    this license is void and will automatically terminate your rights under 
  32:Src/usb_host.c ****   *    this license. 
  33:Src/usb_host.c ****   *
  34:Src/usb_host.c ****   * THIS SOFTWARE IS PROVIDED BY STMICROELECTRONICS AND CONTRIBUTORS "AS IS" 
  35:Src/usb_host.c ****   * AND ANY EXPRESS, IMPLIED OR STATUTORY WARRANTIES, INCLUDING, BUT NOT 
  36:Src/usb_host.c ****   * LIMITED TO, THE IMPLIED WARRANTIES OF MERCHANTABILITY, FITNESS FOR A 
  37:Src/usb_host.c ****   * PARTICULAR PURPOSE AND NON-INFRINGEMENT OF THIRD PARTY INTELLECTUAL PROPERTY
  38:Src/usb_host.c ****   * RIGHTS ARE DISCLAIMED TO THE FULLEST EXTENT PERMITTED BY LAW. IN NO EVENT 
  39:Src/usb_host.c ****   * SHALL STMICROELECTRONICS OR CONTRIBUTORS BE LIABLE FOR ANY DIRECT, INDIRECT,
  40:Src/usb_host.c ****   * INCIDENTAL, SPECIAL, EXEMPLARY, OR CONSEQUENTIAL DAMAGES (INCLUDING, BUT NOT
  41:Src/usb_host.c ****   * LIMITED TO, PROCUREMENT OF SUBSTITUTE GOODS OR SERVICES; LOSS OF USE, DATA, 
  42:Src/usb_host.c ****   * OR PROFITS; OR BUSINESS INTERRUPTION) HOWEVER CAUSED AND ON ANY THEORY OF 
  43:Src/usb_host.c ****   * LIABILITY, WHETHER IN CONTRACT, STRICT LIABILITY, OR TORT (INCLUDING 
  44:Src/usb_host.c ****   * NEGLIGENCE OR OTHERWISE) ARISING IN ANY WAY OUT OF THE USE OF THIS SOFTWARE,
  45:Src/usb_host.c ****   * EVEN IF ADVISED OF THE POSSIBILITY OF SUCH DAMAGE.
  46:Src/usb_host.c ****   *
  47:Src/usb_host.c ****   ******************************************************************************
  48:Src/usb_host.c **** */
  49:Src/usb_host.c **** 
  50:Src/usb_host.c **** /* Includes ------------------------------------------------------------------*/
  51:Src/usb_host.c **** 
  52:Src/usb_host.c **** #include "usb_host.h"
  53:Src/usb_host.c **** #include "usbh_core.h"
  54:Src/usb_host.c **** #include "usbh_audio.h"
  55:Src/usb_host.c **** #include "usbh_cdc.h"
  56:Src/usb_host.c **** #include "usbh_msc.h"
  57:Src/usb_host.c **** #include "usbh_hid.h"
  58:Src/usb_host.c **** #include "usbh_mtp.h"
  59:Src/usb_host.c **** 
  60:Src/usb_host.c **** /* USB Host Core handle declaration */
  61:Src/usb_host.c **** USBH_HandleTypeDef hUsbHostFS;
  62:Src/usb_host.c **** ApplicationTypeDef Appli_state = APPLICATION_IDLE;
  63:Src/usb_host.c **** 
  64:Src/usb_host.c **** /**
  65:Src/usb_host.c **** * -- Insert your variables declaration here --
  66:Src/usb_host.c **** */ 
  67:Src/usb_host.c **** /* USER CODE BEGIN 0 */
  68:Src/usb_host.c **** 
  69:Src/usb_host.c **** /* USER CODE END 0 */
  70:Src/usb_host.c **** 
  71:Src/usb_host.c **** /*
  72:Src/usb_host.c **** * user callbak declaration
  73:Src/usb_host.c **** */ 
  74:Src/usb_host.c **** static void USBH_UserProcess  (USBH_HandleTypeDef *phost, uint8_t id);
  75:Src/usb_host.c **** 
  76:Src/usb_host.c **** /**
  77:Src/usb_host.c **** * -- Insert your external function declaration here --
  78:Src/usb_host.c **** */ 
  79:Src/usb_host.c **** /* USER CODE BEGIN 1 */
  80:Src/usb_host.c **** 
  81:Src/usb_host.c **** /* USER CODE END 1 */
  82:Src/usb_host.c **** 
  83:Src/usb_host.c **** /* init function */                                        
  84:Src/usb_host.c **** void MX_USB_HOST_Init(void)
  85:Src/usb_host.c **** {
  86:Src/usb_host.c ****   /* USER CODE BEGIN USB_HOST_Init_PreTreatment */
  87:Src/usb_host.c ****   
ARM GAS  /tmp/cc3KpCpl.s 			page 3


  88:Src/usb_host.c ****   /* USER CODE END USB_HOST_Init_PreTreatment */
  89:Src/usb_host.c ****   
  90:Src/usb_host.c ****   /* Init Host Library,Add Supported Class and Start the library*/
  91:Src/usb_host.c ****   USBH_Init(&hUsbHostFS, USBH_UserProcess, HOST_FS);
  92:Src/usb_host.c **** 
  93:Src/usb_host.c ****   USBH_RegisterClass(&hUsbHostFS, USBH_AUDIO_CLASS);
  94:Src/usb_host.c **** 
  95:Src/usb_host.c ****   USBH_RegisterClass(&hUsbHostFS, USBH_CDC_CLASS);
  96:Src/usb_host.c **** 
  97:Src/usb_host.c ****   USBH_RegisterClass(&hUsbHostFS, USBH_MSC_CLASS);
  98:Src/usb_host.c **** 
  99:Src/usb_host.c ****   USBH_RegisterClass(&hUsbHostFS, USBH_HID_CLASS);
 100:Src/usb_host.c **** 
 101:Src/usb_host.c ****   USBH_RegisterClass(&hUsbHostFS, USBH_MTP_CLASS);
 102:Src/usb_host.c **** 
 103:Src/usb_host.c ****   USBH_Start(&hUsbHostFS);
 104:Src/usb_host.c ****   /* USER CODE BEGIN USB_HOST_Init_PostTreatment */
 105:Src/usb_host.c ****   
 106:Src/usb_host.c ****   /* USER CODE END USB_HOST_Init_PostTreatment */
 107:Src/usb_host.c **** 
 108:Src/usb_host.c **** }
 109:Src/usb_host.c **** 
 110:Src/usb_host.c **** /*
 111:Src/usb_host.c ****  * Background task
 112:Src/usb_host.c **** */ 
 113:Src/usb_host.c **** void MX_USB_HOST_Process(void) 
 114:Src/usb_host.c **** {
 115:Src/usb_host.c ****   /* USB Host Background task */
 116:Src/usb_host.c ****     USBH_Process(&hUsbHostFS);                                                 
 117:Src/usb_host.c **** }
 118:Src/usb_host.c **** /*
 119:Src/usb_host.c ****  * user callback definition
 120:Src/usb_host.c **** */ 
 121:Src/usb_host.c **** static void USBH_UserProcess  (USBH_HandleTypeDef *phost, uint8_t id)
 122:Src/usb_host.c **** {
  29              		.loc 1 122 0
  30              		.cfi_startproc
  31              		@ args = 0, pretend = 0, frame = 0
  32              		@ frame_needed = 0, uses_anonymous_args = 0
  33              		@ link register save eliminated.
  34              	.LVL0:
 123:Src/usb_host.c **** 
 124:Src/usb_host.c ****   /* USER CODE BEGIN CALL_BACK_1 */
 125:Src/usb_host.c ****   switch(id)
  35              		.loc 1 125 0
  36 0000 0429     		cmp	r1, #4
  37 0002 0CD0     		beq	.L3
  38 0004 0529     		cmp	r1, #5
  39 0006 02D0     		beq	.L4
  40 0008 0229     		cmp	r1, #2
  41 000a 0BD1     		bne	.L1
  42 000c 03E0     		b	.L5
  43              	.L4:
 126:Src/usb_host.c ****   { 
 127:Src/usb_host.c ****   case HOST_USER_SELECT_CONFIGURATION:
 128:Src/usb_host.c ****   break;
 129:Src/usb_host.c ****     
ARM GAS  /tmp/cc3KpCpl.s 			page 4


 130:Src/usb_host.c ****   case HOST_USER_DISCONNECTION:
 131:Src/usb_host.c ****   Appli_state = APPLICATION_DISCONNECT;
  44              		.loc 1 131 0
  45 000e 0322     		movs	r2, #3
  46 0010 054B     		ldr	r3, .L6
  47 0012 1A70     		strb	r2, [r3]
 132:Src/usb_host.c ****   break;
  48              		.loc 1 132 0
  49 0014 7047     		bx	lr
  50              	.L5:
 133:Src/usb_host.c ****     
 134:Src/usb_host.c ****   case HOST_USER_CLASS_ACTIVE:
 135:Src/usb_host.c ****   Appli_state = APPLICATION_READY;
  51              		.loc 1 135 0
  52 0016 0222     		movs	r2, #2
  53 0018 034B     		ldr	r3, .L6
  54 001a 1A70     		strb	r2, [r3]
 136:Src/usb_host.c ****   break;
  55              		.loc 1 136 0
  56 001c 7047     		bx	lr
  57              	.L3:
 137:Src/usb_host.c **** 
 138:Src/usb_host.c ****   case HOST_USER_CONNECTION:
 139:Src/usb_host.c ****   Appli_state = APPLICATION_START;
  58              		.loc 1 139 0
  59 001e 0122     		movs	r2, #1
  60 0020 014B     		ldr	r3, .L6
  61 0022 1A70     		strb	r2, [r3]
  62              	.L1:
  63 0024 7047     		bx	lr
  64              	.L7:
  65 0026 00BF     		.align	2
  66              	.L6:
  67 0028 00000000 		.word	.LANCHOR0
  68              		.cfi_endproc
  69              	.LFE126:
  71              		.section	.text.MX_USB_HOST_Init,"ax",%progbits
  72              		.align	2
  73              		.global	MX_USB_HOST_Init
  74              		.thumb
  75              		.thumb_func
  77              	MX_USB_HOST_Init:
  78              	.LFB124:
  85:Src/usb_host.c ****   /* USER CODE BEGIN USB_HOST_Init_PreTreatment */
  79              		.loc 1 85 0
  80              		.cfi_startproc
  81              		@ args = 0, pretend = 0, frame = 0
  82              		@ frame_needed = 0, uses_anonymous_args = 0
  83 0000 10B5     		push	{r4, lr}
  84              	.LCFI0:
  85              		.cfi_def_cfa_offset 8
  86              		.cfi_offset 4, -8
  87              		.cfi_offset 14, -4
  91:Src/usb_host.c **** 
  88              		.loc 1 91 0
  89 0002 0F4C     		ldr	r4, .L10
  90 0004 0122     		movs	r2, #1
ARM GAS  /tmp/cc3KpCpl.s 			page 5


  91 0006 0F49     		ldr	r1, .L10+4
  92 0008 2046     		mov	r0, r4
  93 000a FFF7FEFF 		bl	USBH_Init
  94              	.LVL1:
  93:Src/usb_host.c **** 
  95              		.loc 1 93 0
  96 000e 0E49     		ldr	r1, .L10+8
  97 0010 2046     		mov	r0, r4
  98 0012 FFF7FEFF 		bl	USBH_RegisterClass
  99              	.LVL2:
  95:Src/usb_host.c **** 
 100              		.loc 1 95 0
 101 0016 0D49     		ldr	r1, .L10+12
 102 0018 2046     		mov	r0, r4
 103 001a FFF7FEFF 		bl	USBH_RegisterClass
 104              	.LVL3:
  97:Src/usb_host.c **** 
 105              		.loc 1 97 0
 106 001e 0C49     		ldr	r1, .L10+16
 107 0020 2046     		mov	r0, r4
 108 0022 FFF7FEFF 		bl	USBH_RegisterClass
 109              	.LVL4:
  99:Src/usb_host.c **** 
 110              		.loc 1 99 0
 111 0026 0B49     		ldr	r1, .L10+20
 112 0028 2046     		mov	r0, r4
 113 002a FFF7FEFF 		bl	USBH_RegisterClass
 114              	.LVL5:
 101:Src/usb_host.c **** 
 115              		.loc 1 101 0
 116 002e 0A49     		ldr	r1, .L10+24
 117 0030 2046     		mov	r0, r4
 118 0032 FFF7FEFF 		bl	USBH_RegisterClass
 119              	.LVL6:
 103:Src/usb_host.c ****   /* USER CODE BEGIN USB_HOST_Init_PostTreatment */
 120              		.loc 1 103 0
 121 0036 2046     		mov	r0, r4
 122 0038 FFF7FEFF 		bl	USBH_Start
 123              	.LVL7:
 124 003c 10BD     		pop	{r4, pc}
 125              	.L11:
 126 003e 00BF     		.align	2
 127              	.L10:
 128 0040 00000000 		.word	hUsbHostFS
 129 0044 00000000 		.word	USBH_UserProcess
 130 0048 00000000 		.word	AUDIO_Class
 131 004c 00000000 		.word	CDC_Class
 132 0050 00000000 		.word	USBH_msc
 133 0054 00000000 		.word	HID_Class
 134 0058 00000000 		.word	MTP_Class
 135              		.cfi_endproc
 136              	.LFE124:
 138              		.section	.text.MX_USB_HOST_Process,"ax",%progbits
 139              		.align	2
 140              		.global	MX_USB_HOST_Process
 141              		.thumb
 142              		.thumb_func
ARM GAS  /tmp/cc3KpCpl.s 			page 6


 144              	MX_USB_HOST_Process:
 145              	.LFB125:
 114:Src/usb_host.c ****   /* USB Host Background task */
 146              		.loc 1 114 0
 147              		.cfi_startproc
 148              		@ args = 0, pretend = 0, frame = 0
 149              		@ frame_needed = 0, uses_anonymous_args = 0
 150 0000 08B5     		push	{r3, lr}
 151              	.LCFI1:
 152              		.cfi_def_cfa_offset 8
 153              		.cfi_offset 3, -8
 154              		.cfi_offset 14, -4
 116:Src/usb_host.c **** }
 155              		.loc 1 116 0
 156 0002 0248     		ldr	r0, .L14
 157 0004 FFF7FEFF 		bl	USBH_Process
 158              	.LVL8:
 159 0008 08BD     		pop	{r3, pc}
 160              	.L15:
 161 000a 00BF     		.align	2
 162              	.L14:
 163 000c 00000000 		.word	hUsbHostFS
 164              		.cfi_endproc
 165              	.LFE125:
 167              		.global	Appli_state
 168              		.comm	hUsbHostFS,1432,4
 169              		.section	.bss.Appli_state,"aw",%nobits
 170              		.set	.LANCHOR0,. + 0
 173              	Appli_state:
 174 0000 00       		.space	1
 175              		.text
 176              	.Letext0:
 177              		.file 2 "/home/ada/Downloads/gcc-arm-none-eabi-5_4-2016q3/arm-none-eabi/include/machine/_default_t
 178              		.file 3 "/home/ada/Downloads/gcc-arm-none-eabi-5_4-2016q3/arm-none-eabi/include/sys/_stdint.h"
 179              		.file 4 "Inc/usb_host.h"
 180              		.file 5 "Middlewares/ST/STM32_USB_Host_Library/Core/Inc/usbh_def.h"
 181              		.file 6 "Drivers/CMSIS/Include/core_cm4.h"
 182              		.file 7 "Middlewares/ST/STM32_USB_Host_Library/Class/AUDIO/Inc/usbh_audio.h"
 183              		.file 8 "Middlewares/ST/STM32_USB_Host_Library/Class/CDC/Inc/usbh_cdc.h"
 184              		.file 9 "Middlewares/ST/STM32_USB_Host_Library/Class/MSC/Inc/usbh_msc.h"
 185              		.file 10 "Middlewares/ST/STM32_USB_Host_Library/Class/HID/Inc/usbh_hid.h"
 186              		.file 11 "Middlewares/ST/STM32_USB_Host_Library/Class/MTP/Inc/usbh_mtp.h"
 187              		.file 12 "Middlewares/ST/STM32_USB_Host_Library/Core/Inc/usbh_core.h"
ARM GAS  /tmp/cc3KpCpl.s 			page 7


DEFINED SYMBOLS
                            *ABS*:00000000 usb_host.c
     /tmp/cc3KpCpl.s:22     .text.USBH_UserProcess:00000000 $t
     /tmp/cc3KpCpl.s:26     .text.USBH_UserProcess:00000000 USBH_UserProcess
     /tmp/cc3KpCpl.s:67     .text.USBH_UserProcess:00000028 $d
     /tmp/cc3KpCpl.s:72     .text.MX_USB_HOST_Init:00000000 $t
     /tmp/cc3KpCpl.s:77     .text.MX_USB_HOST_Init:00000000 MX_USB_HOST_Init
     /tmp/cc3KpCpl.s:128    .text.MX_USB_HOST_Init:00000040 $d
                            *COM*:00000598 hUsbHostFS
     /tmp/cc3KpCpl.s:139    .text.MX_USB_HOST_Process:00000000 $t
     /tmp/cc3KpCpl.s:144    .text.MX_USB_HOST_Process:00000000 MX_USB_HOST_Process
     /tmp/cc3KpCpl.s:163    .text.MX_USB_HOST_Process:0000000c $d
     /tmp/cc3KpCpl.s:173    .bss.Appli_state:00000000 Appli_state
     /tmp/cc3KpCpl.s:174    .bss.Appli_state:00000000 $d
                     .debug_frame:00000010 $d

UNDEFINED SYMBOLS
USBH_Init
USBH_RegisterClass
USBH_Start
AUDIO_Class
CDC_Class
USBH_msc
HID_Class
MTP_Class
USBH_Process
