ARM GAS  /tmp/ccUG0Y0E.s 			page 1


   1              		.syntax unified
   2              		.cpu cortex-m4
   3              		.eabi_attribute 27, 1
   4              		.eabi_attribute 28, 1
   5              		.fpu fpv4-sp-d16
   6              		.eabi_attribute 20, 1
   7              		.eabi_attribute 21, 1
   8              		.eabi_attribute 23, 3
   9              		.eabi_attribute 24, 1
  10              		.eabi_attribute 25, 1
  11              		.eabi_attribute 26, 1
  12              		.eabi_attribute 30, 1
  13              		.eabi_attribute 34, 1
  14              		.eabi_attribute 18, 4
  15              		.thumb
  16              		.syntax unified
  17              		.file	"usbh_ioreq.c"
  18              		.text
  19              	.Ltext0:
  20              		.cfi_sections	.debug_frame
  21              		.section	.text.USBH_CtlSendSetup,"ax",%progbits
  22              		.align	2
  23              		.global	USBH_CtlSendSetup
  24              		.thumb
  25              		.thumb_func
  27              	USBH_CtlSendSetup:
  28              	.LFB124:
  29              		.file 1 "Middlewares/ST/STM32_USB_Host_Library/Core/Src/usbh_ioreq.c"
   1:Middlewares/ST/STM32_USB_Host_Library/Core/Src/usbh_ioreq.c **** /** 
   2:Middlewares/ST/STM32_USB_Host_Library/Core/Src/usbh_ioreq.c ****   ******************************************************************************
   3:Middlewares/ST/STM32_USB_Host_Library/Core/Src/usbh_ioreq.c ****   * @file    usbh_ioreq.c 
   4:Middlewares/ST/STM32_USB_Host_Library/Core/Src/usbh_ioreq.c ****   * @author  MCD Application Team
   5:Middlewares/ST/STM32_USB_Host_Library/Core/Src/usbh_ioreq.c ****   * @version V3.2.2
   6:Middlewares/ST/STM32_USB_Host_Library/Core/Src/usbh_ioreq.c ****   * @date    07-July-2015
   7:Middlewares/ST/STM32_USB_Host_Library/Core/Src/usbh_ioreq.c ****   * @brief   This file handles the issuing of the USB transactions
   8:Middlewares/ST/STM32_USB_Host_Library/Core/Src/usbh_ioreq.c ****   ******************************************************************************
   9:Middlewares/ST/STM32_USB_Host_Library/Core/Src/usbh_ioreq.c ****   * @attention
  10:Middlewares/ST/STM32_USB_Host_Library/Core/Src/usbh_ioreq.c ****   *
  11:Middlewares/ST/STM32_USB_Host_Library/Core/Src/usbh_ioreq.c ****   * <h2><center>&copy; COPYRIGHT 2015 STMicroelectronics</center></h2>
  12:Middlewares/ST/STM32_USB_Host_Library/Core/Src/usbh_ioreq.c ****   *
  13:Middlewares/ST/STM32_USB_Host_Library/Core/Src/usbh_ioreq.c ****   * Licensed under MCD-ST Liberty SW License Agreement V2, (the "License");
  14:Middlewares/ST/STM32_USB_Host_Library/Core/Src/usbh_ioreq.c ****   * You may not use this file except in compliance with the License.
  15:Middlewares/ST/STM32_USB_Host_Library/Core/Src/usbh_ioreq.c ****   * You may obtain a copy of the License at:
  16:Middlewares/ST/STM32_USB_Host_Library/Core/Src/usbh_ioreq.c ****   *
  17:Middlewares/ST/STM32_USB_Host_Library/Core/Src/usbh_ioreq.c ****   *        http://www.st.com/software_license_agreement_liberty_v2
  18:Middlewares/ST/STM32_USB_Host_Library/Core/Src/usbh_ioreq.c ****   *
  19:Middlewares/ST/STM32_USB_Host_Library/Core/Src/usbh_ioreq.c ****   * Unless required by applicable law or agreed to in writing, software 
  20:Middlewares/ST/STM32_USB_Host_Library/Core/Src/usbh_ioreq.c ****   * distributed under the License is distributed on an "AS IS" BASIS, 
  21:Middlewares/ST/STM32_USB_Host_Library/Core/Src/usbh_ioreq.c ****   * WITHOUT WARRANTIES OR CONDITIONS OF ANY KIND, either express or implied.
  22:Middlewares/ST/STM32_USB_Host_Library/Core/Src/usbh_ioreq.c ****   * See the License for the specific language governing permissions and
  23:Middlewares/ST/STM32_USB_Host_Library/Core/Src/usbh_ioreq.c ****   * limitations under the License.
  24:Middlewares/ST/STM32_USB_Host_Library/Core/Src/usbh_ioreq.c ****   *
  25:Middlewares/ST/STM32_USB_Host_Library/Core/Src/usbh_ioreq.c ****   ******************************************************************************
  26:Middlewares/ST/STM32_USB_Host_Library/Core/Src/usbh_ioreq.c ****   */ 
  27:Middlewares/ST/STM32_USB_Host_Library/Core/Src/usbh_ioreq.c **** /* Includes ------------------------------------------------------------------*/
  28:Middlewares/ST/STM32_USB_Host_Library/Core/Src/usbh_ioreq.c **** 
  29:Middlewares/ST/STM32_USB_Host_Library/Core/Src/usbh_ioreq.c **** #include "usbh_ioreq.h"
ARM GAS  /tmp/ccUG0Y0E.s 			page 2


  30:Middlewares/ST/STM32_USB_Host_Library/Core/Src/usbh_ioreq.c **** 
  31:Middlewares/ST/STM32_USB_Host_Library/Core/Src/usbh_ioreq.c **** /** @addtogroup USBH_LIB
  32:Middlewares/ST/STM32_USB_Host_Library/Core/Src/usbh_ioreq.c ****   * @{
  33:Middlewares/ST/STM32_USB_Host_Library/Core/Src/usbh_ioreq.c ****   */
  34:Middlewares/ST/STM32_USB_Host_Library/Core/Src/usbh_ioreq.c **** 
  35:Middlewares/ST/STM32_USB_Host_Library/Core/Src/usbh_ioreq.c **** /** @addtogroup USBH_LIB_CORE
  36:Middlewares/ST/STM32_USB_Host_Library/Core/Src/usbh_ioreq.c **** * @{
  37:Middlewares/ST/STM32_USB_Host_Library/Core/Src/usbh_ioreq.c **** */
  38:Middlewares/ST/STM32_USB_Host_Library/Core/Src/usbh_ioreq.c ****   
  39:Middlewares/ST/STM32_USB_Host_Library/Core/Src/usbh_ioreq.c **** /** @defgroup USBH_IOREQ 
  40:Middlewares/ST/STM32_USB_Host_Library/Core/Src/usbh_ioreq.c ****   * @brief This file handles the standard protocol processing (USB v2.0)
  41:Middlewares/ST/STM32_USB_Host_Library/Core/Src/usbh_ioreq.c ****   * @{
  42:Middlewares/ST/STM32_USB_Host_Library/Core/Src/usbh_ioreq.c ****   */
  43:Middlewares/ST/STM32_USB_Host_Library/Core/Src/usbh_ioreq.c **** 
  44:Middlewares/ST/STM32_USB_Host_Library/Core/Src/usbh_ioreq.c **** 
  45:Middlewares/ST/STM32_USB_Host_Library/Core/Src/usbh_ioreq.c **** /** @defgroup USBH_IOREQ_Private_Defines
  46:Middlewares/ST/STM32_USB_Host_Library/Core/Src/usbh_ioreq.c ****   * @{
  47:Middlewares/ST/STM32_USB_Host_Library/Core/Src/usbh_ioreq.c ****   */ 
  48:Middlewares/ST/STM32_USB_Host_Library/Core/Src/usbh_ioreq.c **** 
  49:Middlewares/ST/STM32_USB_Host_Library/Core/Src/usbh_ioreq.c **** /**
  50:Middlewares/ST/STM32_USB_Host_Library/Core/Src/usbh_ioreq.c ****   * @}
  51:Middlewares/ST/STM32_USB_Host_Library/Core/Src/usbh_ioreq.c ****   */ 
  52:Middlewares/ST/STM32_USB_Host_Library/Core/Src/usbh_ioreq.c ****  
  53:Middlewares/ST/STM32_USB_Host_Library/Core/Src/usbh_ioreq.c **** 
  54:Middlewares/ST/STM32_USB_Host_Library/Core/Src/usbh_ioreq.c **** /** @defgroup USBH_IOREQ_Private_TypesDefinitions
  55:Middlewares/ST/STM32_USB_Host_Library/Core/Src/usbh_ioreq.c ****   * @{
  56:Middlewares/ST/STM32_USB_Host_Library/Core/Src/usbh_ioreq.c ****   */ 
  57:Middlewares/ST/STM32_USB_Host_Library/Core/Src/usbh_ioreq.c **** /**
  58:Middlewares/ST/STM32_USB_Host_Library/Core/Src/usbh_ioreq.c ****   * @}
  59:Middlewares/ST/STM32_USB_Host_Library/Core/Src/usbh_ioreq.c ****   */ 
  60:Middlewares/ST/STM32_USB_Host_Library/Core/Src/usbh_ioreq.c **** 
  61:Middlewares/ST/STM32_USB_Host_Library/Core/Src/usbh_ioreq.c **** 
  62:Middlewares/ST/STM32_USB_Host_Library/Core/Src/usbh_ioreq.c **** 
  63:Middlewares/ST/STM32_USB_Host_Library/Core/Src/usbh_ioreq.c **** /** @defgroup USBH_IOREQ_Private_Macros
  64:Middlewares/ST/STM32_USB_Host_Library/Core/Src/usbh_ioreq.c ****   * @{
  65:Middlewares/ST/STM32_USB_Host_Library/Core/Src/usbh_ioreq.c ****   */ 
  66:Middlewares/ST/STM32_USB_Host_Library/Core/Src/usbh_ioreq.c **** /**
  67:Middlewares/ST/STM32_USB_Host_Library/Core/Src/usbh_ioreq.c ****   * @}
  68:Middlewares/ST/STM32_USB_Host_Library/Core/Src/usbh_ioreq.c ****   */ 
  69:Middlewares/ST/STM32_USB_Host_Library/Core/Src/usbh_ioreq.c **** 
  70:Middlewares/ST/STM32_USB_Host_Library/Core/Src/usbh_ioreq.c **** 
  71:Middlewares/ST/STM32_USB_Host_Library/Core/Src/usbh_ioreq.c **** /** @defgroup USBH_IOREQ_Private_Variables
  72:Middlewares/ST/STM32_USB_Host_Library/Core/Src/usbh_ioreq.c ****   * @{
  73:Middlewares/ST/STM32_USB_Host_Library/Core/Src/usbh_ioreq.c ****   */ 
  74:Middlewares/ST/STM32_USB_Host_Library/Core/Src/usbh_ioreq.c **** /**
  75:Middlewares/ST/STM32_USB_Host_Library/Core/Src/usbh_ioreq.c ****   * @}
  76:Middlewares/ST/STM32_USB_Host_Library/Core/Src/usbh_ioreq.c ****   */ 
  77:Middlewares/ST/STM32_USB_Host_Library/Core/Src/usbh_ioreq.c **** /** @defgroup USBH_IOREQ_Private_FunctionPrototypes
  78:Middlewares/ST/STM32_USB_Host_Library/Core/Src/usbh_ioreq.c ****   * @{
  79:Middlewares/ST/STM32_USB_Host_Library/Core/Src/usbh_ioreq.c ****   */ 
  80:Middlewares/ST/STM32_USB_Host_Library/Core/Src/usbh_ioreq.c **** 
  81:Middlewares/ST/STM32_USB_Host_Library/Core/Src/usbh_ioreq.c **** /**
  82:Middlewares/ST/STM32_USB_Host_Library/Core/Src/usbh_ioreq.c ****   * @}
  83:Middlewares/ST/STM32_USB_Host_Library/Core/Src/usbh_ioreq.c ****   */ 
  84:Middlewares/ST/STM32_USB_Host_Library/Core/Src/usbh_ioreq.c **** 
  85:Middlewares/ST/STM32_USB_Host_Library/Core/Src/usbh_ioreq.c **** 
  86:Middlewares/ST/STM32_USB_Host_Library/Core/Src/usbh_ioreq.c **** /** @defgroup USBH_IOREQ_Private_Functions
ARM GAS  /tmp/ccUG0Y0E.s 			page 3


  87:Middlewares/ST/STM32_USB_Host_Library/Core/Src/usbh_ioreq.c ****   * @{
  88:Middlewares/ST/STM32_USB_Host_Library/Core/Src/usbh_ioreq.c ****   */ 
  89:Middlewares/ST/STM32_USB_Host_Library/Core/Src/usbh_ioreq.c **** 
  90:Middlewares/ST/STM32_USB_Host_Library/Core/Src/usbh_ioreq.c **** 
  91:Middlewares/ST/STM32_USB_Host_Library/Core/Src/usbh_ioreq.c **** 
  92:Middlewares/ST/STM32_USB_Host_Library/Core/Src/usbh_ioreq.c **** /**
  93:Middlewares/ST/STM32_USB_Host_Library/Core/Src/usbh_ioreq.c ****   * @brief  USBH_CtlSendSetup
  94:Middlewares/ST/STM32_USB_Host_Library/Core/Src/usbh_ioreq.c ****   *         Sends the Setup Packet to the Device
  95:Middlewares/ST/STM32_USB_Host_Library/Core/Src/usbh_ioreq.c ****   * @param  phost: Host Handle
  96:Middlewares/ST/STM32_USB_Host_Library/Core/Src/usbh_ioreq.c ****   * @param  buff: Buffer pointer from which the Data will be send to Device
  97:Middlewares/ST/STM32_USB_Host_Library/Core/Src/usbh_ioreq.c ****   * @param  pipe_num: Pipe Number
  98:Middlewares/ST/STM32_USB_Host_Library/Core/Src/usbh_ioreq.c ****   * @retval USBH Status
  99:Middlewares/ST/STM32_USB_Host_Library/Core/Src/usbh_ioreq.c ****   */
 100:Middlewares/ST/STM32_USB_Host_Library/Core/Src/usbh_ioreq.c **** USBH_StatusTypeDef USBH_CtlSendSetup (USBH_HandleTypeDef *phost, 
 101:Middlewares/ST/STM32_USB_Host_Library/Core/Src/usbh_ioreq.c ****                                 uint8_t *buff, 
 102:Middlewares/ST/STM32_USB_Host_Library/Core/Src/usbh_ioreq.c ****                                 uint8_t pipe_num)
 103:Middlewares/ST/STM32_USB_Host_Library/Core/Src/usbh_ioreq.c **** {
  30              		.loc 1 103 0
  31              		.cfi_startproc
  32              		@ args = 0, pretend = 0, frame = 0
  33              		@ frame_needed = 0, uses_anonymous_args = 0
  34              	.LVL0:
  35 0000 30B5     		push	{r4, r5, lr}
  36              	.LCFI0:
  37              		.cfi_def_cfa_offset 12
  38              		.cfi_offset 4, -12
  39              		.cfi_offset 5, -8
  40              		.cfi_offset 14, -4
  41 0002 85B0     		sub	sp, sp, #20
  42              	.LCFI1:
  43              		.cfi_def_cfa_offset 32
  44 0004 1546     		mov	r5, r2
 104:Middlewares/ST/STM32_USB_Host_Library/Core/Src/usbh_ioreq.c **** 
 105:Middlewares/ST/STM32_USB_Host_Library/Core/Src/usbh_ioreq.c ****   USBH_LL_SubmitURB (phost,                     /* Driver handle    */
  45              		.loc 1 105 0
  46 0006 0024     		movs	r4, #0
  47 0008 0394     		str	r4, [sp, #12]
  48 000a 0823     		movs	r3, #8
  49 000c 0293     		str	r3, [sp, #8]
  50 000e 0191     		str	r1, [sp, #4]
  51 0010 0094     		str	r4, [sp]
  52 0012 2346     		mov	r3, r4
  53 0014 2246     		mov	r2, r4
  54              	.LVL1:
  55 0016 2946     		mov	r1, r5
  56              	.LVL2:
  57 0018 FFF7FEFF 		bl	USBH_LL_SubmitURB
  58              	.LVL3:
 106:Middlewares/ST/STM32_USB_Host_Library/Core/Src/usbh_ioreq.c ****                           pipe_num,             /* Pipe index       */
 107:Middlewares/ST/STM32_USB_Host_Library/Core/Src/usbh_ioreq.c ****                           0,                    /* Direction : OUT  */
 108:Middlewares/ST/STM32_USB_Host_Library/Core/Src/usbh_ioreq.c ****                           USBH_EP_CONTROL,      /* EP type          */
 109:Middlewares/ST/STM32_USB_Host_Library/Core/Src/usbh_ioreq.c ****                           USBH_PID_SETUP,       /* Type setup       */
 110:Middlewares/ST/STM32_USB_Host_Library/Core/Src/usbh_ioreq.c ****                           buff,                 /* data buffer      */
 111:Middlewares/ST/STM32_USB_Host_Library/Core/Src/usbh_ioreq.c ****                           USBH_SETUP_PKT_SIZE,  /* data length      */ 
 112:Middlewares/ST/STM32_USB_Host_Library/Core/Src/usbh_ioreq.c ****                           0);
 113:Middlewares/ST/STM32_USB_Host_Library/Core/Src/usbh_ioreq.c ****   return USBH_OK;  
 114:Middlewares/ST/STM32_USB_Host_Library/Core/Src/usbh_ioreq.c **** }
ARM GAS  /tmp/ccUG0Y0E.s 			page 4


  59              		.loc 1 114 0
  60 001c 2046     		mov	r0, r4
  61 001e 05B0     		add	sp, sp, #20
  62              	.LCFI2:
  63              		.cfi_def_cfa_offset 12
  64              		@ sp needed
  65 0020 30BD     		pop	{r4, r5, pc}
  66              		.cfi_endproc
  67              	.LFE124:
  69 0022 00BF     		.section	.text.USBH_CtlSendData,"ax",%progbits
  70              		.align	2
  71              		.global	USBH_CtlSendData
  72              		.thumb
  73              		.thumb_func
  75              	USBH_CtlSendData:
  76              	.LFB125:
 115:Middlewares/ST/STM32_USB_Host_Library/Core/Src/usbh_ioreq.c **** 
 116:Middlewares/ST/STM32_USB_Host_Library/Core/Src/usbh_ioreq.c **** 
 117:Middlewares/ST/STM32_USB_Host_Library/Core/Src/usbh_ioreq.c **** /**
 118:Middlewares/ST/STM32_USB_Host_Library/Core/Src/usbh_ioreq.c ****   * @brief  USBH_CtlSendData
 119:Middlewares/ST/STM32_USB_Host_Library/Core/Src/usbh_ioreq.c ****   *         Sends a data Packet to the Device
 120:Middlewares/ST/STM32_USB_Host_Library/Core/Src/usbh_ioreq.c ****   * @param  phost: Host Handle
 121:Middlewares/ST/STM32_USB_Host_Library/Core/Src/usbh_ioreq.c ****   * @param  buff: Buffer pointer from which the Data will be sent to Device
 122:Middlewares/ST/STM32_USB_Host_Library/Core/Src/usbh_ioreq.c ****   * @param  length: Length of the data to be sent
 123:Middlewares/ST/STM32_USB_Host_Library/Core/Src/usbh_ioreq.c ****   * @param  pipe_num: Pipe Number
 124:Middlewares/ST/STM32_USB_Host_Library/Core/Src/usbh_ioreq.c ****   * @retval USBH Status
 125:Middlewares/ST/STM32_USB_Host_Library/Core/Src/usbh_ioreq.c ****   */
 126:Middlewares/ST/STM32_USB_Host_Library/Core/Src/usbh_ioreq.c **** USBH_StatusTypeDef USBH_CtlSendData (USBH_HandleTypeDef *phost, 
 127:Middlewares/ST/STM32_USB_Host_Library/Core/Src/usbh_ioreq.c ****                                 uint8_t *buff, 
 128:Middlewares/ST/STM32_USB_Host_Library/Core/Src/usbh_ioreq.c ****                                 uint16_t length,
 129:Middlewares/ST/STM32_USB_Host_Library/Core/Src/usbh_ioreq.c ****                                 uint8_t pipe_num,
 130:Middlewares/ST/STM32_USB_Host_Library/Core/Src/usbh_ioreq.c ****                                 uint8_t do_ping )
 131:Middlewares/ST/STM32_USB_Host_Library/Core/Src/usbh_ioreq.c **** {
  77              		.loc 1 131 0
  78              		.cfi_startproc
  79              		@ args = 4, pretend = 0, frame = 0
  80              		@ frame_needed = 0, uses_anonymous_args = 0
  81              	.LVL4:
  82 0000 30B5     		push	{r4, r5, lr}
  83              	.LCFI3:
  84              		.cfi_def_cfa_offset 12
  85              		.cfi_offset 4, -12
  86              		.cfi_offset 5, -8
  87              		.cfi_offset 14, -4
  88 0002 85B0     		sub	sp, sp, #20
  89              	.LCFI4:
  90              		.cfi_def_cfa_offset 32
  91 0004 0C46     		mov	r4, r1
  92 0006 1946     		mov	r1, r3
  93              	.LVL5:
  94 0008 9DF82030 		ldrb	r3, [sp, #32]	@ zero_extendqisi2
  95              	.LVL6:
 132:Middlewares/ST/STM32_USB_Host_Library/Core/Src/usbh_ioreq.c ****   if(phost->device.speed != USBH_SPEED_HIGH)
  96              		.loc 1 132 0
  97 000c 90F81D53 		ldrb	r5, [r0, #797]	@ zero_extendqisi2
  98 0010 05B1     		cbz	r5, .L4
 133:Middlewares/ST/STM32_USB_Host_Library/Core/Src/usbh_ioreq.c ****   {
ARM GAS  /tmp/ccUG0Y0E.s 			page 5


 134:Middlewares/ST/STM32_USB_Host_Library/Core/Src/usbh_ioreq.c ****     do_ping = 0;
  99              		.loc 1 134 0
 100 0012 0023     		movs	r3, #0
 101              	.L4:
 102              	.LVL7:
 135:Middlewares/ST/STM32_USB_Host_Library/Core/Src/usbh_ioreq.c ****   }
 136:Middlewares/ST/STM32_USB_Host_Library/Core/Src/usbh_ioreq.c ****   
 137:Middlewares/ST/STM32_USB_Host_Library/Core/Src/usbh_ioreq.c ****   USBH_LL_SubmitURB (phost,                     /* Driver handle    */
 103              		.loc 1 137 0
 104 0014 0393     		str	r3, [sp, #12]
 105 0016 0292     		str	r2, [sp, #8]
 106 0018 0194     		str	r4, [sp, #4]
 107 001a 0123     		movs	r3, #1
 108              	.LVL8:
 109 001c 0093     		str	r3, [sp]
 110 001e 0023     		movs	r3, #0
 111 0020 1A46     		mov	r2, r3
 112              	.LVL9:
 113 0022 FFF7FEFF 		bl	USBH_LL_SubmitURB
 114              	.LVL10:
 138:Middlewares/ST/STM32_USB_Host_Library/Core/Src/usbh_ioreq.c ****                           pipe_num,             /* Pipe index       */
 139:Middlewares/ST/STM32_USB_Host_Library/Core/Src/usbh_ioreq.c ****                           0,                    /* Direction : OUT  */
 140:Middlewares/ST/STM32_USB_Host_Library/Core/Src/usbh_ioreq.c ****                           USBH_EP_CONTROL,      /* EP type          */                          
 141:Middlewares/ST/STM32_USB_Host_Library/Core/Src/usbh_ioreq.c ****                           USBH_PID_DATA,        /* Type Data        */
 142:Middlewares/ST/STM32_USB_Host_Library/Core/Src/usbh_ioreq.c ****                           buff,                 /* data buffer      */
 143:Middlewares/ST/STM32_USB_Host_Library/Core/Src/usbh_ioreq.c ****                           length,               /* data length      */ 
 144:Middlewares/ST/STM32_USB_Host_Library/Core/Src/usbh_ioreq.c ****                           do_ping);             /* do ping (HS Only)*/
 145:Middlewares/ST/STM32_USB_Host_Library/Core/Src/usbh_ioreq.c ****   
 146:Middlewares/ST/STM32_USB_Host_Library/Core/Src/usbh_ioreq.c ****   return USBH_OK;
 147:Middlewares/ST/STM32_USB_Host_Library/Core/Src/usbh_ioreq.c **** }
 115              		.loc 1 147 0
 116 0026 0020     		movs	r0, #0
 117 0028 05B0     		add	sp, sp, #20
 118              	.LCFI5:
 119              		.cfi_def_cfa_offset 12
 120              		@ sp needed
 121 002a 30BD     		pop	{r4, r5, pc}
 122              		.cfi_endproc
 123              	.LFE125:
 125              		.section	.text.USBH_CtlReceiveData,"ax",%progbits
 126              		.align	2
 127              		.global	USBH_CtlReceiveData
 128              		.thumb
 129              		.thumb_func
 131              	USBH_CtlReceiveData:
 132              	.LFB126:
 148:Middlewares/ST/STM32_USB_Host_Library/Core/Src/usbh_ioreq.c **** 
 149:Middlewares/ST/STM32_USB_Host_Library/Core/Src/usbh_ioreq.c **** 
 150:Middlewares/ST/STM32_USB_Host_Library/Core/Src/usbh_ioreq.c **** /**
 151:Middlewares/ST/STM32_USB_Host_Library/Core/Src/usbh_ioreq.c ****   * @brief  USBH_CtlReceiveData
 152:Middlewares/ST/STM32_USB_Host_Library/Core/Src/usbh_ioreq.c ****   *         Receives the Device Response to the Setup Packet
 153:Middlewares/ST/STM32_USB_Host_Library/Core/Src/usbh_ioreq.c ****   * @param  phost: Host Handle
 154:Middlewares/ST/STM32_USB_Host_Library/Core/Src/usbh_ioreq.c ****   * @param  buff: Buffer pointer in which the response needs to be copied
 155:Middlewares/ST/STM32_USB_Host_Library/Core/Src/usbh_ioreq.c ****   * @param  length: Length of the data to be received
 156:Middlewares/ST/STM32_USB_Host_Library/Core/Src/usbh_ioreq.c ****   * @param  pipe_num: Pipe Number
 157:Middlewares/ST/STM32_USB_Host_Library/Core/Src/usbh_ioreq.c ****   * @retval USBH Status. 
 158:Middlewares/ST/STM32_USB_Host_Library/Core/Src/usbh_ioreq.c ****   */
ARM GAS  /tmp/ccUG0Y0E.s 			page 6


 159:Middlewares/ST/STM32_USB_Host_Library/Core/Src/usbh_ioreq.c **** USBH_StatusTypeDef USBH_CtlReceiveData(USBH_HandleTypeDef *phost, 
 160:Middlewares/ST/STM32_USB_Host_Library/Core/Src/usbh_ioreq.c ****                                 uint8_t* buff, 
 161:Middlewares/ST/STM32_USB_Host_Library/Core/Src/usbh_ioreq.c ****                                 uint16_t length,
 162:Middlewares/ST/STM32_USB_Host_Library/Core/Src/usbh_ioreq.c ****                                 uint8_t pipe_num)
 163:Middlewares/ST/STM32_USB_Host_Library/Core/Src/usbh_ioreq.c **** {
 133              		.loc 1 163 0
 134              		.cfi_startproc
 135              		@ args = 0, pretend = 0, frame = 0
 136              		@ frame_needed = 0, uses_anonymous_args = 0
 137              	.LVL11:
 138 0000 30B5     		push	{r4, r5, lr}
 139              	.LCFI6:
 140              		.cfi_def_cfa_offset 12
 141              		.cfi_offset 4, -12
 142              		.cfi_offset 5, -8
 143              		.cfi_offset 14, -4
 144 0002 85B0     		sub	sp, sp, #20
 145              	.LCFI7:
 146              		.cfi_def_cfa_offset 32
 147 0004 1D46     		mov	r5, r3
 164:Middlewares/ST/STM32_USB_Host_Library/Core/Src/usbh_ioreq.c ****   USBH_LL_SubmitURB (phost,                     /* Driver handle    */
 148              		.loc 1 164 0
 149 0006 0024     		movs	r4, #0
 150 0008 0394     		str	r4, [sp, #12]
 151 000a 0292     		str	r2, [sp, #8]
 152 000c 0191     		str	r1, [sp, #4]
 153 000e 0122     		movs	r2, #1
 154              	.LVL12:
 155 0010 0092     		str	r2, [sp]
 156 0012 2346     		mov	r3, r4
 157              	.LVL13:
 158 0014 2946     		mov	r1, r5
 159              	.LVL14:
 160 0016 FFF7FEFF 		bl	USBH_LL_SubmitURB
 161              	.LVL15:
 165:Middlewares/ST/STM32_USB_Host_Library/Core/Src/usbh_ioreq.c ****                           pipe_num,             /* Pipe index       */
 166:Middlewares/ST/STM32_USB_Host_Library/Core/Src/usbh_ioreq.c ****                           1,                    /* Direction : IN   */
 167:Middlewares/ST/STM32_USB_Host_Library/Core/Src/usbh_ioreq.c ****                           USBH_EP_CONTROL,      /* EP type          */                          
 168:Middlewares/ST/STM32_USB_Host_Library/Core/Src/usbh_ioreq.c ****                           USBH_PID_DATA,        /* Type Data        */
 169:Middlewares/ST/STM32_USB_Host_Library/Core/Src/usbh_ioreq.c ****                           buff,                 /* data buffer      */
 170:Middlewares/ST/STM32_USB_Host_Library/Core/Src/usbh_ioreq.c ****                           length,               /* data length      */ 
 171:Middlewares/ST/STM32_USB_Host_Library/Core/Src/usbh_ioreq.c ****                           0);
 172:Middlewares/ST/STM32_USB_Host_Library/Core/Src/usbh_ioreq.c ****   return USBH_OK;
 173:Middlewares/ST/STM32_USB_Host_Library/Core/Src/usbh_ioreq.c ****   
 174:Middlewares/ST/STM32_USB_Host_Library/Core/Src/usbh_ioreq.c **** }
 162              		.loc 1 174 0
 163 001a 2046     		mov	r0, r4
 164 001c 05B0     		add	sp, sp, #20
 165              	.LCFI8:
 166              		.cfi_def_cfa_offset 12
 167              		@ sp needed
 168 001e 30BD     		pop	{r4, r5, pc}
 169              		.cfi_endproc
 170              	.LFE126:
 172              		.section	.text.USBH_BulkSendData,"ax",%progbits
 173              		.align	2
 174              		.global	USBH_BulkSendData
ARM GAS  /tmp/ccUG0Y0E.s 			page 7


 175              		.thumb
 176              		.thumb_func
 178              	USBH_BulkSendData:
 179              	.LFB127:
 175:Middlewares/ST/STM32_USB_Host_Library/Core/Src/usbh_ioreq.c **** 
 176:Middlewares/ST/STM32_USB_Host_Library/Core/Src/usbh_ioreq.c **** 
 177:Middlewares/ST/STM32_USB_Host_Library/Core/Src/usbh_ioreq.c **** /**
 178:Middlewares/ST/STM32_USB_Host_Library/Core/Src/usbh_ioreq.c ****   * @brief  USBH_BulkSendData
 179:Middlewares/ST/STM32_USB_Host_Library/Core/Src/usbh_ioreq.c ****   *         Sends the Bulk Packet to the device
 180:Middlewares/ST/STM32_USB_Host_Library/Core/Src/usbh_ioreq.c ****   * @param  phost: Host Handle
 181:Middlewares/ST/STM32_USB_Host_Library/Core/Src/usbh_ioreq.c ****   * @param  buff: Buffer pointer from which the Data will be sent to Device
 182:Middlewares/ST/STM32_USB_Host_Library/Core/Src/usbh_ioreq.c ****   * @param  length: Length of the data to be sent
 183:Middlewares/ST/STM32_USB_Host_Library/Core/Src/usbh_ioreq.c ****   * @param  pipe_num: Pipe Number
 184:Middlewares/ST/STM32_USB_Host_Library/Core/Src/usbh_ioreq.c ****   * @retval USBH Status
 185:Middlewares/ST/STM32_USB_Host_Library/Core/Src/usbh_ioreq.c ****   */
 186:Middlewares/ST/STM32_USB_Host_Library/Core/Src/usbh_ioreq.c **** USBH_StatusTypeDef USBH_BulkSendData (USBH_HandleTypeDef *phost, 
 187:Middlewares/ST/STM32_USB_Host_Library/Core/Src/usbh_ioreq.c ****                                 uint8_t *buff, 
 188:Middlewares/ST/STM32_USB_Host_Library/Core/Src/usbh_ioreq.c ****                                 uint16_t length,
 189:Middlewares/ST/STM32_USB_Host_Library/Core/Src/usbh_ioreq.c ****                                 uint8_t pipe_num,
 190:Middlewares/ST/STM32_USB_Host_Library/Core/Src/usbh_ioreq.c ****                                 uint8_t do_ping )
 191:Middlewares/ST/STM32_USB_Host_Library/Core/Src/usbh_ioreq.c **** { 
 180              		.loc 1 191 0
 181              		.cfi_startproc
 182              		@ args = 4, pretend = 0, frame = 0
 183              		@ frame_needed = 0, uses_anonymous_args = 0
 184              	.LVL16:
 185 0000 30B5     		push	{r4, r5, lr}
 186              	.LCFI9:
 187              		.cfi_def_cfa_offset 12
 188              		.cfi_offset 4, -12
 189              		.cfi_offset 5, -8
 190              		.cfi_offset 14, -4
 191 0002 85B0     		sub	sp, sp, #20
 192              	.LCFI10:
 193              		.cfi_def_cfa_offset 32
 194 0004 0C46     		mov	r4, r1
 195 0006 1946     		mov	r1, r3
 196              	.LVL17:
 197 0008 9DF82030 		ldrb	r3, [sp, #32]	@ zero_extendqisi2
 198              	.LVL18:
 192:Middlewares/ST/STM32_USB_Host_Library/Core/Src/usbh_ioreq.c ****   if(phost->device.speed != USBH_SPEED_HIGH)
 199              		.loc 1 192 0
 200 000c 90F81D53 		ldrb	r5, [r0, #797]	@ zero_extendqisi2
 201 0010 05B1     		cbz	r5, .L10
 193:Middlewares/ST/STM32_USB_Host_Library/Core/Src/usbh_ioreq.c ****   {
 194:Middlewares/ST/STM32_USB_Host_Library/Core/Src/usbh_ioreq.c ****     do_ping = 0;
 202              		.loc 1 194 0
 203 0012 0023     		movs	r3, #0
 204              	.L10:
 205              	.LVL19:
 195:Middlewares/ST/STM32_USB_Host_Library/Core/Src/usbh_ioreq.c ****   }
 196:Middlewares/ST/STM32_USB_Host_Library/Core/Src/usbh_ioreq.c ****   
 197:Middlewares/ST/STM32_USB_Host_Library/Core/Src/usbh_ioreq.c ****   USBH_LL_SubmitURB (phost,                     /* Driver handle    */
 206              		.loc 1 197 0
 207 0014 0393     		str	r3, [sp, #12]
 208 0016 0292     		str	r2, [sp, #8]
 209 0018 0194     		str	r4, [sp, #4]
ARM GAS  /tmp/ccUG0Y0E.s 			page 8


 210 001a 0123     		movs	r3, #1
 211              	.LVL20:
 212 001c 0093     		str	r3, [sp]
 213 001e 0223     		movs	r3, #2
 214 0020 0022     		movs	r2, #0
 215              	.LVL21:
 216 0022 FFF7FEFF 		bl	USBH_LL_SubmitURB
 217              	.LVL22:
 198:Middlewares/ST/STM32_USB_Host_Library/Core/Src/usbh_ioreq.c ****                           pipe_num,             /* Pipe index       */
 199:Middlewares/ST/STM32_USB_Host_Library/Core/Src/usbh_ioreq.c ****                           0,                    /* Direction : IN   */
 200:Middlewares/ST/STM32_USB_Host_Library/Core/Src/usbh_ioreq.c ****                           USBH_EP_BULK,         /* EP type          */                          
 201:Middlewares/ST/STM32_USB_Host_Library/Core/Src/usbh_ioreq.c ****                           USBH_PID_DATA,        /* Type Data        */
 202:Middlewares/ST/STM32_USB_Host_Library/Core/Src/usbh_ioreq.c ****                           buff,                 /* data buffer      */
 203:Middlewares/ST/STM32_USB_Host_Library/Core/Src/usbh_ioreq.c ****                           length,               /* data length      */  
 204:Middlewares/ST/STM32_USB_Host_Library/Core/Src/usbh_ioreq.c ****                           do_ping);             /* do ping (HS Only)*/
 205:Middlewares/ST/STM32_USB_Host_Library/Core/Src/usbh_ioreq.c ****   return USBH_OK;
 206:Middlewares/ST/STM32_USB_Host_Library/Core/Src/usbh_ioreq.c **** }
 218              		.loc 1 206 0
 219 0026 0020     		movs	r0, #0
 220 0028 05B0     		add	sp, sp, #20
 221              	.LCFI11:
 222              		.cfi_def_cfa_offset 12
 223              		@ sp needed
 224 002a 30BD     		pop	{r4, r5, pc}
 225              		.cfi_endproc
 226              	.LFE127:
 228              		.section	.text.USBH_BulkReceiveData,"ax",%progbits
 229              		.align	2
 230              		.global	USBH_BulkReceiveData
 231              		.thumb
 232              		.thumb_func
 234              	USBH_BulkReceiveData:
 235              	.LFB128:
 207:Middlewares/ST/STM32_USB_Host_Library/Core/Src/usbh_ioreq.c **** 
 208:Middlewares/ST/STM32_USB_Host_Library/Core/Src/usbh_ioreq.c **** 
 209:Middlewares/ST/STM32_USB_Host_Library/Core/Src/usbh_ioreq.c **** /**
 210:Middlewares/ST/STM32_USB_Host_Library/Core/Src/usbh_ioreq.c ****   * @brief  USBH_BulkReceiveData
 211:Middlewares/ST/STM32_USB_Host_Library/Core/Src/usbh_ioreq.c ****   *         Receives IN bulk packet from device
 212:Middlewares/ST/STM32_USB_Host_Library/Core/Src/usbh_ioreq.c ****   * @param  phost: Host Handle
 213:Middlewares/ST/STM32_USB_Host_Library/Core/Src/usbh_ioreq.c ****   * @param  buff: Buffer pointer in which the received data packet to be copied
 214:Middlewares/ST/STM32_USB_Host_Library/Core/Src/usbh_ioreq.c ****   * @param  length: Length of the data to be received
 215:Middlewares/ST/STM32_USB_Host_Library/Core/Src/usbh_ioreq.c ****   * @param  pipe_num: Pipe Number
 216:Middlewares/ST/STM32_USB_Host_Library/Core/Src/usbh_ioreq.c ****   * @retval USBH Status. 
 217:Middlewares/ST/STM32_USB_Host_Library/Core/Src/usbh_ioreq.c ****   */
 218:Middlewares/ST/STM32_USB_Host_Library/Core/Src/usbh_ioreq.c **** USBH_StatusTypeDef USBH_BulkReceiveData(USBH_HandleTypeDef *phost, 
 219:Middlewares/ST/STM32_USB_Host_Library/Core/Src/usbh_ioreq.c ****                                 uint8_t *buff, 
 220:Middlewares/ST/STM32_USB_Host_Library/Core/Src/usbh_ioreq.c ****                                 uint16_t length,
 221:Middlewares/ST/STM32_USB_Host_Library/Core/Src/usbh_ioreq.c ****                                 uint8_t pipe_num)
 222:Middlewares/ST/STM32_USB_Host_Library/Core/Src/usbh_ioreq.c **** {
 236              		.loc 1 222 0
 237              		.cfi_startproc
 238              		@ args = 0, pretend = 0, frame = 0
 239              		@ frame_needed = 0, uses_anonymous_args = 0
 240              	.LVL23:
 241 0000 30B5     		push	{r4, r5, lr}
 242              	.LCFI12:
 243              		.cfi_def_cfa_offset 12
ARM GAS  /tmp/ccUG0Y0E.s 			page 9


 244              		.cfi_offset 4, -12
 245              		.cfi_offset 5, -8
 246              		.cfi_offset 14, -4
 247 0002 85B0     		sub	sp, sp, #20
 248              	.LCFI13:
 249              		.cfi_def_cfa_offset 32
 250 0004 1D46     		mov	r5, r3
 223:Middlewares/ST/STM32_USB_Host_Library/Core/Src/usbh_ioreq.c ****   USBH_LL_SubmitURB (phost,                     /* Driver handle    */
 251              		.loc 1 223 0
 252 0006 0024     		movs	r4, #0
 253 0008 0394     		str	r4, [sp, #12]
 254 000a 0292     		str	r2, [sp, #8]
 255 000c 0191     		str	r1, [sp, #4]
 256 000e 0122     		movs	r2, #1
 257              	.LVL24:
 258 0010 0092     		str	r2, [sp]
 259 0012 0223     		movs	r3, #2
 260              	.LVL25:
 261 0014 2946     		mov	r1, r5
 262              	.LVL26:
 263 0016 FFF7FEFF 		bl	USBH_LL_SubmitURB
 264              	.LVL27:
 224:Middlewares/ST/STM32_USB_Host_Library/Core/Src/usbh_ioreq.c ****                           pipe_num,             /* Pipe index       */
 225:Middlewares/ST/STM32_USB_Host_Library/Core/Src/usbh_ioreq.c ****                           1,                    /* Direction : IN   */
 226:Middlewares/ST/STM32_USB_Host_Library/Core/Src/usbh_ioreq.c ****                           USBH_EP_BULK,         /* EP type          */                          
 227:Middlewares/ST/STM32_USB_Host_Library/Core/Src/usbh_ioreq.c ****                           USBH_PID_DATA,        /* Type Data        */
 228:Middlewares/ST/STM32_USB_Host_Library/Core/Src/usbh_ioreq.c ****                           buff,                 /* data buffer      */
 229:Middlewares/ST/STM32_USB_Host_Library/Core/Src/usbh_ioreq.c ****                           length,               /* data length      */  
 230:Middlewares/ST/STM32_USB_Host_Library/Core/Src/usbh_ioreq.c ****                           0);
 231:Middlewares/ST/STM32_USB_Host_Library/Core/Src/usbh_ioreq.c ****   return USBH_OK;
 232:Middlewares/ST/STM32_USB_Host_Library/Core/Src/usbh_ioreq.c **** }
 265              		.loc 1 232 0
 266 001a 2046     		mov	r0, r4
 267 001c 05B0     		add	sp, sp, #20
 268              	.LCFI14:
 269              		.cfi_def_cfa_offset 12
 270              		@ sp needed
 271 001e 30BD     		pop	{r4, r5, pc}
 272              		.cfi_endproc
 273              	.LFE128:
 275              		.section	.text.USBH_InterruptReceiveData,"ax",%progbits
 276              		.align	2
 277              		.global	USBH_InterruptReceiveData
 278              		.thumb
 279              		.thumb_func
 281              	USBH_InterruptReceiveData:
 282              	.LFB129:
 233:Middlewares/ST/STM32_USB_Host_Library/Core/Src/usbh_ioreq.c **** 
 234:Middlewares/ST/STM32_USB_Host_Library/Core/Src/usbh_ioreq.c **** 
 235:Middlewares/ST/STM32_USB_Host_Library/Core/Src/usbh_ioreq.c **** /**
 236:Middlewares/ST/STM32_USB_Host_Library/Core/Src/usbh_ioreq.c ****   * @brief  USBH_InterruptReceiveData
 237:Middlewares/ST/STM32_USB_Host_Library/Core/Src/usbh_ioreq.c ****   *         Receives the Device Response to the Interrupt IN token
 238:Middlewares/ST/STM32_USB_Host_Library/Core/Src/usbh_ioreq.c ****   * @param  phost: Host Handle
 239:Middlewares/ST/STM32_USB_Host_Library/Core/Src/usbh_ioreq.c ****   * @param  buff: Buffer pointer in which the response needs to be copied
 240:Middlewares/ST/STM32_USB_Host_Library/Core/Src/usbh_ioreq.c ****   * @param  length: Length of the data to be received
 241:Middlewares/ST/STM32_USB_Host_Library/Core/Src/usbh_ioreq.c ****   * @param  pipe_num: Pipe Number
 242:Middlewares/ST/STM32_USB_Host_Library/Core/Src/usbh_ioreq.c ****   * @retval USBH Status. 
ARM GAS  /tmp/ccUG0Y0E.s 			page 10


 243:Middlewares/ST/STM32_USB_Host_Library/Core/Src/usbh_ioreq.c ****   */
 244:Middlewares/ST/STM32_USB_Host_Library/Core/Src/usbh_ioreq.c **** USBH_StatusTypeDef USBH_InterruptReceiveData(USBH_HandleTypeDef *phost, 
 245:Middlewares/ST/STM32_USB_Host_Library/Core/Src/usbh_ioreq.c ****                                 uint8_t *buff, 
 246:Middlewares/ST/STM32_USB_Host_Library/Core/Src/usbh_ioreq.c ****                                 uint8_t length,
 247:Middlewares/ST/STM32_USB_Host_Library/Core/Src/usbh_ioreq.c ****                                 uint8_t pipe_num)
 248:Middlewares/ST/STM32_USB_Host_Library/Core/Src/usbh_ioreq.c **** {
 283              		.loc 1 248 0
 284              		.cfi_startproc
 285              		@ args = 0, pretend = 0, frame = 0
 286              		@ frame_needed = 0, uses_anonymous_args = 0
 287              	.LVL28:
 288 0000 30B5     		push	{r4, r5, lr}
 289              	.LCFI15:
 290              		.cfi_def_cfa_offset 12
 291              		.cfi_offset 4, -12
 292              		.cfi_offset 5, -8
 293              		.cfi_offset 14, -4
 294 0002 85B0     		sub	sp, sp, #20
 295              	.LCFI16:
 296              		.cfi_def_cfa_offset 32
 297 0004 1D46     		mov	r5, r3
 249:Middlewares/ST/STM32_USB_Host_Library/Core/Src/usbh_ioreq.c ****   USBH_LL_SubmitURB (phost,                     /* Driver handle    */
 298              		.loc 1 249 0
 299 0006 0024     		movs	r4, #0
 300 0008 0394     		str	r4, [sp, #12]
 301 000a 0292     		str	r2, [sp, #8]
 302 000c 0191     		str	r1, [sp, #4]
 303 000e 0122     		movs	r2, #1
 304              	.LVL29:
 305 0010 0092     		str	r2, [sp]
 306 0012 0323     		movs	r3, #3
 307              	.LVL30:
 308 0014 2946     		mov	r1, r5
 309              	.LVL31:
 310 0016 FFF7FEFF 		bl	USBH_LL_SubmitURB
 311              	.LVL32:
 250:Middlewares/ST/STM32_USB_Host_Library/Core/Src/usbh_ioreq.c ****                           pipe_num,             /* Pipe index       */
 251:Middlewares/ST/STM32_USB_Host_Library/Core/Src/usbh_ioreq.c ****                           1,                    /* Direction : IN   */
 252:Middlewares/ST/STM32_USB_Host_Library/Core/Src/usbh_ioreq.c ****                           USBH_EP_INTERRUPT,    /* EP type          */                          
 253:Middlewares/ST/STM32_USB_Host_Library/Core/Src/usbh_ioreq.c ****                           USBH_PID_DATA,        /* Type Data        */
 254:Middlewares/ST/STM32_USB_Host_Library/Core/Src/usbh_ioreq.c ****                           buff,                 /* data buffer      */
 255:Middlewares/ST/STM32_USB_Host_Library/Core/Src/usbh_ioreq.c ****                           length,               /* data length      */  
 256:Middlewares/ST/STM32_USB_Host_Library/Core/Src/usbh_ioreq.c ****                           0); 
 257:Middlewares/ST/STM32_USB_Host_Library/Core/Src/usbh_ioreq.c ****   
 258:Middlewares/ST/STM32_USB_Host_Library/Core/Src/usbh_ioreq.c ****   return USBH_OK;
 259:Middlewares/ST/STM32_USB_Host_Library/Core/Src/usbh_ioreq.c **** }
 312              		.loc 1 259 0
 313 001a 2046     		mov	r0, r4
 314 001c 05B0     		add	sp, sp, #20
 315              	.LCFI17:
 316              		.cfi_def_cfa_offset 12
 317              		@ sp needed
 318 001e 30BD     		pop	{r4, r5, pc}
 319              		.cfi_endproc
 320              	.LFE129:
 322              		.section	.text.USBH_InterruptSendData,"ax",%progbits
 323              		.align	2
ARM GAS  /tmp/ccUG0Y0E.s 			page 11


 324              		.global	USBH_InterruptSendData
 325              		.thumb
 326              		.thumb_func
 328              	USBH_InterruptSendData:
 329              	.LFB130:
 260:Middlewares/ST/STM32_USB_Host_Library/Core/Src/usbh_ioreq.c **** 
 261:Middlewares/ST/STM32_USB_Host_Library/Core/Src/usbh_ioreq.c **** /**
 262:Middlewares/ST/STM32_USB_Host_Library/Core/Src/usbh_ioreq.c ****   * @brief  USBH_InterruptSendData
 263:Middlewares/ST/STM32_USB_Host_Library/Core/Src/usbh_ioreq.c ****   *         Sends the data on Interrupt OUT Endpoint
 264:Middlewares/ST/STM32_USB_Host_Library/Core/Src/usbh_ioreq.c ****   * @param  phost: Host Handle
 265:Middlewares/ST/STM32_USB_Host_Library/Core/Src/usbh_ioreq.c ****   * @param  buff: Buffer pointer from where the data needs to be copied
 266:Middlewares/ST/STM32_USB_Host_Library/Core/Src/usbh_ioreq.c ****   * @param  length: Length of the data to be sent
 267:Middlewares/ST/STM32_USB_Host_Library/Core/Src/usbh_ioreq.c ****   * @param  pipe_num: Pipe Number
 268:Middlewares/ST/STM32_USB_Host_Library/Core/Src/usbh_ioreq.c ****   * @retval USBH Status. 
 269:Middlewares/ST/STM32_USB_Host_Library/Core/Src/usbh_ioreq.c ****   */
 270:Middlewares/ST/STM32_USB_Host_Library/Core/Src/usbh_ioreq.c **** USBH_StatusTypeDef USBH_InterruptSendData(USBH_HandleTypeDef *phost, 
 271:Middlewares/ST/STM32_USB_Host_Library/Core/Src/usbh_ioreq.c ****                                 uint8_t *buff, 
 272:Middlewares/ST/STM32_USB_Host_Library/Core/Src/usbh_ioreq.c ****                                 uint8_t length,
 273:Middlewares/ST/STM32_USB_Host_Library/Core/Src/usbh_ioreq.c ****                                 uint8_t pipe_num)
 274:Middlewares/ST/STM32_USB_Host_Library/Core/Src/usbh_ioreq.c **** {
 330              		.loc 1 274 0
 331              		.cfi_startproc
 332              		@ args = 0, pretend = 0, frame = 0
 333              		@ frame_needed = 0, uses_anonymous_args = 0
 334              	.LVL33:
 335 0000 30B5     		push	{r4, r5, lr}
 336              	.LCFI18:
 337              		.cfi_def_cfa_offset 12
 338              		.cfi_offset 4, -12
 339              		.cfi_offset 5, -8
 340              		.cfi_offset 14, -4
 341 0002 85B0     		sub	sp, sp, #20
 342              	.LCFI19:
 343              		.cfi_def_cfa_offset 32
 344 0004 1D46     		mov	r5, r3
 275:Middlewares/ST/STM32_USB_Host_Library/Core/Src/usbh_ioreq.c ****   USBH_LL_SubmitURB (phost,                     /* Driver handle    */
 345              		.loc 1 275 0
 346 0006 0024     		movs	r4, #0
 347 0008 0394     		str	r4, [sp, #12]
 348 000a 0292     		str	r2, [sp, #8]
 349 000c 0191     		str	r1, [sp, #4]
 350 000e 0123     		movs	r3, #1
 351              	.LVL34:
 352 0010 0093     		str	r3, [sp]
 353 0012 0323     		movs	r3, #3
 354 0014 2246     		mov	r2, r4
 355              	.LVL35:
 356 0016 2946     		mov	r1, r5
 357              	.LVL36:
 358 0018 FFF7FEFF 		bl	USBH_LL_SubmitURB
 359              	.LVL37:
 276:Middlewares/ST/STM32_USB_Host_Library/Core/Src/usbh_ioreq.c ****                           pipe_num,             /* Pipe index       */
 277:Middlewares/ST/STM32_USB_Host_Library/Core/Src/usbh_ioreq.c ****                           0,                    /* Direction : OUT   */
 278:Middlewares/ST/STM32_USB_Host_Library/Core/Src/usbh_ioreq.c ****                           USBH_EP_INTERRUPT,    /* EP type          */                          
 279:Middlewares/ST/STM32_USB_Host_Library/Core/Src/usbh_ioreq.c ****                           USBH_PID_DATA,        /* Type Data        */
 280:Middlewares/ST/STM32_USB_Host_Library/Core/Src/usbh_ioreq.c ****                           buff,                 /* data buffer      */
 281:Middlewares/ST/STM32_USB_Host_Library/Core/Src/usbh_ioreq.c ****                           length,               /* data length      */  
ARM GAS  /tmp/ccUG0Y0E.s 			page 12


 282:Middlewares/ST/STM32_USB_Host_Library/Core/Src/usbh_ioreq.c ****                           0);  
 283:Middlewares/ST/STM32_USB_Host_Library/Core/Src/usbh_ioreq.c ****   
 284:Middlewares/ST/STM32_USB_Host_Library/Core/Src/usbh_ioreq.c ****   return USBH_OK;
 285:Middlewares/ST/STM32_USB_Host_Library/Core/Src/usbh_ioreq.c **** }
 360              		.loc 1 285 0
 361 001c 2046     		mov	r0, r4
 362 001e 05B0     		add	sp, sp, #20
 363              	.LCFI20:
 364              		.cfi_def_cfa_offset 12
 365              		@ sp needed
 366 0020 30BD     		pop	{r4, r5, pc}
 367              		.cfi_endproc
 368              	.LFE130:
 370 0022 00BF     		.section	.text.USBH_IsocReceiveData,"ax",%progbits
 371              		.align	2
 372              		.global	USBH_IsocReceiveData
 373              		.thumb
 374              		.thumb_func
 376              	USBH_IsocReceiveData:
 377              	.LFB131:
 286:Middlewares/ST/STM32_USB_Host_Library/Core/Src/usbh_ioreq.c **** 
 287:Middlewares/ST/STM32_USB_Host_Library/Core/Src/usbh_ioreq.c **** /**
 288:Middlewares/ST/STM32_USB_Host_Library/Core/Src/usbh_ioreq.c ****   * @brief  USBH_IsocReceiveData
 289:Middlewares/ST/STM32_USB_Host_Library/Core/Src/usbh_ioreq.c ****   *         Receives the Device Response to the Isochronous IN token
 290:Middlewares/ST/STM32_USB_Host_Library/Core/Src/usbh_ioreq.c ****   * @param  phost: Host Handle
 291:Middlewares/ST/STM32_USB_Host_Library/Core/Src/usbh_ioreq.c ****   * @param  buff: Buffer pointer in which the response needs to be copied
 292:Middlewares/ST/STM32_USB_Host_Library/Core/Src/usbh_ioreq.c ****   * @param  length: Length of the data to be received
 293:Middlewares/ST/STM32_USB_Host_Library/Core/Src/usbh_ioreq.c ****   * @param  pipe_num: Pipe Number
 294:Middlewares/ST/STM32_USB_Host_Library/Core/Src/usbh_ioreq.c ****   * @retval USBH Status. 
 295:Middlewares/ST/STM32_USB_Host_Library/Core/Src/usbh_ioreq.c ****   */
 296:Middlewares/ST/STM32_USB_Host_Library/Core/Src/usbh_ioreq.c **** USBH_StatusTypeDef USBH_IsocReceiveData(USBH_HandleTypeDef *phost, 
 297:Middlewares/ST/STM32_USB_Host_Library/Core/Src/usbh_ioreq.c ****                                 uint8_t *buff, 
 298:Middlewares/ST/STM32_USB_Host_Library/Core/Src/usbh_ioreq.c ****                                 uint32_t length,
 299:Middlewares/ST/STM32_USB_Host_Library/Core/Src/usbh_ioreq.c ****                                 uint8_t pipe_num)
 300:Middlewares/ST/STM32_USB_Host_Library/Core/Src/usbh_ioreq.c **** {    
 378              		.loc 1 300 0
 379              		.cfi_startproc
 380              		@ args = 0, pretend = 0, frame = 0
 381              		@ frame_needed = 0, uses_anonymous_args = 0
 382              	.LVL38:
 383 0000 30B5     		push	{r4, r5, lr}
 384              	.LCFI21:
 385              		.cfi_def_cfa_offset 12
 386              		.cfi_offset 4, -12
 387              		.cfi_offset 5, -8
 388              		.cfi_offset 14, -4
 389 0002 85B0     		sub	sp, sp, #20
 390              	.LCFI22:
 391              		.cfi_def_cfa_offset 32
 392 0004 1D46     		mov	r5, r3
 301:Middlewares/ST/STM32_USB_Host_Library/Core/Src/usbh_ioreq.c ****   USBH_LL_SubmitURB (phost,                     /* Driver handle    */
 393              		.loc 1 301 0
 394 0006 0024     		movs	r4, #0
 395 0008 0394     		str	r4, [sp, #12]
 396 000a 92B2     		uxth	r2, r2
 397              	.LVL39:
 398 000c 0292     		str	r2, [sp, #8]
ARM GAS  /tmp/ccUG0Y0E.s 			page 13


 399 000e 0191     		str	r1, [sp, #4]
 400 0010 0122     		movs	r2, #1
 401 0012 0092     		str	r2, [sp]
 402 0014 1346     		mov	r3, r2
 403              	.LVL40:
 404 0016 2946     		mov	r1, r5
 405              	.LVL41:
 406 0018 FFF7FEFF 		bl	USBH_LL_SubmitURB
 407              	.LVL42:
 302:Middlewares/ST/STM32_USB_Host_Library/Core/Src/usbh_ioreq.c ****                           pipe_num,             /* Pipe index       */
 303:Middlewares/ST/STM32_USB_Host_Library/Core/Src/usbh_ioreq.c ****                           1,                    /* Direction : IN   */
 304:Middlewares/ST/STM32_USB_Host_Library/Core/Src/usbh_ioreq.c ****                           USBH_EP_ISO,          /* EP type          */                          
 305:Middlewares/ST/STM32_USB_Host_Library/Core/Src/usbh_ioreq.c ****                           USBH_PID_DATA,        /* Type Data        */
 306:Middlewares/ST/STM32_USB_Host_Library/Core/Src/usbh_ioreq.c ****                           buff,                 /* data buffer      */
 307:Middlewares/ST/STM32_USB_Host_Library/Core/Src/usbh_ioreq.c ****                           length,               /* data length      */
 308:Middlewares/ST/STM32_USB_Host_Library/Core/Src/usbh_ioreq.c ****                           0);
 309:Middlewares/ST/STM32_USB_Host_Library/Core/Src/usbh_ioreq.c **** 
 310:Middlewares/ST/STM32_USB_Host_Library/Core/Src/usbh_ioreq.c ****   
 311:Middlewares/ST/STM32_USB_Host_Library/Core/Src/usbh_ioreq.c ****   return USBH_OK;
 312:Middlewares/ST/STM32_USB_Host_Library/Core/Src/usbh_ioreq.c **** }
 408              		.loc 1 312 0
 409 001c 2046     		mov	r0, r4
 410 001e 05B0     		add	sp, sp, #20
 411              	.LCFI23:
 412              		.cfi_def_cfa_offset 12
 413              		@ sp needed
 414 0020 30BD     		pop	{r4, r5, pc}
 415              		.cfi_endproc
 416              	.LFE131:
 418 0022 00BF     		.section	.text.USBH_IsocSendData,"ax",%progbits
 419              		.align	2
 420              		.global	USBH_IsocSendData
 421              		.thumb
 422              		.thumb_func
 424              	USBH_IsocSendData:
 425              	.LFB132:
 313:Middlewares/ST/STM32_USB_Host_Library/Core/Src/usbh_ioreq.c **** 
 314:Middlewares/ST/STM32_USB_Host_Library/Core/Src/usbh_ioreq.c **** /**
 315:Middlewares/ST/STM32_USB_Host_Library/Core/Src/usbh_ioreq.c ****   * @brief  USBH_IsocSendData
 316:Middlewares/ST/STM32_USB_Host_Library/Core/Src/usbh_ioreq.c ****   *         Sends the data on Isochronous OUT Endpoint
 317:Middlewares/ST/STM32_USB_Host_Library/Core/Src/usbh_ioreq.c ****   * @param  phost: Host Handle
 318:Middlewares/ST/STM32_USB_Host_Library/Core/Src/usbh_ioreq.c ****   * @param  buff: Buffer pointer from where the data needs to be copied
 319:Middlewares/ST/STM32_USB_Host_Library/Core/Src/usbh_ioreq.c ****   * @param  length: Length of the data to be sent
 320:Middlewares/ST/STM32_USB_Host_Library/Core/Src/usbh_ioreq.c ****   * @param  pipe_num: Pipe Number
 321:Middlewares/ST/STM32_USB_Host_Library/Core/Src/usbh_ioreq.c ****   * @retval USBH Status. 
 322:Middlewares/ST/STM32_USB_Host_Library/Core/Src/usbh_ioreq.c ****   */
 323:Middlewares/ST/STM32_USB_Host_Library/Core/Src/usbh_ioreq.c **** USBH_StatusTypeDef USBH_IsocSendData(USBH_HandleTypeDef *phost, 
 324:Middlewares/ST/STM32_USB_Host_Library/Core/Src/usbh_ioreq.c ****                                 uint8_t *buff, 
 325:Middlewares/ST/STM32_USB_Host_Library/Core/Src/usbh_ioreq.c ****                                 uint32_t length,
 326:Middlewares/ST/STM32_USB_Host_Library/Core/Src/usbh_ioreq.c ****                                 uint8_t pipe_num)
 327:Middlewares/ST/STM32_USB_Host_Library/Core/Src/usbh_ioreq.c **** {
 426              		.loc 1 327 0
 427              		.cfi_startproc
 428              		@ args = 0, pretend = 0, frame = 0
 429              		@ frame_needed = 0, uses_anonymous_args = 0
 430              	.LVL43:
 431 0000 30B5     		push	{r4, r5, lr}
ARM GAS  /tmp/ccUG0Y0E.s 			page 14


 432              	.LCFI24:
 433              		.cfi_def_cfa_offset 12
 434              		.cfi_offset 4, -12
 435              		.cfi_offset 5, -8
 436              		.cfi_offset 14, -4
 437 0002 85B0     		sub	sp, sp, #20
 438              	.LCFI25:
 439              		.cfi_def_cfa_offset 32
 440 0004 1D46     		mov	r5, r3
 328:Middlewares/ST/STM32_USB_Host_Library/Core/Src/usbh_ioreq.c ****   USBH_LL_SubmitURB (phost,                     /* Driver handle    */
 441              		.loc 1 328 0
 442 0006 0024     		movs	r4, #0
 443 0008 0394     		str	r4, [sp, #12]
 444 000a 92B2     		uxth	r2, r2
 445              	.LVL44:
 446 000c 0292     		str	r2, [sp, #8]
 447 000e 0191     		str	r1, [sp, #4]
 448 0010 0123     		movs	r3, #1
 449              	.LVL45:
 450 0012 0093     		str	r3, [sp]
 451 0014 2246     		mov	r2, r4
 452 0016 2946     		mov	r1, r5
 453              	.LVL46:
 454 0018 FFF7FEFF 		bl	USBH_LL_SubmitURB
 455              	.LVL47:
 329:Middlewares/ST/STM32_USB_Host_Library/Core/Src/usbh_ioreq.c ****                           pipe_num,             /* Pipe index       */
 330:Middlewares/ST/STM32_USB_Host_Library/Core/Src/usbh_ioreq.c ****                           0,                    /* Direction : OUT   */
 331:Middlewares/ST/STM32_USB_Host_Library/Core/Src/usbh_ioreq.c ****                           USBH_EP_ISO,          /* EP type          */                          
 332:Middlewares/ST/STM32_USB_Host_Library/Core/Src/usbh_ioreq.c ****                           USBH_PID_DATA,        /* Type Data        */
 333:Middlewares/ST/STM32_USB_Host_Library/Core/Src/usbh_ioreq.c ****                           buff,                 /* data buffer      */
 334:Middlewares/ST/STM32_USB_Host_Library/Core/Src/usbh_ioreq.c ****                           length,               /* data length      */ 
 335:Middlewares/ST/STM32_USB_Host_Library/Core/Src/usbh_ioreq.c ****                           0);
 336:Middlewares/ST/STM32_USB_Host_Library/Core/Src/usbh_ioreq.c ****   
 337:Middlewares/ST/STM32_USB_Host_Library/Core/Src/usbh_ioreq.c ****   return USBH_OK;
 338:Middlewares/ST/STM32_USB_Host_Library/Core/Src/usbh_ioreq.c **** }
 456              		.loc 1 338 0
 457 001c 2046     		mov	r0, r4
 458 001e 05B0     		add	sp, sp, #20
 459              	.LCFI26:
 460              		.cfi_def_cfa_offset 12
 461              		@ sp needed
 462 0020 30BD     		pop	{r4, r5, pc}
 463              		.cfi_endproc
 464              	.LFE132:
 466 0022 00BF     		.text
 467              	.Letext0:
 468              		.file 2 "/home/ada/Downloads/gcc-arm-none-eabi-5_4-2016q3/arm-none-eabi/include/machine/_default_t
 469              		.file 3 "/home/ada/Downloads/gcc-arm-none-eabi-5_4-2016q3/arm-none-eabi/include/sys/_stdint.h"
 470              		.file 4 "Middlewares/ST/STM32_USB_Host_Library/Core/Inc/usbh_def.h"
 471              		.file 5 "Drivers/CMSIS/Include/core_cm4.h"
 472              		.file 6 "Middlewares/ST/STM32_USB_Host_Library/Core/Inc/usbh_core.h"
ARM GAS  /tmp/ccUG0Y0E.s 			page 15


DEFINED SYMBOLS
                            *ABS*:00000000 usbh_ioreq.c
     /tmp/ccUG0Y0E.s:22     .text.USBH_CtlSendSetup:00000000 $t
     /tmp/ccUG0Y0E.s:27     .text.USBH_CtlSendSetup:00000000 USBH_CtlSendSetup
     /tmp/ccUG0Y0E.s:70     .text.USBH_CtlSendData:00000000 $t
     /tmp/ccUG0Y0E.s:75     .text.USBH_CtlSendData:00000000 USBH_CtlSendData
     /tmp/ccUG0Y0E.s:126    .text.USBH_CtlReceiveData:00000000 $t
     /tmp/ccUG0Y0E.s:131    .text.USBH_CtlReceiveData:00000000 USBH_CtlReceiveData
     /tmp/ccUG0Y0E.s:173    .text.USBH_BulkSendData:00000000 $t
     /tmp/ccUG0Y0E.s:178    .text.USBH_BulkSendData:00000000 USBH_BulkSendData
     /tmp/ccUG0Y0E.s:229    .text.USBH_BulkReceiveData:00000000 $t
     /tmp/ccUG0Y0E.s:234    .text.USBH_BulkReceiveData:00000000 USBH_BulkReceiveData
     /tmp/ccUG0Y0E.s:276    .text.USBH_InterruptReceiveData:00000000 $t
     /tmp/ccUG0Y0E.s:281    .text.USBH_InterruptReceiveData:00000000 USBH_InterruptReceiveData
     /tmp/ccUG0Y0E.s:323    .text.USBH_InterruptSendData:00000000 $t
     /tmp/ccUG0Y0E.s:328    .text.USBH_InterruptSendData:00000000 USBH_InterruptSendData
     /tmp/ccUG0Y0E.s:371    .text.USBH_IsocReceiveData:00000000 $t
     /tmp/ccUG0Y0E.s:376    .text.USBH_IsocReceiveData:00000000 USBH_IsocReceiveData
     /tmp/ccUG0Y0E.s:419    .text.USBH_IsocSendData:00000000 $t
     /tmp/ccUG0Y0E.s:424    .text.USBH_IsocSendData:00000000 USBH_IsocSendData
                     .debug_frame:00000010 $d

UNDEFINED SYMBOLS
USBH_LL_SubmitURB
