ARM GAS  /tmp/ccI3FUGg.s 			page 1


   1              		.syntax unified
   2              		.cpu cortex-m4
   3              		.eabi_attribute 27, 1
   4              		.eabi_attribute 28, 1
   5              		.fpu fpv4-sp-d16
   6              		.eabi_attribute 20, 1
   7              		.eabi_attribute 21, 1
   8              		.eabi_attribute 23, 3
   9              		.eabi_attribute 24, 1
  10              		.eabi_attribute 25, 1
  11              		.eabi_attribute 26, 1
  12              		.eabi_attribute 30, 1
  13              		.eabi_attribute 34, 1
  14              		.eabi_attribute 18, 4
  15              		.thumb
  16              		.syntax unified
  17              		.file	"usbh_msc_scsi.c"
  18              		.text
  19              	.Ltext0:
  20              		.cfi_sections	.debug_frame
  21              		.section	.text.USBH_MSC_SCSI_TestUnitReady,"ax",%progbits
  22              		.align	2
  23              		.global	USBH_MSC_SCSI_TestUnitReady
  24              		.thumb
  25              		.thumb_func
  27              	USBH_MSC_SCSI_TestUnitReady:
  28              	.LFB124:
  29              		.file 1 "Middlewares/ST/STM32_USB_Host_Library/Class/MSC/Src/usbh_msc_scsi.c"
   1:Middlewares/ST/STM32_USB_Host_Library/Class/MSC/Src/usbh_msc_scsi.c **** /**
   2:Middlewares/ST/STM32_USB_Host_Library/Class/MSC/Src/usbh_msc_scsi.c ****   ******************************************************************************
   3:Middlewares/ST/STM32_USB_Host_Library/Class/MSC/Src/usbh_msc_scsi.c ****   * @file    usbh_msc_scsi.c 
   4:Middlewares/ST/STM32_USB_Host_Library/Class/MSC/Src/usbh_msc_scsi.c ****   * @author  MCD Application Team
   5:Middlewares/ST/STM32_USB_Host_Library/Class/MSC/Src/usbh_msc_scsi.c ****   * @version V3.2.2
   6:Middlewares/ST/STM32_USB_Host_Library/Class/MSC/Src/usbh_msc_scsi.c ****   * @date    07-July-2015
   7:Middlewares/ST/STM32_USB_Host_Library/Class/MSC/Src/usbh_msc_scsi.c ****   * @brief   This file implements the SCSI commands
   8:Middlewares/ST/STM32_USB_Host_Library/Class/MSC/Src/usbh_msc_scsi.c ****   ******************************************************************************
   9:Middlewares/ST/STM32_USB_Host_Library/Class/MSC/Src/usbh_msc_scsi.c ****   * @attention
  10:Middlewares/ST/STM32_USB_Host_Library/Class/MSC/Src/usbh_msc_scsi.c ****   *
  11:Middlewares/ST/STM32_USB_Host_Library/Class/MSC/Src/usbh_msc_scsi.c ****   * <h2><center>&copy; COPYRIGHT 2015 STMicroelectronics</center></h2>
  12:Middlewares/ST/STM32_USB_Host_Library/Class/MSC/Src/usbh_msc_scsi.c ****   *
  13:Middlewares/ST/STM32_USB_Host_Library/Class/MSC/Src/usbh_msc_scsi.c ****   * Licensed under MCD-ST Liberty SW License Agreement V2, (the "License");
  14:Middlewares/ST/STM32_USB_Host_Library/Class/MSC/Src/usbh_msc_scsi.c ****   * You may not use this file except in compliance with the License.
  15:Middlewares/ST/STM32_USB_Host_Library/Class/MSC/Src/usbh_msc_scsi.c ****   * You may obtain a copy of the License at:
  16:Middlewares/ST/STM32_USB_Host_Library/Class/MSC/Src/usbh_msc_scsi.c ****   *
  17:Middlewares/ST/STM32_USB_Host_Library/Class/MSC/Src/usbh_msc_scsi.c ****   *        http://www.st.com/software_license_agreement_liberty_v2
  18:Middlewares/ST/STM32_USB_Host_Library/Class/MSC/Src/usbh_msc_scsi.c ****   *
  19:Middlewares/ST/STM32_USB_Host_Library/Class/MSC/Src/usbh_msc_scsi.c ****   * Unless required by applicable law or agreed to in writing, software 
  20:Middlewares/ST/STM32_USB_Host_Library/Class/MSC/Src/usbh_msc_scsi.c ****   * distributed under the License is distributed on an "AS IS" BASIS, 
  21:Middlewares/ST/STM32_USB_Host_Library/Class/MSC/Src/usbh_msc_scsi.c ****   * WITHOUT WARRANTIES OR CONDITIONS OF ANY KIND, either express or implied.
  22:Middlewares/ST/STM32_USB_Host_Library/Class/MSC/Src/usbh_msc_scsi.c ****   * See the License for the specific language governing permissions and
  23:Middlewares/ST/STM32_USB_Host_Library/Class/MSC/Src/usbh_msc_scsi.c ****   * limitations under the License.
  24:Middlewares/ST/STM32_USB_Host_Library/Class/MSC/Src/usbh_msc_scsi.c ****   *
  25:Middlewares/ST/STM32_USB_Host_Library/Class/MSC/Src/usbh_msc_scsi.c ****   ******************************************************************************
  26:Middlewares/ST/STM32_USB_Host_Library/Class/MSC/Src/usbh_msc_scsi.c ****   */ 
  27:Middlewares/ST/STM32_USB_Host_Library/Class/MSC/Src/usbh_msc_scsi.c **** 
  28:Middlewares/ST/STM32_USB_Host_Library/Class/MSC/Src/usbh_msc_scsi.c **** /* Includes ------------------------------------------------------------------*/
  29:Middlewares/ST/STM32_USB_Host_Library/Class/MSC/Src/usbh_msc_scsi.c **** #include "usbh_msc.h"
ARM GAS  /tmp/ccI3FUGg.s 			page 2


  30:Middlewares/ST/STM32_USB_Host_Library/Class/MSC/Src/usbh_msc_scsi.c **** #include "usbh_msc_scsi.h"
  31:Middlewares/ST/STM32_USB_Host_Library/Class/MSC/Src/usbh_msc_scsi.c **** #include "usbh_msc_bot.h"
  32:Middlewares/ST/STM32_USB_Host_Library/Class/MSC/Src/usbh_msc_scsi.c **** 
  33:Middlewares/ST/STM32_USB_Host_Library/Class/MSC/Src/usbh_msc_scsi.c **** 
  34:Middlewares/ST/STM32_USB_Host_Library/Class/MSC/Src/usbh_msc_scsi.c **** /** @addtogroup USBH_LIB
  35:Middlewares/ST/STM32_USB_Host_Library/Class/MSC/Src/usbh_msc_scsi.c ****   * @{
  36:Middlewares/ST/STM32_USB_Host_Library/Class/MSC/Src/usbh_msc_scsi.c ****   */
  37:Middlewares/ST/STM32_USB_Host_Library/Class/MSC/Src/usbh_msc_scsi.c **** 
  38:Middlewares/ST/STM32_USB_Host_Library/Class/MSC/Src/usbh_msc_scsi.c **** /** @addtogroup USBH_CLASS
  39:Middlewares/ST/STM32_USB_Host_Library/Class/MSC/Src/usbh_msc_scsi.c ****   * @{
  40:Middlewares/ST/STM32_USB_Host_Library/Class/MSC/Src/usbh_msc_scsi.c ****   */
  41:Middlewares/ST/STM32_USB_Host_Library/Class/MSC/Src/usbh_msc_scsi.c **** 
  42:Middlewares/ST/STM32_USB_Host_Library/Class/MSC/Src/usbh_msc_scsi.c **** /** @addtogroup USBH_MSC_CLASS
  43:Middlewares/ST/STM32_USB_Host_Library/Class/MSC/Src/usbh_msc_scsi.c ****   * @{
  44:Middlewares/ST/STM32_USB_Host_Library/Class/MSC/Src/usbh_msc_scsi.c ****   */
  45:Middlewares/ST/STM32_USB_Host_Library/Class/MSC/Src/usbh_msc_scsi.c ****   
  46:Middlewares/ST/STM32_USB_Host_Library/Class/MSC/Src/usbh_msc_scsi.c **** /** @defgroup USBH_MSC_SCSI 
  47:Middlewares/ST/STM32_USB_Host_Library/Class/MSC/Src/usbh_msc_scsi.c ****   * @brief    This file includes the mass storage related functions
  48:Middlewares/ST/STM32_USB_Host_Library/Class/MSC/Src/usbh_msc_scsi.c ****   * @{
  49:Middlewares/ST/STM32_USB_Host_Library/Class/MSC/Src/usbh_msc_scsi.c ****   */ 
  50:Middlewares/ST/STM32_USB_Host_Library/Class/MSC/Src/usbh_msc_scsi.c **** 
  51:Middlewares/ST/STM32_USB_Host_Library/Class/MSC/Src/usbh_msc_scsi.c **** 
  52:Middlewares/ST/STM32_USB_Host_Library/Class/MSC/Src/usbh_msc_scsi.c **** /** @defgroup USBH_MSC_SCSI_Private_TypesDefinitions
  53:Middlewares/ST/STM32_USB_Host_Library/Class/MSC/Src/usbh_msc_scsi.c ****   * @{
  54:Middlewares/ST/STM32_USB_Host_Library/Class/MSC/Src/usbh_msc_scsi.c ****   */ 
  55:Middlewares/ST/STM32_USB_Host_Library/Class/MSC/Src/usbh_msc_scsi.c **** 
  56:Middlewares/ST/STM32_USB_Host_Library/Class/MSC/Src/usbh_msc_scsi.c **** /**
  57:Middlewares/ST/STM32_USB_Host_Library/Class/MSC/Src/usbh_msc_scsi.c ****   * @}
  58:Middlewares/ST/STM32_USB_Host_Library/Class/MSC/Src/usbh_msc_scsi.c ****   */ 
  59:Middlewares/ST/STM32_USB_Host_Library/Class/MSC/Src/usbh_msc_scsi.c **** 
  60:Middlewares/ST/STM32_USB_Host_Library/Class/MSC/Src/usbh_msc_scsi.c **** /** @defgroup USBH_MSC_SCSI_Private_Defines
  61:Middlewares/ST/STM32_USB_Host_Library/Class/MSC/Src/usbh_msc_scsi.c ****   * @{
  62:Middlewares/ST/STM32_USB_Host_Library/Class/MSC/Src/usbh_msc_scsi.c ****   */ 
  63:Middlewares/ST/STM32_USB_Host_Library/Class/MSC/Src/usbh_msc_scsi.c **** /**
  64:Middlewares/ST/STM32_USB_Host_Library/Class/MSC/Src/usbh_msc_scsi.c ****   * @}
  65:Middlewares/ST/STM32_USB_Host_Library/Class/MSC/Src/usbh_msc_scsi.c ****   */ 
  66:Middlewares/ST/STM32_USB_Host_Library/Class/MSC/Src/usbh_msc_scsi.c **** 
  67:Middlewares/ST/STM32_USB_Host_Library/Class/MSC/Src/usbh_msc_scsi.c **** /** @defgroup USBH_MSC_SCSI_Private_Macros
  68:Middlewares/ST/STM32_USB_Host_Library/Class/MSC/Src/usbh_msc_scsi.c ****   * @{
  69:Middlewares/ST/STM32_USB_Host_Library/Class/MSC/Src/usbh_msc_scsi.c ****   */ 
  70:Middlewares/ST/STM32_USB_Host_Library/Class/MSC/Src/usbh_msc_scsi.c **** /**
  71:Middlewares/ST/STM32_USB_Host_Library/Class/MSC/Src/usbh_msc_scsi.c ****   * @}
  72:Middlewares/ST/STM32_USB_Host_Library/Class/MSC/Src/usbh_msc_scsi.c ****   */ 
  73:Middlewares/ST/STM32_USB_Host_Library/Class/MSC/Src/usbh_msc_scsi.c **** 
  74:Middlewares/ST/STM32_USB_Host_Library/Class/MSC/Src/usbh_msc_scsi.c **** 
  75:Middlewares/ST/STM32_USB_Host_Library/Class/MSC/Src/usbh_msc_scsi.c **** /** @defgroup USBH_MSC_SCSI_Private_FunctionPrototypes
  76:Middlewares/ST/STM32_USB_Host_Library/Class/MSC/Src/usbh_msc_scsi.c ****   * @{
  77:Middlewares/ST/STM32_USB_Host_Library/Class/MSC/Src/usbh_msc_scsi.c ****   */ 
  78:Middlewares/ST/STM32_USB_Host_Library/Class/MSC/Src/usbh_msc_scsi.c **** /**
  79:Middlewares/ST/STM32_USB_Host_Library/Class/MSC/Src/usbh_msc_scsi.c ****   * @}
  80:Middlewares/ST/STM32_USB_Host_Library/Class/MSC/Src/usbh_msc_scsi.c ****   */ 
  81:Middlewares/ST/STM32_USB_Host_Library/Class/MSC/Src/usbh_msc_scsi.c **** 
  82:Middlewares/ST/STM32_USB_Host_Library/Class/MSC/Src/usbh_msc_scsi.c **** 
  83:Middlewares/ST/STM32_USB_Host_Library/Class/MSC/Src/usbh_msc_scsi.c **** /** @defgroup USBH_MSC_SCSI_Exported_Variables
  84:Middlewares/ST/STM32_USB_Host_Library/Class/MSC/Src/usbh_msc_scsi.c ****   * @{
  85:Middlewares/ST/STM32_USB_Host_Library/Class/MSC/Src/usbh_msc_scsi.c ****   */ 
  86:Middlewares/ST/STM32_USB_Host_Library/Class/MSC/Src/usbh_msc_scsi.c **** 
ARM GAS  /tmp/ccI3FUGg.s 			page 3


  87:Middlewares/ST/STM32_USB_Host_Library/Class/MSC/Src/usbh_msc_scsi.c **** /**
  88:Middlewares/ST/STM32_USB_Host_Library/Class/MSC/Src/usbh_msc_scsi.c ****   * @}
  89:Middlewares/ST/STM32_USB_Host_Library/Class/MSC/Src/usbh_msc_scsi.c ****   */ 
  90:Middlewares/ST/STM32_USB_Host_Library/Class/MSC/Src/usbh_msc_scsi.c **** 
  91:Middlewares/ST/STM32_USB_Host_Library/Class/MSC/Src/usbh_msc_scsi.c **** 
  92:Middlewares/ST/STM32_USB_Host_Library/Class/MSC/Src/usbh_msc_scsi.c **** /** @defgroup USBH_MSC_SCSI_Private_Functions
  93:Middlewares/ST/STM32_USB_Host_Library/Class/MSC/Src/usbh_msc_scsi.c ****   * @{
  94:Middlewares/ST/STM32_USB_Host_Library/Class/MSC/Src/usbh_msc_scsi.c ****   */ 
  95:Middlewares/ST/STM32_USB_Host_Library/Class/MSC/Src/usbh_msc_scsi.c **** 
  96:Middlewares/ST/STM32_USB_Host_Library/Class/MSC/Src/usbh_msc_scsi.c **** 
  97:Middlewares/ST/STM32_USB_Host_Library/Class/MSC/Src/usbh_msc_scsi.c **** /**
  98:Middlewares/ST/STM32_USB_Host_Library/Class/MSC/Src/usbh_msc_scsi.c ****   * @brief  USBH_MSC_SCSI_TestUnitReady 
  99:Middlewares/ST/STM32_USB_Host_Library/Class/MSC/Src/usbh_msc_scsi.c ****   *         Issue TestUnitReady command.
 100:Middlewares/ST/STM32_USB_Host_Library/Class/MSC/Src/usbh_msc_scsi.c ****   * @param  phost: Host handle
 101:Middlewares/ST/STM32_USB_Host_Library/Class/MSC/Src/usbh_msc_scsi.c ****   * @param  lun: Logical Unit Number
 102:Middlewares/ST/STM32_USB_Host_Library/Class/MSC/Src/usbh_msc_scsi.c ****   * @retval USBH Status
 103:Middlewares/ST/STM32_USB_Host_Library/Class/MSC/Src/usbh_msc_scsi.c ****   */
 104:Middlewares/ST/STM32_USB_Host_Library/Class/MSC/Src/usbh_msc_scsi.c **** USBH_StatusTypeDef USBH_MSC_SCSI_TestUnitReady (USBH_HandleTypeDef *phost, 
 105:Middlewares/ST/STM32_USB_Host_Library/Class/MSC/Src/usbh_msc_scsi.c ****                                                 uint8_t lun)
 106:Middlewares/ST/STM32_USB_Host_Library/Class/MSC/Src/usbh_msc_scsi.c **** {
  30              		.loc 1 106 0
  31              		.cfi_startproc
  32              		@ args = 0, pretend = 0, frame = 0
  33              		@ frame_needed = 0, uses_anonymous_args = 0
  34              	.LVL0:
  35 0000 08B5     		push	{r3, lr}
  36              	.LCFI0:
  37              		.cfi_def_cfa_offset 8
  38              		.cfi_offset 3, -8
  39              		.cfi_offset 14, -4
  40              	.LVL1:
 107:Middlewares/ST/STM32_USB_Host_Library/Class/MSC/Src/usbh_msc_scsi.c ****   USBH_StatusTypeDef    error = USBH_FAIL ;
 108:Middlewares/ST/STM32_USB_Host_Library/Class/MSC/Src/usbh_msc_scsi.c ****   MSC_HandleTypeDef *MSC_Handle =  (MSC_HandleTypeDef *) phost->pActiveClass->pData;
  41              		.loc 1 108 0
  42 0002 D0F84435 		ldr	r3, [r0, #1348]
  43 0006 DB69     		ldr	r3, [r3, #28]
  44              	.LVL2:
 109:Middlewares/ST/STM32_USB_Host_Library/Class/MSC/Src/usbh_msc_scsi.c ****   
 110:Middlewares/ST/STM32_USB_Host_Library/Class/MSC/Src/usbh_msc_scsi.c ****   switch(MSC_Handle->hbot.cmd_state)
  45              		.loc 1 110 0
  46 0008 93F85220 		ldrb	r2, [r3, #82]	@ zero_extendqisi2
  47 000c 012A     		cmp	r2, #1
  48 000e 02D0     		beq	.L3
  49 0010 022A     		cmp	r2, #2
  50 0012 18D0     		beq	.L4
  51 0014 1AE0     		b	.L6
  52              	.L3:
 111:Middlewares/ST/STM32_USB_Host_Library/Class/MSC/Src/usbh_msc_scsi.c ****   {
 112:Middlewares/ST/STM32_USB_Host_Library/Class/MSC/Src/usbh_msc_scsi.c ****   case BOT_CMD_SEND:  
 113:Middlewares/ST/STM32_USB_Host_Library/Class/MSC/Src/usbh_msc_scsi.c ****     
 114:Middlewares/ST/STM32_USB_Host_Library/Class/MSC/Src/usbh_msc_scsi.c ****     /*Prepare the CBW and relevent field*/
 115:Middlewares/ST/STM32_USB_Host_Library/Class/MSC/Src/usbh_msc_scsi.c ****     MSC_Handle->hbot.cbw.field.DataTransferLength = DATA_LEN_MODE_TEST_UNIT_READY;     
  53              		.loc 1 115 0
  54 0016 0022     		movs	r2, #0
  55 0018 DA65     		str	r2, [r3, #92]
 116:Middlewares/ST/STM32_USB_Host_Library/Class/MSC/Src/usbh_msc_scsi.c ****     MSC_Handle->hbot.cbw.field.Flags = USB_EP_DIR_OUT;
  56              		.loc 1 116 0
ARM GAS  /tmp/ccI3FUGg.s 			page 4


  57 001a 83F86020 		strb	r2, [r3, #96]
 117:Middlewares/ST/STM32_USB_Host_Library/Class/MSC/Src/usbh_msc_scsi.c ****     MSC_Handle->hbot.cbw.field.CBLength = CBW_LENGTH;
  58              		.loc 1 117 0
  59 001e 0A21     		movs	r1, #10
  60              	.LVL3:
  61 0020 83F86210 		strb	r1, [r3, #98]
 118:Middlewares/ST/STM32_USB_Host_Library/Class/MSC/Src/usbh_msc_scsi.c ****     
 119:Middlewares/ST/STM32_USB_Host_Library/Class/MSC/Src/usbh_msc_scsi.c ****     USBH_memset(MSC_Handle->hbot.cbw.field.CB, 0, CBW_CB_LENGTH);
  62              		.loc 1 119 0
  63 0024 C3F86320 		str	r2, [r3, #99]	@ unaligned
  64 0028 C3F86720 		str	r2, [r3, #103]	@ unaligned
  65 002c C3F86B20 		str	r2, [r3, #107]	@ unaligned
  66 0030 C3F86F20 		str	r2, [r3, #111]	@ unaligned
 120:Middlewares/ST/STM32_USB_Host_Library/Class/MSC/Src/usbh_msc_scsi.c ****     MSC_Handle->hbot.cbw.field.CB[0]  = OPCODE_TEST_UNIT_READY; 
  67              		.loc 1 120 0
  68 0034 83F86320 		strb	r2, [r3, #99]
 121:Middlewares/ST/STM32_USB_Host_Library/Class/MSC/Src/usbh_msc_scsi.c ****     
 122:Middlewares/ST/STM32_USB_Host_Library/Class/MSC/Src/usbh_msc_scsi.c ****     MSC_Handle->hbot.state = BOT_SEND_CBW;
  69              		.loc 1 122 0
  70 0038 0120     		movs	r0, #1
  71              	.LVL4:
  72 003a 83F85000 		strb	r0, [r3, #80]
 123:Middlewares/ST/STM32_USB_Host_Library/Class/MSC/Src/usbh_msc_scsi.c ****     MSC_Handle->hbot.cmd_state = BOT_CMD_WAIT;
  73              		.loc 1 123 0
  74 003e 0222     		movs	r2, #2
  75 0040 83F85220 		strb	r2, [r3, #82]
  76              	.LVL5:
 124:Middlewares/ST/STM32_USB_Host_Library/Class/MSC/Src/usbh_msc_scsi.c ****     error = USBH_BUSY; 
 125:Middlewares/ST/STM32_USB_Host_Library/Class/MSC/Src/usbh_msc_scsi.c ****     break;
  77              		.loc 1 125 0
  78 0044 08BD     		pop	{r3, pc}
  79              	.LVL6:
  80              	.L4:
 126:Middlewares/ST/STM32_USB_Host_Library/Class/MSC/Src/usbh_msc_scsi.c ****     
 127:Middlewares/ST/STM32_USB_Host_Library/Class/MSC/Src/usbh_msc_scsi.c ****   case BOT_CMD_WAIT: 
 128:Middlewares/ST/STM32_USB_Host_Library/Class/MSC/Src/usbh_msc_scsi.c ****     error = USBH_MSC_BOT_Process(phost, lun);
  81              		.loc 1 128 0
  82 0046 FFF7FEFF 		bl	USBH_MSC_BOT_Process
  83              	.LVL7:
 129:Middlewares/ST/STM32_USB_Host_Library/Class/MSC/Src/usbh_msc_scsi.c ****     break;
  84              		.loc 1 129 0
  85 004a 08BD     		pop	{r3, pc}
  86              	.LVL8:
  87              	.L6:
 107:Middlewares/ST/STM32_USB_Host_Library/Class/MSC/Src/usbh_msc_scsi.c ****   MSC_HandleTypeDef *MSC_Handle =  (MSC_HandleTypeDef *) phost->pActiveClass->pData;
  88              		.loc 1 107 0
  89 004c 0220     		movs	r0, #2
  90              	.LVL9:
 130:Middlewares/ST/STM32_USB_Host_Library/Class/MSC/Src/usbh_msc_scsi.c ****     
 131:Middlewares/ST/STM32_USB_Host_Library/Class/MSC/Src/usbh_msc_scsi.c ****   default:
 132:Middlewares/ST/STM32_USB_Host_Library/Class/MSC/Src/usbh_msc_scsi.c ****     break;
 133:Middlewares/ST/STM32_USB_Host_Library/Class/MSC/Src/usbh_msc_scsi.c ****   }
 134:Middlewares/ST/STM32_USB_Host_Library/Class/MSC/Src/usbh_msc_scsi.c ****   
 135:Middlewares/ST/STM32_USB_Host_Library/Class/MSC/Src/usbh_msc_scsi.c ****   return error;
 136:Middlewares/ST/STM32_USB_Host_Library/Class/MSC/Src/usbh_msc_scsi.c **** }
  91              		.loc 1 136 0
  92 004e 08BD     		pop	{r3, pc}
ARM GAS  /tmp/ccI3FUGg.s 			page 5


  93              		.cfi_endproc
  94              	.LFE124:
  96              		.section	.text.USBH_MSC_SCSI_ReadCapacity,"ax",%progbits
  97              		.align	2
  98              		.global	USBH_MSC_SCSI_ReadCapacity
  99              		.thumb
 100              		.thumb_func
 102              	USBH_MSC_SCSI_ReadCapacity:
 103              	.LFB125:
 137:Middlewares/ST/STM32_USB_Host_Library/Class/MSC/Src/usbh_msc_scsi.c **** 
 138:Middlewares/ST/STM32_USB_Host_Library/Class/MSC/Src/usbh_msc_scsi.c **** /**
 139:Middlewares/ST/STM32_USB_Host_Library/Class/MSC/Src/usbh_msc_scsi.c ****   * @brief  USBH_MSC_SCSI_ReadCapacity 
 140:Middlewares/ST/STM32_USB_Host_Library/Class/MSC/Src/usbh_msc_scsi.c ****   *         Issue Read Capacity command.
 141:Middlewares/ST/STM32_USB_Host_Library/Class/MSC/Src/usbh_msc_scsi.c ****   * @param  phost: Host handle
 142:Middlewares/ST/STM32_USB_Host_Library/Class/MSC/Src/usbh_msc_scsi.c ****   * @param  lun: Logical Unit Number
 143:Middlewares/ST/STM32_USB_Host_Library/Class/MSC/Src/usbh_msc_scsi.c ****   * @param  capacity: pointer to the capacity structure
 144:Middlewares/ST/STM32_USB_Host_Library/Class/MSC/Src/usbh_msc_scsi.c ****   * @retval USBH Status
 145:Middlewares/ST/STM32_USB_Host_Library/Class/MSC/Src/usbh_msc_scsi.c ****   */
 146:Middlewares/ST/STM32_USB_Host_Library/Class/MSC/Src/usbh_msc_scsi.c **** USBH_StatusTypeDef USBH_MSC_SCSI_ReadCapacity (USBH_HandleTypeDef *phost, 
 147:Middlewares/ST/STM32_USB_Host_Library/Class/MSC/Src/usbh_msc_scsi.c ****                                                uint8_t lun,
 148:Middlewares/ST/STM32_USB_Host_Library/Class/MSC/Src/usbh_msc_scsi.c ****                                                SCSI_CapacityTypeDef *capacity)
 149:Middlewares/ST/STM32_USB_Host_Library/Class/MSC/Src/usbh_msc_scsi.c **** {
 104              		.loc 1 149 0
 105              		.cfi_startproc
 106              		@ args = 0, pretend = 0, frame = 0
 107              		@ frame_needed = 0, uses_anonymous_args = 0
 108              	.LVL10:
 109 0000 38B5     		push	{r3, r4, r5, lr}
 110              	.LCFI1:
 111              		.cfi_def_cfa_offset 16
 112              		.cfi_offset 3, -16
 113              		.cfi_offset 4, -12
 114              		.cfi_offset 5, -8
 115              		.cfi_offset 14, -4
 116              	.LVL11:
 150:Middlewares/ST/STM32_USB_Host_Library/Class/MSC/Src/usbh_msc_scsi.c ****   USBH_StatusTypeDef    error = USBH_BUSY ;
 151:Middlewares/ST/STM32_USB_Host_Library/Class/MSC/Src/usbh_msc_scsi.c ****   MSC_HandleTypeDef *MSC_Handle =  (MSC_HandleTypeDef *) phost->pActiveClass->pData;
 117              		.loc 1 151 0
 118 0002 D0F84435 		ldr	r3, [r0, #1348]
 119 0006 DC69     		ldr	r4, [r3, #28]
 120              	.LVL12:
 152:Middlewares/ST/STM32_USB_Host_Library/Class/MSC/Src/usbh_msc_scsi.c ****   
 153:Middlewares/ST/STM32_USB_Host_Library/Class/MSC/Src/usbh_msc_scsi.c ****   switch(MSC_Handle->hbot.cmd_state)
 121              		.loc 1 153 0
 122 0008 94F85230 		ldrb	r3, [r4, #82]	@ zero_extendqisi2
 123 000c 012B     		cmp	r3, #1
 124 000e 02D0     		beq	.L10
 125 0010 022B     		cmp	r3, #2
 126 0012 1FD0     		beq	.L11
 127 0014 38E0     		b	.L13
 128              	.L10:
 154:Middlewares/ST/STM32_USB_Host_Library/Class/MSC/Src/usbh_msc_scsi.c ****   {
 155:Middlewares/ST/STM32_USB_Host_Library/Class/MSC/Src/usbh_msc_scsi.c ****   case BOT_CMD_SEND:  
 156:Middlewares/ST/STM32_USB_Host_Library/Class/MSC/Src/usbh_msc_scsi.c ****     
 157:Middlewares/ST/STM32_USB_Host_Library/Class/MSC/Src/usbh_msc_scsi.c ****     /*Prepare the CBW and relevent field*/
 158:Middlewares/ST/STM32_USB_Host_Library/Class/MSC/Src/usbh_msc_scsi.c ****     MSC_Handle->hbot.cbw.field.DataTransferLength = DATA_LEN_READ_CAPACITY10;
 129              		.loc 1 158 0
ARM GAS  /tmp/ccI3FUGg.s 			page 6


 130 0016 0823     		movs	r3, #8
 131 0018 E365     		str	r3, [r4, #92]
 159:Middlewares/ST/STM32_USB_Host_Library/Class/MSC/Src/usbh_msc_scsi.c ****     MSC_Handle->hbot.cbw.field.Flags = USB_EP_DIR_IN;
 132              		.loc 1 159 0
 133 001a 8023     		movs	r3, #128
 134 001c 84F86030 		strb	r3, [r4, #96]
 160:Middlewares/ST/STM32_USB_Host_Library/Class/MSC/Src/usbh_msc_scsi.c ****     MSC_Handle->hbot.cbw.field.CBLength = CBW_LENGTH;
 135              		.loc 1 160 0
 136 0020 0A23     		movs	r3, #10
 137 0022 84F86230 		strb	r3, [r4, #98]
 161:Middlewares/ST/STM32_USB_Host_Library/Class/MSC/Src/usbh_msc_scsi.c ****     
 162:Middlewares/ST/STM32_USB_Host_Library/Class/MSC/Src/usbh_msc_scsi.c ****     USBH_memset(MSC_Handle->hbot.cbw.field.CB, 0, CBW_CB_LENGTH);
 138              		.loc 1 162 0
 139 0026 0023     		movs	r3, #0
 140 0028 C4F86330 		str	r3, [r4, #99]	@ unaligned
 141 002c C4F86730 		str	r3, [r4, #103]	@ unaligned
 142 0030 C4F86B30 		str	r3, [r4, #107]	@ unaligned
 143 0034 C4F86F30 		str	r3, [r4, #111]	@ unaligned
 163:Middlewares/ST/STM32_USB_Host_Library/Class/MSC/Src/usbh_msc_scsi.c ****     MSC_Handle->hbot.cbw.field.CB[0]  = OPCODE_READ_CAPACITY10; 
 144              		.loc 1 163 0
 145 0038 2523     		movs	r3, #37
 146 003a 84F86330 		strb	r3, [r4, #99]
 164:Middlewares/ST/STM32_USB_Host_Library/Class/MSC/Src/usbh_msc_scsi.c ****     
 165:Middlewares/ST/STM32_USB_Host_Library/Class/MSC/Src/usbh_msc_scsi.c ****     MSC_Handle->hbot.state = BOT_SEND_CBW;
 147              		.loc 1 165 0
 148 003e 0123     		movs	r3, #1
 149 0040 84F85030 		strb	r3, [r4, #80]
 166:Middlewares/ST/STM32_USB_Host_Library/Class/MSC/Src/usbh_msc_scsi.c ****     
 167:Middlewares/ST/STM32_USB_Host_Library/Class/MSC/Src/usbh_msc_scsi.c ****     MSC_Handle->hbot.cmd_state = BOT_CMD_WAIT;
 150              		.loc 1 167 0
 151 0044 0222     		movs	r2, #2
 152              	.LVL13:
 153 0046 84F85220 		strb	r2, [r4, #82]
 168:Middlewares/ST/STM32_USB_Host_Library/Class/MSC/Src/usbh_msc_scsi.c ****     MSC_Handle->hbot.pbuf = (uint8_t *)MSC_Handle->hbot.data;
 154              		.loc 1 168 0
 155 004a 04F11002 		add	r2, r4, #16
 156 004e C4F88C20 		str	r2, [r4, #140]
 169:Middlewares/ST/STM32_USB_Host_Library/Class/MSC/Src/usbh_msc_scsi.c ****     error = USBH_BUSY; 
 170:Middlewares/ST/STM32_USB_Host_Library/Class/MSC/Src/usbh_msc_scsi.c ****     break;
 157              		.loc 1 170 0
 158 0052 1AE0     		b	.L9
 159              	.LVL14:
 160              	.L11:
 161 0054 1546     		mov	r5, r2
 171:Middlewares/ST/STM32_USB_Host_Library/Class/MSC/Src/usbh_msc_scsi.c ****     
 172:Middlewares/ST/STM32_USB_Host_Library/Class/MSC/Src/usbh_msc_scsi.c ****   case BOT_CMD_WAIT: 
 173:Middlewares/ST/STM32_USB_Host_Library/Class/MSC/Src/usbh_msc_scsi.c ****     
 174:Middlewares/ST/STM32_USB_Host_Library/Class/MSC/Src/usbh_msc_scsi.c ****     error = USBH_MSC_BOT_Process(phost, lun);
 162              		.loc 1 174 0
 163 0056 FFF7FEFF 		bl	USBH_MSC_BOT_Process
 164              	.LVL15:
 175:Middlewares/ST/STM32_USB_Host_Library/Class/MSC/Src/usbh_msc_scsi.c ****     
 176:Middlewares/ST/STM32_USB_Host_Library/Class/MSC/Src/usbh_msc_scsi.c ****     if(error == USBH_OK)
 165              		.loc 1 176 0
 166 005a 0346     		mov	r3, r0
 167 005c A8B9     		cbnz	r0, .L9
 177:Middlewares/ST/STM32_USB_Host_Library/Class/MSC/Src/usbh_msc_scsi.c ****     {
ARM GAS  /tmp/ccI3FUGg.s 			page 7


 178:Middlewares/ST/STM32_USB_Host_Library/Class/MSC/Src/usbh_msc_scsi.c ****       /*assign the capacity*/
 179:Middlewares/ST/STM32_USB_Host_Library/Class/MSC/Src/usbh_msc_scsi.c ****       capacity->block_nbr = MSC_Handle->hbot.pbuf[3] | (MSC_Handle->hbot.pbuf[2] << 8) |\
 168              		.loc 1 179 0
 169 005e D4F88C10 		ldr	r1, [r4, #140]
 170 0062 CA78     		ldrb	r2, [r1, #3]	@ zero_extendqisi2
 171 0064 8878     		ldrb	r0, [r1, #2]	@ zero_extendqisi2
 172              	.LVL16:
 173 0066 42EA0022 		orr	r2, r2, r0, lsl #8
 180:Middlewares/ST/STM32_USB_Host_Library/Class/MSC/Src/usbh_msc_scsi.c ****                            (MSC_Handle->hbot.pbuf[1] << 16) | (MSC_Handle->hbot.pbuf[0] << 24);
 174              		.loc 1 180 0
 175 006a 4878     		ldrb	r0, [r1, #1]	@ zero_extendqisi2
 179:Middlewares/ST/STM32_USB_Host_Library/Class/MSC/Src/usbh_msc_scsi.c ****                            (MSC_Handle->hbot.pbuf[1] << 16) | (MSC_Handle->hbot.pbuf[0] << 24);
 176              		.loc 1 179 0
 177 006c 42EA0042 		orr	r2, r2, r0, lsl #16
 178              		.loc 1 180 0
 179 0070 0978     		ldrb	r1, [r1]	@ zero_extendqisi2
 180 0072 42EA0162 		orr	r2, r2, r1, lsl #24
 179:Middlewares/ST/STM32_USB_Host_Library/Class/MSC/Src/usbh_msc_scsi.c ****                            (MSC_Handle->hbot.pbuf[1] << 16) | (MSC_Handle->hbot.pbuf[0] << 24);
 181              		.loc 1 179 0
 182 0076 2A60     		str	r2, [r5]
 181:Middlewares/ST/STM32_USB_Host_Library/Class/MSC/Src/usbh_msc_scsi.c **** 
 182:Middlewares/ST/STM32_USB_Host_Library/Class/MSC/Src/usbh_msc_scsi.c ****       /*assign the page length*/
 183:Middlewares/ST/STM32_USB_Host_Library/Class/MSC/Src/usbh_msc_scsi.c ****       capacity->block_size = MSC_Handle->hbot.pbuf[7] | (MSC_Handle->hbot.pbuf[6] << 8); 
 183              		.loc 1 183 0
 184 0078 D4F88C10 		ldr	r1, [r4, #140]
 185 007c CA79     		ldrb	r2, [r1, #7]	@ zero_extendqisi2
 186 007e 8979     		ldrb	r1, [r1, #6]	@ zero_extendqisi2
 187 0080 42EA0122 		orr	r2, r2, r1, lsl #8
 188 0084 AA80     		strh	r2, [r5, #4]	@ movhi
 189 0086 00E0     		b	.L9
 190              	.LVL17:
 191              	.L13:
 150:Middlewares/ST/STM32_USB_Host_Library/Class/MSC/Src/usbh_msc_scsi.c ****   MSC_HandleTypeDef *MSC_Handle =  (MSC_HandleTypeDef *) phost->pActiveClass->pData;
 192              		.loc 1 150 0
 193 0088 0123     		movs	r3, #1
 194              	.LVL18:
 195              	.L9:
 184:Middlewares/ST/STM32_USB_Host_Library/Class/MSC/Src/usbh_msc_scsi.c ****     }
 185:Middlewares/ST/STM32_USB_Host_Library/Class/MSC/Src/usbh_msc_scsi.c ****     break;
 186:Middlewares/ST/STM32_USB_Host_Library/Class/MSC/Src/usbh_msc_scsi.c ****     
 187:Middlewares/ST/STM32_USB_Host_Library/Class/MSC/Src/usbh_msc_scsi.c ****   default:
 188:Middlewares/ST/STM32_USB_Host_Library/Class/MSC/Src/usbh_msc_scsi.c ****     break;
 189:Middlewares/ST/STM32_USB_Host_Library/Class/MSC/Src/usbh_msc_scsi.c ****   }
 190:Middlewares/ST/STM32_USB_Host_Library/Class/MSC/Src/usbh_msc_scsi.c ****   
 191:Middlewares/ST/STM32_USB_Host_Library/Class/MSC/Src/usbh_msc_scsi.c ****   return error;
 192:Middlewares/ST/STM32_USB_Host_Library/Class/MSC/Src/usbh_msc_scsi.c **** }
 196              		.loc 1 192 0
 197 008a 1846     		mov	r0, r3
 198 008c 38BD     		pop	{r3, r4, r5, pc}
 199              		.cfi_endproc
 200              	.LFE125:
 202 008e 00BF     		.section	.text.USBH_MSC_SCSI_Inquiry,"ax",%progbits
 203              		.align	2
 204              		.global	USBH_MSC_SCSI_Inquiry
 205              		.thumb
 206              		.thumb_func
 208              	USBH_MSC_SCSI_Inquiry:
ARM GAS  /tmp/ccI3FUGg.s 			page 8


 209              	.LFB126:
 193:Middlewares/ST/STM32_USB_Host_Library/Class/MSC/Src/usbh_msc_scsi.c **** 
 194:Middlewares/ST/STM32_USB_Host_Library/Class/MSC/Src/usbh_msc_scsi.c **** /**
 195:Middlewares/ST/STM32_USB_Host_Library/Class/MSC/Src/usbh_msc_scsi.c ****   * @brief  USBH_MSC_SCSI_Inquiry 
 196:Middlewares/ST/STM32_USB_Host_Library/Class/MSC/Src/usbh_msc_scsi.c ****   *         Issue Inquiry command.
 197:Middlewares/ST/STM32_USB_Host_Library/Class/MSC/Src/usbh_msc_scsi.c ****   * @param  phost: Host handle
 198:Middlewares/ST/STM32_USB_Host_Library/Class/MSC/Src/usbh_msc_scsi.c ****   * @param  lun: Logical Unit Number
 199:Middlewares/ST/STM32_USB_Host_Library/Class/MSC/Src/usbh_msc_scsi.c ****   * @param  capacity: pointer to the inquiry structure
 200:Middlewares/ST/STM32_USB_Host_Library/Class/MSC/Src/usbh_msc_scsi.c ****   * @retval USBH Status
 201:Middlewares/ST/STM32_USB_Host_Library/Class/MSC/Src/usbh_msc_scsi.c ****   */
 202:Middlewares/ST/STM32_USB_Host_Library/Class/MSC/Src/usbh_msc_scsi.c **** USBH_StatusTypeDef USBH_MSC_SCSI_Inquiry (USBH_HandleTypeDef *phost, 
 203:Middlewares/ST/STM32_USB_Host_Library/Class/MSC/Src/usbh_msc_scsi.c ****                                                uint8_t lun, 
 204:Middlewares/ST/STM32_USB_Host_Library/Class/MSC/Src/usbh_msc_scsi.c ****                                                SCSI_StdInquiryDataTypeDef *inquiry)
 205:Middlewares/ST/STM32_USB_Host_Library/Class/MSC/Src/usbh_msc_scsi.c **** {
 210              		.loc 1 205 0
 211              		.cfi_startproc
 212              		@ args = 0, pretend = 0, frame = 0
 213              		@ frame_needed = 0, uses_anonymous_args = 0
 214              	.LVL19:
 215 0000 F8B5     		push	{r3, r4, r5, r6, r7, lr}
 216              	.LCFI2:
 217              		.cfi_def_cfa_offset 24
 218              		.cfi_offset 3, -24
 219              		.cfi_offset 4, -20
 220              		.cfi_offset 5, -16
 221              		.cfi_offset 6, -12
 222              		.cfi_offset 7, -8
 223              		.cfi_offset 14, -4
 224              	.LVL20:
 206:Middlewares/ST/STM32_USB_Host_Library/Class/MSC/Src/usbh_msc_scsi.c ****   USBH_StatusTypeDef    error = USBH_FAIL ;
 207:Middlewares/ST/STM32_USB_Host_Library/Class/MSC/Src/usbh_msc_scsi.c ****   MSC_HandleTypeDef *MSC_Handle =  (MSC_HandleTypeDef *) phost->pActiveClass->pData;
 225              		.loc 1 207 0
 226 0002 D0F84435 		ldr	r3, [r0, #1348]
 227 0006 DC69     		ldr	r4, [r3, #28]
 228              	.LVL21:
 208:Middlewares/ST/STM32_USB_Host_Library/Class/MSC/Src/usbh_msc_scsi.c ****   switch(MSC_Handle->hbot.cmd_state)
 229              		.loc 1 208 0
 230 0008 94F85230 		ldrb	r3, [r4, #82]	@ zero_extendqisi2
 231 000c 012B     		cmp	r3, #1
 232 000e 02D0     		beq	.L17
 233 0010 022B     		cmp	r3, #2
 234 0012 26D0     		beq	.L18
 235 0014 59E0     		b	.L20
 236              	.L17:
 209:Middlewares/ST/STM32_USB_Host_Library/Class/MSC/Src/usbh_msc_scsi.c ****   {
 210:Middlewares/ST/STM32_USB_Host_Library/Class/MSC/Src/usbh_msc_scsi.c ****   case BOT_CMD_SEND:  
 211:Middlewares/ST/STM32_USB_Host_Library/Class/MSC/Src/usbh_msc_scsi.c ****     
 212:Middlewares/ST/STM32_USB_Host_Library/Class/MSC/Src/usbh_msc_scsi.c ****     /*Prepare the CBW and relevent field*/
 213:Middlewares/ST/STM32_USB_Host_Library/Class/MSC/Src/usbh_msc_scsi.c ****     MSC_Handle->hbot.cbw.field.DataTransferLength = DATA_LEN_INQUIRY;
 237              		.loc 1 213 0
 238 0016 2422     		movs	r2, #36
 239              	.LVL22:
 240 0018 E265     		str	r2, [r4, #92]
 214:Middlewares/ST/STM32_USB_Host_Library/Class/MSC/Src/usbh_msc_scsi.c ****     MSC_Handle->hbot.cbw.field.Flags = USB_EP_DIR_IN;
 241              		.loc 1 214 0
 242 001a 8023     		movs	r3, #128
 243 001c 84F86030 		strb	r3, [r4, #96]
ARM GAS  /tmp/ccI3FUGg.s 			page 9


 215:Middlewares/ST/STM32_USB_Host_Library/Class/MSC/Src/usbh_msc_scsi.c ****     MSC_Handle->hbot.cbw.field.CBLength = CBW_LENGTH;
 244              		.loc 1 215 0
 245 0020 0A23     		movs	r3, #10
 246 0022 84F86230 		strb	r3, [r4, #98]
 216:Middlewares/ST/STM32_USB_Host_Library/Class/MSC/Src/usbh_msc_scsi.c ****     
 217:Middlewares/ST/STM32_USB_Host_Library/Class/MSC/Src/usbh_msc_scsi.c ****     USBH_memset(MSC_Handle->hbot.cbw.field.CB, 0, CBW_LENGTH);
 247              		.loc 1 217 0
 248 0026 0023     		movs	r3, #0
 249 0028 C4F86730 		str	r3, [r4, #103]	@ unaligned
 250 002c A4F86B30 		strh	r3, [r4, #107]	@ unaligned
 218:Middlewares/ST/STM32_USB_Host_Library/Class/MSC/Src/usbh_msc_scsi.c ****     MSC_Handle->hbot.cbw.field.CB[0]  = OPCODE_INQUIRY; 
 251              		.loc 1 218 0
 252 0030 1220     		movs	r0, #18
 253              	.LVL23:
 254 0032 84F86300 		strb	r0, [r4, #99]
 219:Middlewares/ST/STM32_USB_Host_Library/Class/MSC/Src/usbh_msc_scsi.c ****     MSC_Handle->hbot.cbw.field.CB[1]  = (lun << 5);    
 255              		.loc 1 219 0
 256 0036 4901     		lsls	r1, r1, #5
 257              	.LVL24:
 258 0038 84F86410 		strb	r1, [r4, #100]
 220:Middlewares/ST/STM32_USB_Host_Library/Class/MSC/Src/usbh_msc_scsi.c ****     MSC_Handle->hbot.cbw.field.CB[2]  = 0;    
 259              		.loc 1 220 0
 260 003c 84F86530 		strb	r3, [r4, #101]
 221:Middlewares/ST/STM32_USB_Host_Library/Class/MSC/Src/usbh_msc_scsi.c ****     MSC_Handle->hbot.cbw.field.CB[3]  = 0;    
 261              		.loc 1 221 0
 262 0040 84F86630 		strb	r3, [r4, #102]
 222:Middlewares/ST/STM32_USB_Host_Library/Class/MSC/Src/usbh_msc_scsi.c ****     MSC_Handle->hbot.cbw.field.CB[4]  = 0x24;    
 263              		.loc 1 222 0
 264 0044 84F86720 		strb	r2, [r4, #103]
 223:Middlewares/ST/STM32_USB_Host_Library/Class/MSC/Src/usbh_msc_scsi.c ****     MSC_Handle->hbot.cbw.field.CB[5]  = 0;    
 265              		.loc 1 223 0
 266 0048 84F86830 		strb	r3, [r4, #104]
 224:Middlewares/ST/STM32_USB_Host_Library/Class/MSC/Src/usbh_msc_scsi.c ****         
 225:Middlewares/ST/STM32_USB_Host_Library/Class/MSC/Src/usbh_msc_scsi.c ****     MSC_Handle->hbot.state = BOT_SEND_CBW;
 267              		.loc 1 225 0
 268 004c 0125     		movs	r5, #1
 269 004e 84F85050 		strb	r5, [r4, #80]
 226:Middlewares/ST/STM32_USB_Host_Library/Class/MSC/Src/usbh_msc_scsi.c **** 
 227:Middlewares/ST/STM32_USB_Host_Library/Class/MSC/Src/usbh_msc_scsi.c ****     MSC_Handle->hbot.cmd_state = BOT_CMD_WAIT;
 270              		.loc 1 227 0
 271 0052 0223     		movs	r3, #2
 272 0054 84F85230 		strb	r3, [r4, #82]
 228:Middlewares/ST/STM32_USB_Host_Library/Class/MSC/Src/usbh_msc_scsi.c ****     MSC_Handle->hbot.pbuf = (uint8_t *)MSC_Handle->hbot.data;
 273              		.loc 1 228 0
 274 0058 04F11003 		add	r3, r4, #16
 275 005c C4F88C30 		str	r3, [r4, #140]
 276              	.LVL25:
 229:Middlewares/ST/STM32_USB_Host_Library/Class/MSC/Src/usbh_msc_scsi.c ****     error = USBH_BUSY; 
 230:Middlewares/ST/STM32_USB_Host_Library/Class/MSC/Src/usbh_msc_scsi.c ****     break;
 277              		.loc 1 230 0
 278 0060 34E0     		b	.L16
 279              	.LVL26:
 280              	.L18:
 281 0062 1646     		mov	r6, r2
 231:Middlewares/ST/STM32_USB_Host_Library/Class/MSC/Src/usbh_msc_scsi.c ****     
 232:Middlewares/ST/STM32_USB_Host_Library/Class/MSC/Src/usbh_msc_scsi.c ****   case BOT_CMD_WAIT: 
 233:Middlewares/ST/STM32_USB_Host_Library/Class/MSC/Src/usbh_msc_scsi.c ****     
ARM GAS  /tmp/ccI3FUGg.s 			page 10


 234:Middlewares/ST/STM32_USB_Host_Library/Class/MSC/Src/usbh_msc_scsi.c ****     error = USBH_MSC_BOT_Process(phost, lun);
 282              		.loc 1 234 0
 283 0064 FFF7FEFF 		bl	USBH_MSC_BOT_Process
 284              	.LVL27:
 235:Middlewares/ST/STM32_USB_Host_Library/Class/MSC/Src/usbh_msc_scsi.c ****     
 236:Middlewares/ST/STM32_USB_Host_Library/Class/MSC/Src/usbh_msc_scsi.c ****     if(error == USBH_OK)
 285              		.loc 1 236 0
 286 0068 0546     		mov	r5, r0
 287 006a 78BB     		cbnz	r0, .L16
 237:Middlewares/ST/STM32_USB_Host_Library/Class/MSC/Src/usbh_msc_scsi.c ****     {
 238:Middlewares/ST/STM32_USB_Host_Library/Class/MSC/Src/usbh_msc_scsi.c ****       USBH_memset(inquiry, 0, sizeof(SCSI_StdInquiryDataTypeDef));
 288              		.loc 1 238 0
 289 006c 2222     		movs	r2, #34
 290 006e 0021     		movs	r1, #0
 291 0070 3046     		mov	r0, r6
 292              	.LVL28:
 293 0072 FFF7FEFF 		bl	memset
 294              	.LVL29:
 239:Middlewares/ST/STM32_USB_Host_Library/Class/MSC/Src/usbh_msc_scsi.c ****       /*assign Inquiry Data */
 240:Middlewares/ST/STM32_USB_Host_Library/Class/MSC/Src/usbh_msc_scsi.c ****       inquiry->DeviceType = MSC_Handle->hbot.pbuf[0] & 0x1F;
 295              		.loc 1 240 0
 296 0076 D4F88C30 		ldr	r3, [r4, #140]
 297 007a 1B78     		ldrb	r3, [r3]	@ zero_extendqisi2
 298 007c 03F01F03 		and	r3, r3, #31
 299 0080 7370     		strb	r3, [r6, #1]
 241:Middlewares/ST/STM32_USB_Host_Library/Class/MSC/Src/usbh_msc_scsi.c ****       inquiry->PeripheralQualifier = MSC_Handle->hbot.pbuf[0] >> 5;  
 300              		.loc 1 241 0
 301 0082 D4F88C30 		ldr	r3, [r4, #140]
 302 0086 1B78     		ldrb	r3, [r3]	@ zero_extendqisi2
 303 0088 5B09     		lsrs	r3, r3, #5
 304 008a 3370     		strb	r3, [r6]
 242:Middlewares/ST/STM32_USB_Host_Library/Class/MSC/Src/usbh_msc_scsi.c ****       inquiry->RemovableMedia = (MSC_Handle->hbot.pbuf[1] & 0x80)== 0x80;
 305              		.loc 1 242 0
 306 008c D4F88C30 		ldr	r3, [r4, #140]
 307 0090 5B78     		ldrb	r3, [r3, #1]	@ zero_extendqisi2
 308 0092 DB09     		lsrs	r3, r3, #7
 309 0094 B370     		strb	r3, [r6, #2]
 243:Middlewares/ST/STM32_USB_Host_Library/Class/MSC/Src/usbh_msc_scsi.c ****       USBH_memcpy (inquiry->vendor_id, &MSC_Handle->hbot.pbuf[8], 8);
 310              		.loc 1 243 0
 311 0096 D4F88C30 		ldr	r3, [r4, #140]
 312 009a 53F8082F 		ldr	r2, [r3, #8]!	@ unaligned
 313 009e 5B68     		ldr	r3, [r3, #4]	@ unaligned
 314 00a0 C6F80320 		str	r2, [r6, #3]	@ unaligned
 315 00a4 C6F80730 		str	r3, [r6, #7]	@ unaligned
 244:Middlewares/ST/STM32_USB_Host_Library/Class/MSC/Src/usbh_msc_scsi.c ****       USBH_memcpy (inquiry->product_id, &MSC_Handle->hbot.pbuf[16], 16);
 316              		.loc 1 244 0
 317 00a8 D4F88C30 		ldr	r3, [r4, #140]
 318 00ac 53F8107F 		ldr	r7, [r3, #16]!	@ unaligned
 319 00b0 5868     		ldr	r0, [r3, #4]	@ unaligned
 320 00b2 9968     		ldr	r1, [r3, #8]	@ unaligned
 321 00b4 DB68     		ldr	r3, [r3, #12]	@ unaligned
 322 00b6 F760     		str	r7, [r6, #12]	@ unaligned
 323 00b8 3061     		str	r0, [r6, #16]	@ unaligned
 324 00ba 7161     		str	r1, [r6, #20]	@ unaligned
 325 00bc B361     		str	r3, [r6, #24]	@ unaligned
 245:Middlewares/ST/STM32_USB_Host_Library/Class/MSC/Src/usbh_msc_scsi.c ****       USBH_memcpy (inquiry->revision_id, &MSC_Handle->hbot.pbuf[32], 4);    
 326              		.loc 1 245 0
ARM GAS  /tmp/ccI3FUGg.s 			page 11


 327 00be D4F88C30 		ldr	r3, [r4, #140]
 328 00c2 1B6A     		ldr	r3, [r3, #32]	@ unaligned
 329 00c4 C6F81D30 		str	r3, [r6, #29]	@ unaligned
 330 00c8 00E0     		b	.L16
 331              	.LVL30:
 332              	.L20:
 206:Middlewares/ST/STM32_USB_Host_Library/Class/MSC/Src/usbh_msc_scsi.c ****   MSC_HandleTypeDef *MSC_Handle =  (MSC_HandleTypeDef *) phost->pActiveClass->pData;
 333              		.loc 1 206 0
 334 00ca 0225     		movs	r5, #2
 335              	.LVL31:
 336              	.L16:
 246:Middlewares/ST/STM32_USB_Host_Library/Class/MSC/Src/usbh_msc_scsi.c ****     }
 247:Middlewares/ST/STM32_USB_Host_Library/Class/MSC/Src/usbh_msc_scsi.c ****     break;
 248:Middlewares/ST/STM32_USB_Host_Library/Class/MSC/Src/usbh_msc_scsi.c ****     
 249:Middlewares/ST/STM32_USB_Host_Library/Class/MSC/Src/usbh_msc_scsi.c ****   default:
 250:Middlewares/ST/STM32_USB_Host_Library/Class/MSC/Src/usbh_msc_scsi.c ****     break;
 251:Middlewares/ST/STM32_USB_Host_Library/Class/MSC/Src/usbh_msc_scsi.c ****   }
 252:Middlewares/ST/STM32_USB_Host_Library/Class/MSC/Src/usbh_msc_scsi.c ****   
 253:Middlewares/ST/STM32_USB_Host_Library/Class/MSC/Src/usbh_msc_scsi.c ****   return error;
 254:Middlewares/ST/STM32_USB_Host_Library/Class/MSC/Src/usbh_msc_scsi.c **** }
 337              		.loc 1 254 0
 338 00cc 2846     		mov	r0, r5
 339 00ce F8BD     		pop	{r3, r4, r5, r6, r7, pc}
 340              		.cfi_endproc
 341              	.LFE126:
 343              		.section	.text.USBH_MSC_SCSI_RequestSense,"ax",%progbits
 344              		.align	2
 345              		.global	USBH_MSC_SCSI_RequestSense
 346              		.thumb
 347              		.thumb_func
 349              	USBH_MSC_SCSI_RequestSense:
 350              	.LFB127:
 255:Middlewares/ST/STM32_USB_Host_Library/Class/MSC/Src/usbh_msc_scsi.c **** 
 256:Middlewares/ST/STM32_USB_Host_Library/Class/MSC/Src/usbh_msc_scsi.c **** /**
 257:Middlewares/ST/STM32_USB_Host_Library/Class/MSC/Src/usbh_msc_scsi.c ****   * @brief  USBH_MSC_SCSI_RequestSense 
 258:Middlewares/ST/STM32_USB_Host_Library/Class/MSC/Src/usbh_msc_scsi.c ****   *         Issue RequestSense command.
 259:Middlewares/ST/STM32_USB_Host_Library/Class/MSC/Src/usbh_msc_scsi.c ****   * @param  phost: Host handle
 260:Middlewares/ST/STM32_USB_Host_Library/Class/MSC/Src/usbh_msc_scsi.c ****   * @param  lun: Logical Unit Number
 261:Middlewares/ST/STM32_USB_Host_Library/Class/MSC/Src/usbh_msc_scsi.c ****   * @param  capacity: pointer to the sense data structure
 262:Middlewares/ST/STM32_USB_Host_Library/Class/MSC/Src/usbh_msc_scsi.c ****   * @retval USBH Status
 263:Middlewares/ST/STM32_USB_Host_Library/Class/MSC/Src/usbh_msc_scsi.c ****   */
 264:Middlewares/ST/STM32_USB_Host_Library/Class/MSC/Src/usbh_msc_scsi.c **** USBH_StatusTypeDef USBH_MSC_SCSI_RequestSense (USBH_HandleTypeDef *phost, 
 265:Middlewares/ST/STM32_USB_Host_Library/Class/MSC/Src/usbh_msc_scsi.c ****                                                uint8_t lun, 
 266:Middlewares/ST/STM32_USB_Host_Library/Class/MSC/Src/usbh_msc_scsi.c ****                                                SCSI_SenseTypeDef *sense_data)
 267:Middlewares/ST/STM32_USB_Host_Library/Class/MSC/Src/usbh_msc_scsi.c **** {
 351              		.loc 1 267 0
 352              		.cfi_startproc
 353              		@ args = 0, pretend = 0, frame = 0
 354              		@ frame_needed = 0, uses_anonymous_args = 0
 355              	.LVL32:
 356 0000 38B5     		push	{r3, r4, r5, lr}
 357              	.LCFI3:
 358              		.cfi_def_cfa_offset 16
 359              		.cfi_offset 3, -16
 360              		.cfi_offset 4, -12
 361              		.cfi_offset 5, -8
 362              		.cfi_offset 14, -4
ARM GAS  /tmp/ccI3FUGg.s 			page 12


 363              	.LVL33:
 268:Middlewares/ST/STM32_USB_Host_Library/Class/MSC/Src/usbh_msc_scsi.c ****   USBH_StatusTypeDef    error = USBH_FAIL ;
 269:Middlewares/ST/STM32_USB_Host_Library/Class/MSC/Src/usbh_msc_scsi.c ****   MSC_HandleTypeDef *MSC_Handle =  (MSC_HandleTypeDef *) phost->pActiveClass->pData;
 364              		.loc 1 269 0
 365 0002 D0F84435 		ldr	r3, [r0, #1348]
 366 0006 DC69     		ldr	r4, [r3, #28]
 367              	.LVL34:
 270:Middlewares/ST/STM32_USB_Host_Library/Class/MSC/Src/usbh_msc_scsi.c ****   
 271:Middlewares/ST/STM32_USB_Host_Library/Class/MSC/Src/usbh_msc_scsi.c ****   switch(MSC_Handle->hbot.cmd_state)
 368              		.loc 1 271 0
 369 0008 94F85230 		ldrb	r3, [r4, #82]	@ zero_extendqisi2
 370 000c 012B     		cmp	r3, #1
 371 000e 02D0     		beq	.L24
 372 0010 022B     		cmp	r3, #2
 373 0012 28D0     		beq	.L25
 374 0014 3BE0     		b	.L27
 375              	.L24:
 272:Middlewares/ST/STM32_USB_Host_Library/Class/MSC/Src/usbh_msc_scsi.c ****   {
 273:Middlewares/ST/STM32_USB_Host_Library/Class/MSC/Src/usbh_msc_scsi.c ****   case BOT_CMD_SEND:  
 274:Middlewares/ST/STM32_USB_Host_Library/Class/MSC/Src/usbh_msc_scsi.c ****     
 275:Middlewares/ST/STM32_USB_Host_Library/Class/MSC/Src/usbh_msc_scsi.c ****     /*Prepare the CBW and relevent field*/
 276:Middlewares/ST/STM32_USB_Host_Library/Class/MSC/Src/usbh_msc_scsi.c ****     MSC_Handle->hbot.cbw.field.DataTransferLength = DATA_LEN_REQUEST_SENSE;
 376              		.loc 1 276 0
 377 0016 0E20     		movs	r0, #14
 378              	.LVL35:
 379 0018 E065     		str	r0, [r4, #92]
 277:Middlewares/ST/STM32_USB_Host_Library/Class/MSC/Src/usbh_msc_scsi.c ****     MSC_Handle->hbot.cbw.field.Flags = USB_EP_DIR_IN;
 380              		.loc 1 277 0
 381 001a 8023     		movs	r3, #128
 382 001c 84F86030 		strb	r3, [r4, #96]
 278:Middlewares/ST/STM32_USB_Host_Library/Class/MSC/Src/usbh_msc_scsi.c ****     MSC_Handle->hbot.cbw.field.CBLength = CBW_LENGTH;
 383              		.loc 1 278 0
 384 0020 0A23     		movs	r3, #10
 385 0022 84F86230 		strb	r3, [r4, #98]
 279:Middlewares/ST/STM32_USB_Host_Library/Class/MSC/Src/usbh_msc_scsi.c ****     
 280:Middlewares/ST/STM32_USB_Host_Library/Class/MSC/Src/usbh_msc_scsi.c ****     USBH_memset(MSC_Handle->hbot.cbw.field.CB, 0, CBW_CB_LENGTH);
 386              		.loc 1 280 0
 387 0026 0023     		movs	r3, #0
 388 0028 C4F86730 		str	r3, [r4, #103]	@ unaligned
 389 002c C4F86B30 		str	r3, [r4, #107]	@ unaligned
 390 0030 C4F86F30 		str	r3, [r4, #111]	@ unaligned
 281:Middlewares/ST/STM32_USB_Host_Library/Class/MSC/Src/usbh_msc_scsi.c ****     MSC_Handle->hbot.cbw.field.CB[0]  = OPCODE_REQUEST_SENSE; 
 391              		.loc 1 281 0
 392 0034 0322     		movs	r2, #3
 393              	.LVL36:
 394 0036 84F86320 		strb	r2, [r4, #99]
 282:Middlewares/ST/STM32_USB_Host_Library/Class/MSC/Src/usbh_msc_scsi.c ****     MSC_Handle->hbot.cbw.field.CB[1]  = (lun << 5); 
 395              		.loc 1 282 0
 396 003a 4901     		lsls	r1, r1, #5
 397              	.LVL37:
 398 003c 84F86410 		strb	r1, [r4, #100]
 283:Middlewares/ST/STM32_USB_Host_Library/Class/MSC/Src/usbh_msc_scsi.c ****     MSC_Handle->hbot.cbw.field.CB[2]  = 0; 
 399              		.loc 1 283 0
 400 0040 84F86530 		strb	r3, [r4, #101]
 284:Middlewares/ST/STM32_USB_Host_Library/Class/MSC/Src/usbh_msc_scsi.c ****     MSC_Handle->hbot.cbw.field.CB[3]  = 0; 
 401              		.loc 1 284 0
 402 0044 84F86630 		strb	r3, [r4, #102]
ARM GAS  /tmp/ccI3FUGg.s 			page 13


 285:Middlewares/ST/STM32_USB_Host_Library/Class/MSC/Src/usbh_msc_scsi.c ****     MSC_Handle->hbot.cbw.field.CB[4]  = DATA_LEN_REQUEST_SENSE;
 403              		.loc 1 285 0
 404 0048 84F86700 		strb	r0, [r4, #103]
 286:Middlewares/ST/STM32_USB_Host_Library/Class/MSC/Src/usbh_msc_scsi.c ****     MSC_Handle->hbot.cbw.field.CB[5]  = 0;       
 405              		.loc 1 286 0
 406 004c 84F86830 		strb	r3, [r4, #104]
 287:Middlewares/ST/STM32_USB_Host_Library/Class/MSC/Src/usbh_msc_scsi.c ****     
 288:Middlewares/ST/STM32_USB_Host_Library/Class/MSC/Src/usbh_msc_scsi.c ****     MSC_Handle->hbot.state = BOT_SEND_CBW;
 407              		.loc 1 288 0
 408 0050 0123     		movs	r3, #1
 409 0052 84F85030 		strb	r3, [r4, #80]
 289:Middlewares/ST/STM32_USB_Host_Library/Class/MSC/Src/usbh_msc_scsi.c ****     MSC_Handle->hbot.cmd_state = BOT_CMD_WAIT;
 410              		.loc 1 289 0
 411 0056 0222     		movs	r2, #2
 412 0058 84F85220 		strb	r2, [r4, #82]
 290:Middlewares/ST/STM32_USB_Host_Library/Class/MSC/Src/usbh_msc_scsi.c ****     MSC_Handle->hbot.pbuf = (uint8_t *)MSC_Handle->hbot.data;
 413              		.loc 1 290 0
 414 005c 04F11002 		add	r2, r4, #16
 415 0060 C4F88C20 		str	r2, [r4, #140]
 416              	.LVL38:
 291:Middlewares/ST/STM32_USB_Host_Library/Class/MSC/Src/usbh_msc_scsi.c ****     error = USBH_BUSY; 
 292:Middlewares/ST/STM32_USB_Host_Library/Class/MSC/Src/usbh_msc_scsi.c ****     break;
 417              		.loc 1 292 0
 418 0064 14E0     		b	.L23
 419              	.LVL39:
 420              	.L25:
 421 0066 1546     		mov	r5, r2
 293:Middlewares/ST/STM32_USB_Host_Library/Class/MSC/Src/usbh_msc_scsi.c ****     
 294:Middlewares/ST/STM32_USB_Host_Library/Class/MSC/Src/usbh_msc_scsi.c ****   case BOT_CMD_WAIT: 
 295:Middlewares/ST/STM32_USB_Host_Library/Class/MSC/Src/usbh_msc_scsi.c ****     
 296:Middlewares/ST/STM32_USB_Host_Library/Class/MSC/Src/usbh_msc_scsi.c ****     error = USBH_MSC_BOT_Process(phost, lun);
 422              		.loc 1 296 0
 423 0068 FFF7FEFF 		bl	USBH_MSC_BOT_Process
 424              	.LVL40:
 297:Middlewares/ST/STM32_USB_Host_Library/Class/MSC/Src/usbh_msc_scsi.c ****     
 298:Middlewares/ST/STM32_USB_Host_Library/Class/MSC/Src/usbh_msc_scsi.c ****     if(error == USBH_OK)
 425              		.loc 1 298 0
 426 006c 0346     		mov	r3, r0
 427 006e 78B9     		cbnz	r0, .L23
 299:Middlewares/ST/STM32_USB_Host_Library/Class/MSC/Src/usbh_msc_scsi.c ****     {
 300:Middlewares/ST/STM32_USB_Host_Library/Class/MSC/Src/usbh_msc_scsi.c ****       sense_data->key  = MSC_Handle->hbot.pbuf[2] & 0x0F;  
 428              		.loc 1 300 0
 429 0070 D4F88C20 		ldr	r2, [r4, #140]
 430 0074 9278     		ldrb	r2, [r2, #2]	@ zero_extendqisi2
 431 0076 02F00F02 		and	r2, r2, #15
 432 007a 2A70     		strb	r2, [r5]
 301:Middlewares/ST/STM32_USB_Host_Library/Class/MSC/Src/usbh_msc_scsi.c ****       sense_data->asc  = MSC_Handle->hbot.pbuf[12];
 433              		.loc 1 301 0
 434 007c D4F88C20 		ldr	r2, [r4, #140]
 435 0080 127B     		ldrb	r2, [r2, #12]	@ zero_extendqisi2
 436 0082 6A70     		strb	r2, [r5, #1]
 302:Middlewares/ST/STM32_USB_Host_Library/Class/MSC/Src/usbh_msc_scsi.c ****       sense_data->ascq = MSC_Handle->hbot.pbuf[13];
 437              		.loc 1 302 0
 438 0084 D4F88C20 		ldr	r2, [r4, #140]
 439 0088 527B     		ldrb	r2, [r2, #13]	@ zero_extendqisi2
 440 008a AA70     		strb	r2, [r5, #2]
 441 008c 00E0     		b	.L23
ARM GAS  /tmp/ccI3FUGg.s 			page 14


 442              	.LVL41:
 443              	.L27:
 268:Middlewares/ST/STM32_USB_Host_Library/Class/MSC/Src/usbh_msc_scsi.c ****   MSC_HandleTypeDef *MSC_Handle =  (MSC_HandleTypeDef *) phost->pActiveClass->pData;
 444              		.loc 1 268 0
 445 008e 0223     		movs	r3, #2
 446              	.LVL42:
 447              	.L23:
 303:Middlewares/ST/STM32_USB_Host_Library/Class/MSC/Src/usbh_msc_scsi.c ****     }
 304:Middlewares/ST/STM32_USB_Host_Library/Class/MSC/Src/usbh_msc_scsi.c ****     break;
 305:Middlewares/ST/STM32_USB_Host_Library/Class/MSC/Src/usbh_msc_scsi.c ****     
 306:Middlewares/ST/STM32_USB_Host_Library/Class/MSC/Src/usbh_msc_scsi.c ****   default:
 307:Middlewares/ST/STM32_USB_Host_Library/Class/MSC/Src/usbh_msc_scsi.c ****     break;
 308:Middlewares/ST/STM32_USB_Host_Library/Class/MSC/Src/usbh_msc_scsi.c ****   }
 309:Middlewares/ST/STM32_USB_Host_Library/Class/MSC/Src/usbh_msc_scsi.c ****   
 310:Middlewares/ST/STM32_USB_Host_Library/Class/MSC/Src/usbh_msc_scsi.c ****   return error;
 311:Middlewares/ST/STM32_USB_Host_Library/Class/MSC/Src/usbh_msc_scsi.c **** }
 448              		.loc 1 311 0
 449 0090 1846     		mov	r0, r3
 450 0092 38BD     		pop	{r3, r4, r5, pc}
 451              		.cfi_endproc
 452              	.LFE127:
 454              		.section	.text.USBH_MSC_SCSI_Write,"ax",%progbits
 455              		.align	2
 456              		.global	USBH_MSC_SCSI_Write
 457              		.thumb
 458              		.thumb_func
 460              	USBH_MSC_SCSI_Write:
 461              	.LFB128:
 312:Middlewares/ST/STM32_USB_Host_Library/Class/MSC/Src/usbh_msc_scsi.c **** 
 313:Middlewares/ST/STM32_USB_Host_Library/Class/MSC/Src/usbh_msc_scsi.c **** /**
 314:Middlewares/ST/STM32_USB_Host_Library/Class/MSC/Src/usbh_msc_scsi.c ****   * @brief  USBH_MSC_SCSI_Write 
 315:Middlewares/ST/STM32_USB_Host_Library/Class/MSC/Src/usbh_msc_scsi.c ****   *         Issue write10 command.
 316:Middlewares/ST/STM32_USB_Host_Library/Class/MSC/Src/usbh_msc_scsi.c ****   * @param  phost: Host handle
 317:Middlewares/ST/STM32_USB_Host_Library/Class/MSC/Src/usbh_msc_scsi.c ****   * @param  lun: Logical Unit Number
 318:Middlewares/ST/STM32_USB_Host_Library/Class/MSC/Src/usbh_msc_scsi.c ****   * @param  address: sector address
 319:Middlewares/ST/STM32_USB_Host_Library/Class/MSC/Src/usbh_msc_scsi.c ****   * @param  pbuf: pointer to data
 320:Middlewares/ST/STM32_USB_Host_Library/Class/MSC/Src/usbh_msc_scsi.c ****   * @param  length: number of sector to write
 321:Middlewares/ST/STM32_USB_Host_Library/Class/MSC/Src/usbh_msc_scsi.c ****   * @retval USBH Status
 322:Middlewares/ST/STM32_USB_Host_Library/Class/MSC/Src/usbh_msc_scsi.c ****   */
 323:Middlewares/ST/STM32_USB_Host_Library/Class/MSC/Src/usbh_msc_scsi.c **** USBH_StatusTypeDef USBH_MSC_SCSI_Write(USBH_HandleTypeDef *phost,
 324:Middlewares/ST/STM32_USB_Host_Library/Class/MSC/Src/usbh_msc_scsi.c ****                                      uint8_t lun,
 325:Middlewares/ST/STM32_USB_Host_Library/Class/MSC/Src/usbh_msc_scsi.c ****                                      uint32_t address,
 326:Middlewares/ST/STM32_USB_Host_Library/Class/MSC/Src/usbh_msc_scsi.c ****                                      uint8_t *pbuf,
 327:Middlewares/ST/STM32_USB_Host_Library/Class/MSC/Src/usbh_msc_scsi.c ****                                      uint32_t length)
 328:Middlewares/ST/STM32_USB_Host_Library/Class/MSC/Src/usbh_msc_scsi.c **** {
 462              		.loc 1 328 0
 463              		.cfi_startproc
 464              		@ args = 4, pretend = 0, frame = 8
 465              		@ frame_needed = 0, uses_anonymous_args = 0
 466              	.LVL43:
 467 0000 10B5     		push	{r4, lr}
 468              	.LCFI4:
 469              		.cfi_def_cfa_offset 8
 470              		.cfi_offset 4, -8
 471              		.cfi_offset 14, -4
 472 0002 82B0     		sub	sp, sp, #8
 473              	.LCFI5:
ARM GAS  /tmp/ccI3FUGg.s 			page 15


 474              		.cfi_def_cfa_offset 16
 475 0004 0192     		str	r2, [sp, #4]
 476              	.LVL44:
 329:Middlewares/ST/STM32_USB_Host_Library/Class/MSC/Src/usbh_msc_scsi.c ****   USBH_StatusTypeDef    error = USBH_FAIL ;
 330:Middlewares/ST/STM32_USB_Host_Library/Class/MSC/Src/usbh_msc_scsi.c **** 
 331:Middlewares/ST/STM32_USB_Host_Library/Class/MSC/Src/usbh_msc_scsi.c ****   MSC_HandleTypeDef *MSC_Handle =  (MSC_HandleTypeDef *) phost->pActiveClass->pData;
 477              		.loc 1 331 0
 478 0006 D0F84425 		ldr	r2, [r0, #1348]
 479              	.LVL45:
 480 000a D269     		ldr	r2, [r2, #28]
 481              	.LVL46:
 332:Middlewares/ST/STM32_USB_Host_Library/Class/MSC/Src/usbh_msc_scsi.c ****   
 333:Middlewares/ST/STM32_USB_Host_Library/Class/MSC/Src/usbh_msc_scsi.c ****   switch(MSC_Handle->hbot.cmd_state)
 482              		.loc 1 333 0
 483 000c 92F85240 		ldrb	r4, [r2, #82]	@ zero_extendqisi2
 484 0010 012C     		cmp	r4, #1
 485 0012 02D0     		beq	.L31
 486 0014 022C     		cmp	r4, #2
 487 0016 35D0     		beq	.L32
 488 0018 37E0     		b	.L34
 489              	.L31:
 334:Middlewares/ST/STM32_USB_Host_Library/Class/MSC/Src/usbh_msc_scsi.c ****   {
 335:Middlewares/ST/STM32_USB_Host_Library/Class/MSC/Src/usbh_msc_scsi.c ****   case BOT_CMD_SEND:  
 336:Middlewares/ST/STM32_USB_Host_Library/Class/MSC/Src/usbh_msc_scsi.c ****     
 337:Middlewares/ST/STM32_USB_Host_Library/Class/MSC/Src/usbh_msc_scsi.c ****     /*Prepare the CBW and relevent field*/
 338:Middlewares/ST/STM32_USB_Host_Library/Class/MSC/Src/usbh_msc_scsi.c ****     MSC_Handle->hbot.cbw.field.DataTransferLength = length * 512;
 490              		.loc 1 338 0
 491 001a 0499     		ldr	r1, [sp, #16]
 492              	.LVL47:
 493 001c 4902     		lsls	r1, r1, #9
 494 001e D165     		str	r1, [r2, #92]
 339:Middlewares/ST/STM32_USB_Host_Library/Class/MSC/Src/usbh_msc_scsi.c ****     MSC_Handle->hbot.cbw.field.Flags = USB_EP_DIR_OUT;
 495              		.loc 1 339 0
 496 0020 0021     		movs	r1, #0
 497 0022 82F86010 		strb	r1, [r2, #96]
 340:Middlewares/ST/STM32_USB_Host_Library/Class/MSC/Src/usbh_msc_scsi.c ****     MSC_Handle->hbot.cbw.field.CBLength = CBW_LENGTH;
 498              		.loc 1 340 0
 499 0026 0A20     		movs	r0, #10
 500              	.LVL48:
 501 0028 82F86200 		strb	r0, [r2, #98]
 341:Middlewares/ST/STM32_USB_Host_Library/Class/MSC/Src/usbh_msc_scsi.c ****     
 342:Middlewares/ST/STM32_USB_Host_Library/Class/MSC/Src/usbh_msc_scsi.c ****     USBH_memset(MSC_Handle->hbot.cbw.field.CB, 0, CBW_CB_LENGTH);
 502              		.loc 1 342 0
 503 002c C2F86310 		str	r1, [r2, #99]	@ unaligned
 504              	.LVL49:
 505 0030 C2F86710 		str	r1, [r2, #103]	@ unaligned
 506 0034 C2F86B10 		str	r1, [r2, #107]	@ unaligned
 507 0038 C2F86F10 		str	r1, [r2, #111]	@ unaligned
 343:Middlewares/ST/STM32_USB_Host_Library/Class/MSC/Src/usbh_msc_scsi.c ****     MSC_Handle->hbot.cbw.field.CB[0]  = OPCODE_WRITE10; 
 508              		.loc 1 343 0
 509 003c 2A21     		movs	r1, #42
 510 003e 82F86310 		strb	r1, [r2, #99]
 344:Middlewares/ST/STM32_USB_Host_Library/Class/MSC/Src/usbh_msc_scsi.c ****     
 345:Middlewares/ST/STM32_USB_Host_Library/Class/MSC/Src/usbh_msc_scsi.c ****     /*logical block address*/
 346:Middlewares/ST/STM32_USB_Host_Library/Class/MSC/Src/usbh_msc_scsi.c ****     MSC_Handle->hbot.cbw.field.CB[2]  = (((uint8_t*)&address)[3]);
 511              		.loc 1 346 0
 512 0042 9DF80710 		ldrb	r1, [sp, #7]	@ zero_extendqisi2
ARM GAS  /tmp/ccI3FUGg.s 			page 16


 513 0046 82F86510 		strb	r1, [r2, #101]
 347:Middlewares/ST/STM32_USB_Host_Library/Class/MSC/Src/usbh_msc_scsi.c ****     MSC_Handle->hbot.cbw.field.CB[3]  = (((uint8_t*)&address)[2]);
 514              		.loc 1 347 0
 515 004a 9DF80610 		ldrb	r1, [sp, #6]	@ zero_extendqisi2
 516 004e 82F86610 		strb	r1, [r2, #102]
 348:Middlewares/ST/STM32_USB_Host_Library/Class/MSC/Src/usbh_msc_scsi.c ****     MSC_Handle->hbot.cbw.field.CB[4]  = (((uint8_t*)&address)[1]);
 517              		.loc 1 348 0
 518 0052 9DF80510 		ldrb	r1, [sp, #5]	@ zero_extendqisi2
 519 0056 82F86710 		strb	r1, [r2, #103]
 349:Middlewares/ST/STM32_USB_Host_Library/Class/MSC/Src/usbh_msc_scsi.c ****     MSC_Handle->hbot.cbw.field.CB[5]  = (((uint8_t*)&address)[0]);
 520              		.loc 1 349 0
 521 005a 9DF80410 		ldrb	r1, [sp, #4]	@ zero_extendqisi2
 522 005e 82F86810 		strb	r1, [r2, #104]
 350:Middlewares/ST/STM32_USB_Host_Library/Class/MSC/Src/usbh_msc_scsi.c ****     
 351:Middlewares/ST/STM32_USB_Host_Library/Class/MSC/Src/usbh_msc_scsi.c ****     
 352:Middlewares/ST/STM32_USB_Host_Library/Class/MSC/Src/usbh_msc_scsi.c ****     /*Transfer length */
 353:Middlewares/ST/STM32_USB_Host_Library/Class/MSC/Src/usbh_msc_scsi.c ****     MSC_Handle->hbot.cbw.field.CB[7]  = (((uint8_t *)&length)[1]) ; 
 523              		.loc 1 353 0
 524 0062 9DF81110 		ldrb	r1, [sp, #17]	@ zero_extendqisi2
 525 0066 82F86A10 		strb	r1, [r2, #106]
 354:Middlewares/ST/STM32_USB_Host_Library/Class/MSC/Src/usbh_msc_scsi.c ****     MSC_Handle->hbot.cbw.field.CB[8]  = (((uint8_t *)&length)[0]) ; 
 526              		.loc 1 354 0
 527 006a 9DF81010 		ldrb	r1, [sp, #16]	@ zero_extendqisi2
 528 006e 82F86B10 		strb	r1, [r2, #107]
 355:Middlewares/ST/STM32_USB_Host_Library/Class/MSC/Src/usbh_msc_scsi.c **** 
 356:Middlewares/ST/STM32_USB_Host_Library/Class/MSC/Src/usbh_msc_scsi.c ****     
 357:Middlewares/ST/STM32_USB_Host_Library/Class/MSC/Src/usbh_msc_scsi.c ****     MSC_Handle->hbot.state = BOT_SEND_CBW;
 529              		.loc 1 357 0
 530 0072 0120     		movs	r0, #1
 531 0074 82F85000 		strb	r0, [r2, #80]
 358:Middlewares/ST/STM32_USB_Host_Library/Class/MSC/Src/usbh_msc_scsi.c ****     MSC_Handle->hbot.cmd_state = BOT_CMD_WAIT;
 532              		.loc 1 358 0
 533 0078 0221     		movs	r1, #2
 534 007a 82F85210 		strb	r1, [r2, #82]
 359:Middlewares/ST/STM32_USB_Host_Library/Class/MSC/Src/usbh_msc_scsi.c ****     MSC_Handle->hbot.pbuf = pbuf;
 535              		.loc 1 359 0
 536 007e C2F88C30 		str	r3, [r2, #140]
 537              	.LVL50:
 360:Middlewares/ST/STM32_USB_Host_Library/Class/MSC/Src/usbh_msc_scsi.c ****     error = USBH_BUSY; 
 361:Middlewares/ST/STM32_USB_Host_Library/Class/MSC/Src/usbh_msc_scsi.c ****     break;
 538              		.loc 1 361 0
 539 0082 03E0     		b	.L30
 540              	.LVL51:
 541              	.L32:
 362:Middlewares/ST/STM32_USB_Host_Library/Class/MSC/Src/usbh_msc_scsi.c ****     
 363:Middlewares/ST/STM32_USB_Host_Library/Class/MSC/Src/usbh_msc_scsi.c ****   case BOT_CMD_WAIT: 
 364:Middlewares/ST/STM32_USB_Host_Library/Class/MSC/Src/usbh_msc_scsi.c ****     error = USBH_MSC_BOT_Process(phost, lun);
 542              		.loc 1 364 0
 543 0084 FFF7FEFF 		bl	USBH_MSC_BOT_Process
 544              	.LVL52:
 365:Middlewares/ST/STM32_USB_Host_Library/Class/MSC/Src/usbh_msc_scsi.c ****     break;
 545              		.loc 1 365 0
 546 0088 00E0     		b	.L30
 547              	.LVL53:
 548              	.L34:
 329:Middlewares/ST/STM32_USB_Host_Library/Class/MSC/Src/usbh_msc_scsi.c **** 
 549              		.loc 1 329 0
ARM GAS  /tmp/ccI3FUGg.s 			page 17


 550 008a 0220     		movs	r0, #2
 551              	.LVL54:
 552              	.L30:
 366:Middlewares/ST/STM32_USB_Host_Library/Class/MSC/Src/usbh_msc_scsi.c ****     
 367:Middlewares/ST/STM32_USB_Host_Library/Class/MSC/Src/usbh_msc_scsi.c ****   default:
 368:Middlewares/ST/STM32_USB_Host_Library/Class/MSC/Src/usbh_msc_scsi.c ****     break;
 369:Middlewares/ST/STM32_USB_Host_Library/Class/MSC/Src/usbh_msc_scsi.c ****   }
 370:Middlewares/ST/STM32_USB_Host_Library/Class/MSC/Src/usbh_msc_scsi.c ****   
 371:Middlewares/ST/STM32_USB_Host_Library/Class/MSC/Src/usbh_msc_scsi.c ****   return error;
 372:Middlewares/ST/STM32_USB_Host_Library/Class/MSC/Src/usbh_msc_scsi.c **** }
 553              		.loc 1 372 0
 554 008c 02B0     		add	sp, sp, #8
 555              	.LCFI6:
 556              		.cfi_def_cfa_offset 8
 557              		@ sp needed
 558 008e 10BD     		pop	{r4, pc}
 559              		.cfi_endproc
 560              	.LFE128:
 562              		.section	.text.USBH_MSC_SCSI_Read,"ax",%progbits
 563              		.align	2
 564              		.global	USBH_MSC_SCSI_Read
 565              		.thumb
 566              		.thumb_func
 568              	USBH_MSC_SCSI_Read:
 569              	.LFB129:
 373:Middlewares/ST/STM32_USB_Host_Library/Class/MSC/Src/usbh_msc_scsi.c **** 
 374:Middlewares/ST/STM32_USB_Host_Library/Class/MSC/Src/usbh_msc_scsi.c **** /**
 375:Middlewares/ST/STM32_USB_Host_Library/Class/MSC/Src/usbh_msc_scsi.c ****   * @brief  USBH_MSC_SCSI_Read 
 376:Middlewares/ST/STM32_USB_Host_Library/Class/MSC/Src/usbh_msc_scsi.c ****   *         Issue Read10 command.
 377:Middlewares/ST/STM32_USB_Host_Library/Class/MSC/Src/usbh_msc_scsi.c ****   * @param  phost: Host handle
 378:Middlewares/ST/STM32_USB_Host_Library/Class/MSC/Src/usbh_msc_scsi.c ****   * @param  lun: Logical Unit Number
 379:Middlewares/ST/STM32_USB_Host_Library/Class/MSC/Src/usbh_msc_scsi.c ****   * @param  address: sector address
 380:Middlewares/ST/STM32_USB_Host_Library/Class/MSC/Src/usbh_msc_scsi.c ****   * @param  pbuf: pointer to data
 381:Middlewares/ST/STM32_USB_Host_Library/Class/MSC/Src/usbh_msc_scsi.c ****   * @param  length: number of sector to read
 382:Middlewares/ST/STM32_USB_Host_Library/Class/MSC/Src/usbh_msc_scsi.c ****   * @retval USBH Status
 383:Middlewares/ST/STM32_USB_Host_Library/Class/MSC/Src/usbh_msc_scsi.c ****   */
 384:Middlewares/ST/STM32_USB_Host_Library/Class/MSC/Src/usbh_msc_scsi.c **** USBH_StatusTypeDef USBH_MSC_SCSI_Read(USBH_HandleTypeDef *phost,
 385:Middlewares/ST/STM32_USB_Host_Library/Class/MSC/Src/usbh_msc_scsi.c ****                                      uint8_t lun,
 386:Middlewares/ST/STM32_USB_Host_Library/Class/MSC/Src/usbh_msc_scsi.c ****                                      uint32_t address,
 387:Middlewares/ST/STM32_USB_Host_Library/Class/MSC/Src/usbh_msc_scsi.c ****                                      uint8_t *pbuf,
 388:Middlewares/ST/STM32_USB_Host_Library/Class/MSC/Src/usbh_msc_scsi.c ****                                      uint32_t length)
 389:Middlewares/ST/STM32_USB_Host_Library/Class/MSC/Src/usbh_msc_scsi.c **** {
 570              		.loc 1 389 0
 571              		.cfi_startproc
 572              		@ args = 4, pretend = 0, frame = 8
 573              		@ frame_needed = 0, uses_anonymous_args = 0
 574              	.LVL55:
 575 0000 10B5     		push	{r4, lr}
 576              	.LCFI7:
 577              		.cfi_def_cfa_offset 8
 578              		.cfi_offset 4, -8
 579              		.cfi_offset 14, -4
 580 0002 82B0     		sub	sp, sp, #8
 581              	.LCFI8:
 582              		.cfi_def_cfa_offset 16
 583 0004 0192     		str	r2, [sp, #4]
 584              	.LVL56:
ARM GAS  /tmp/ccI3FUGg.s 			page 18


 390:Middlewares/ST/STM32_USB_Host_Library/Class/MSC/Src/usbh_msc_scsi.c ****   USBH_StatusTypeDef    error = USBH_FAIL ;
 391:Middlewares/ST/STM32_USB_Host_Library/Class/MSC/Src/usbh_msc_scsi.c ****   MSC_HandleTypeDef *MSC_Handle = (MSC_HandleTypeDef *) phost->pActiveClass->pData;
 585              		.loc 1 391 0
 586 0006 D0F84425 		ldr	r2, [r0, #1348]
 587              	.LVL57:
 588 000a D269     		ldr	r2, [r2, #28]
 589              	.LVL58:
 392:Middlewares/ST/STM32_USB_Host_Library/Class/MSC/Src/usbh_msc_scsi.c ****   
 393:Middlewares/ST/STM32_USB_Host_Library/Class/MSC/Src/usbh_msc_scsi.c ****   switch(MSC_Handle->hbot.cmd_state)
 590              		.loc 1 393 0
 591 000c 92F85240 		ldrb	r4, [r2, #82]	@ zero_extendqisi2
 592 0010 012C     		cmp	r4, #1
 593 0012 02D0     		beq	.L38
 594 0014 022C     		cmp	r4, #2
 595 0016 36D0     		beq	.L39
 596 0018 38E0     		b	.L41
 597              	.L38:
 394:Middlewares/ST/STM32_USB_Host_Library/Class/MSC/Src/usbh_msc_scsi.c ****   {
 395:Middlewares/ST/STM32_USB_Host_Library/Class/MSC/Src/usbh_msc_scsi.c ****   case BOT_CMD_SEND:  
 396:Middlewares/ST/STM32_USB_Host_Library/Class/MSC/Src/usbh_msc_scsi.c ****     
 397:Middlewares/ST/STM32_USB_Host_Library/Class/MSC/Src/usbh_msc_scsi.c ****     /*Prepare the CBW and relevent field*/
 398:Middlewares/ST/STM32_USB_Host_Library/Class/MSC/Src/usbh_msc_scsi.c ****     MSC_Handle->hbot.cbw.field.DataTransferLength = length * 512;
 598              		.loc 1 398 0
 599 001a 0499     		ldr	r1, [sp, #16]
 600              	.LVL59:
 601 001c 4902     		lsls	r1, r1, #9
 602 001e D165     		str	r1, [r2, #92]
 399:Middlewares/ST/STM32_USB_Host_Library/Class/MSC/Src/usbh_msc_scsi.c ****     MSC_Handle->hbot.cbw.field.Flags = USB_EP_DIR_IN;
 603              		.loc 1 399 0
 604 0020 8021     		movs	r1, #128
 605 0022 82F86010 		strb	r1, [r2, #96]
 400:Middlewares/ST/STM32_USB_Host_Library/Class/MSC/Src/usbh_msc_scsi.c ****     MSC_Handle->hbot.cbw.field.CBLength = CBW_LENGTH;
 606              		.loc 1 400 0
 607 0026 0A21     		movs	r1, #10
 608 0028 82F86210 		strb	r1, [r2, #98]
 401:Middlewares/ST/STM32_USB_Host_Library/Class/MSC/Src/usbh_msc_scsi.c ****     
 402:Middlewares/ST/STM32_USB_Host_Library/Class/MSC/Src/usbh_msc_scsi.c ****     USBH_memset(MSC_Handle->hbot.cbw.field.CB, 0, CBW_CB_LENGTH);
 609              		.loc 1 402 0
 610 002c 0021     		movs	r1, #0
 611 002e C2F86310 		str	r1, [r2, #99]	@ unaligned
 612              	.LVL60:
 613 0032 C2F86710 		str	r1, [r2, #103]	@ unaligned
 614 0036 C2F86B10 		str	r1, [r2, #107]	@ unaligned
 615 003a C2F86F10 		str	r1, [r2, #111]	@ unaligned
 403:Middlewares/ST/STM32_USB_Host_Library/Class/MSC/Src/usbh_msc_scsi.c ****     MSC_Handle->hbot.cbw.field.CB[0]  = OPCODE_READ10; 
 616              		.loc 1 403 0
 617 003e 2821     		movs	r1, #40
 618 0040 82F86310 		strb	r1, [r2, #99]
 404:Middlewares/ST/STM32_USB_Host_Library/Class/MSC/Src/usbh_msc_scsi.c ****     
 405:Middlewares/ST/STM32_USB_Host_Library/Class/MSC/Src/usbh_msc_scsi.c ****     /*logical block address*/
 406:Middlewares/ST/STM32_USB_Host_Library/Class/MSC/Src/usbh_msc_scsi.c ****     MSC_Handle->hbot.cbw.field.CB[2]  = (((uint8_t*)&address)[3]);
 619              		.loc 1 406 0
 620 0044 9DF80710 		ldrb	r1, [sp, #7]	@ zero_extendqisi2
 621 0048 82F86510 		strb	r1, [r2, #101]
 407:Middlewares/ST/STM32_USB_Host_Library/Class/MSC/Src/usbh_msc_scsi.c ****     MSC_Handle->hbot.cbw.field.CB[3]  = (((uint8_t*)&address)[2]);
 622              		.loc 1 407 0
 623 004c 9DF80610 		ldrb	r1, [sp, #6]	@ zero_extendqisi2
ARM GAS  /tmp/ccI3FUGg.s 			page 19


 624 0050 82F86610 		strb	r1, [r2, #102]
 408:Middlewares/ST/STM32_USB_Host_Library/Class/MSC/Src/usbh_msc_scsi.c ****     MSC_Handle->hbot.cbw.field.CB[4]  = (((uint8_t*)&address)[1]);
 625              		.loc 1 408 0
 626 0054 9DF80510 		ldrb	r1, [sp, #5]	@ zero_extendqisi2
 627 0058 82F86710 		strb	r1, [r2, #103]
 409:Middlewares/ST/STM32_USB_Host_Library/Class/MSC/Src/usbh_msc_scsi.c ****     MSC_Handle->hbot.cbw.field.CB[5]  = (((uint8_t*)&address)[0]);
 628              		.loc 1 409 0
 629 005c 9DF80410 		ldrb	r1, [sp, #4]	@ zero_extendqisi2
 630 0060 82F86810 		strb	r1, [r2, #104]
 410:Middlewares/ST/STM32_USB_Host_Library/Class/MSC/Src/usbh_msc_scsi.c ****     
 411:Middlewares/ST/STM32_USB_Host_Library/Class/MSC/Src/usbh_msc_scsi.c ****     
 412:Middlewares/ST/STM32_USB_Host_Library/Class/MSC/Src/usbh_msc_scsi.c ****     /*Transfer length */
 413:Middlewares/ST/STM32_USB_Host_Library/Class/MSC/Src/usbh_msc_scsi.c ****     MSC_Handle->hbot.cbw.field.CB[7]  = (((uint8_t *)&length)[1]) ; 
 631              		.loc 1 413 0
 632 0064 9DF81110 		ldrb	r1, [sp, #17]	@ zero_extendqisi2
 633 0068 82F86A10 		strb	r1, [r2, #106]
 414:Middlewares/ST/STM32_USB_Host_Library/Class/MSC/Src/usbh_msc_scsi.c ****     MSC_Handle->hbot.cbw.field.CB[8]  = (((uint8_t *)&length)[0]) ; 
 634              		.loc 1 414 0
 635 006c 9DF81010 		ldrb	r1, [sp, #16]	@ zero_extendqisi2
 636 0070 82F86B10 		strb	r1, [r2, #107]
 415:Middlewares/ST/STM32_USB_Host_Library/Class/MSC/Src/usbh_msc_scsi.c **** 
 416:Middlewares/ST/STM32_USB_Host_Library/Class/MSC/Src/usbh_msc_scsi.c ****     
 417:Middlewares/ST/STM32_USB_Host_Library/Class/MSC/Src/usbh_msc_scsi.c ****     MSC_Handle->hbot.state = BOT_SEND_CBW;
 637              		.loc 1 417 0
 638 0074 0120     		movs	r0, #1
 639              	.LVL61:
 640 0076 82F85000 		strb	r0, [r2, #80]
 418:Middlewares/ST/STM32_USB_Host_Library/Class/MSC/Src/usbh_msc_scsi.c ****     MSC_Handle->hbot.cmd_state = BOT_CMD_WAIT;
 641              		.loc 1 418 0
 642 007a 0221     		movs	r1, #2
 643 007c 82F85210 		strb	r1, [r2, #82]
 419:Middlewares/ST/STM32_USB_Host_Library/Class/MSC/Src/usbh_msc_scsi.c ****     MSC_Handle->hbot.pbuf = pbuf;
 644              		.loc 1 419 0
 645 0080 C2F88C30 		str	r3, [r2, #140]
 646              	.LVL62:
 420:Middlewares/ST/STM32_USB_Host_Library/Class/MSC/Src/usbh_msc_scsi.c ****     error = USBH_BUSY; 
 421:Middlewares/ST/STM32_USB_Host_Library/Class/MSC/Src/usbh_msc_scsi.c ****     break;
 647              		.loc 1 421 0
 648 0084 03E0     		b	.L37
 649              	.LVL63:
 650              	.L39:
 422:Middlewares/ST/STM32_USB_Host_Library/Class/MSC/Src/usbh_msc_scsi.c ****     
 423:Middlewares/ST/STM32_USB_Host_Library/Class/MSC/Src/usbh_msc_scsi.c ****   case BOT_CMD_WAIT: 
 424:Middlewares/ST/STM32_USB_Host_Library/Class/MSC/Src/usbh_msc_scsi.c ****     error = USBH_MSC_BOT_Process(phost, lun);
 651              		.loc 1 424 0
 652 0086 FFF7FEFF 		bl	USBH_MSC_BOT_Process
 653              	.LVL64:
 425:Middlewares/ST/STM32_USB_Host_Library/Class/MSC/Src/usbh_msc_scsi.c ****     break;
 654              		.loc 1 425 0
 655 008a 00E0     		b	.L37
 656              	.LVL65:
 657              	.L41:
 390:Middlewares/ST/STM32_USB_Host_Library/Class/MSC/Src/usbh_msc_scsi.c ****   MSC_HandleTypeDef *MSC_Handle = (MSC_HandleTypeDef *) phost->pActiveClass->pData;
 658              		.loc 1 390 0
 659 008c 0220     		movs	r0, #2
 660              	.LVL66:
 661              	.L37:
ARM GAS  /tmp/ccI3FUGg.s 			page 20


 426:Middlewares/ST/STM32_USB_Host_Library/Class/MSC/Src/usbh_msc_scsi.c ****     
 427:Middlewares/ST/STM32_USB_Host_Library/Class/MSC/Src/usbh_msc_scsi.c ****   default:
 428:Middlewares/ST/STM32_USB_Host_Library/Class/MSC/Src/usbh_msc_scsi.c ****     break;
 429:Middlewares/ST/STM32_USB_Host_Library/Class/MSC/Src/usbh_msc_scsi.c ****   }
 430:Middlewares/ST/STM32_USB_Host_Library/Class/MSC/Src/usbh_msc_scsi.c ****   
 431:Middlewares/ST/STM32_USB_Host_Library/Class/MSC/Src/usbh_msc_scsi.c ****   return error;
 432:Middlewares/ST/STM32_USB_Host_Library/Class/MSC/Src/usbh_msc_scsi.c **** }
 662              		.loc 1 432 0
 663 008e 02B0     		add	sp, sp, #8
 664              	.LCFI9:
 665              		.cfi_def_cfa_offset 8
 666              		@ sp needed
 667 0090 10BD     		pop	{r4, pc}
 668              		.cfi_endproc
 669              	.LFE129:
 671 0092 00BF     		.text
 672              	.Letext0:
 673              		.file 2 "/home/ada/Downloads/gcc-arm-none-eabi-5_4-2016q3/arm-none-eabi/include/machine/_default_t
 674              		.file 3 "/home/ada/Downloads/gcc-arm-none-eabi-5_4-2016q3/arm-none-eabi/include/sys/_stdint.h"
 675              		.file 4 "Middlewares/ST/STM32_USB_Host_Library/Core/Inc/usbh_def.h"
 676              		.file 5 "Middlewares/ST/STM32_USB_Host_Library/Class/MSC/Inc/usbh_msc_bot.h"
 677              		.file 6 "Middlewares/ST/STM32_USB_Host_Library/Class/MSC/Inc/usbh_msc_scsi.h"
 678              		.file 7 "Middlewares/ST/STM32_USB_Host_Library/Class/MSC/Inc/usbh_msc.h"
 679              		.file 8 "Drivers/CMSIS/Include/core_cm4.h"
ARM GAS  /tmp/ccI3FUGg.s 			page 21


DEFINED SYMBOLS
                            *ABS*:00000000 usbh_msc_scsi.c
     /tmp/ccI3FUGg.s:22     .text.USBH_MSC_SCSI_TestUnitReady:00000000 $t
     /tmp/ccI3FUGg.s:27     .text.USBH_MSC_SCSI_TestUnitReady:00000000 USBH_MSC_SCSI_TestUnitReady
     /tmp/ccI3FUGg.s:97     .text.USBH_MSC_SCSI_ReadCapacity:00000000 $t
     /tmp/ccI3FUGg.s:102    .text.USBH_MSC_SCSI_ReadCapacity:00000000 USBH_MSC_SCSI_ReadCapacity
     /tmp/ccI3FUGg.s:203    .text.USBH_MSC_SCSI_Inquiry:00000000 $t
     /tmp/ccI3FUGg.s:208    .text.USBH_MSC_SCSI_Inquiry:00000000 USBH_MSC_SCSI_Inquiry
     /tmp/ccI3FUGg.s:344    .text.USBH_MSC_SCSI_RequestSense:00000000 $t
     /tmp/ccI3FUGg.s:349    .text.USBH_MSC_SCSI_RequestSense:00000000 USBH_MSC_SCSI_RequestSense
     /tmp/ccI3FUGg.s:455    .text.USBH_MSC_SCSI_Write:00000000 $t
     /tmp/ccI3FUGg.s:460    .text.USBH_MSC_SCSI_Write:00000000 USBH_MSC_SCSI_Write
     /tmp/ccI3FUGg.s:563    .text.USBH_MSC_SCSI_Read:00000000 $t
     /tmp/ccI3FUGg.s:568    .text.USBH_MSC_SCSI_Read:00000000 USBH_MSC_SCSI_Read
                     .debug_frame:00000010 $d

UNDEFINED SYMBOLS
USBH_MSC_BOT_Process
memset
