ARM GAS  /tmp/ccxSgDp9.s 			page 1


   1              		.syntax unified
   2              		.cpu cortex-m4
   3              		.eabi_attribute 27, 1
   4              		.eabi_attribute 28, 1
   5              		.fpu fpv4-sp-d16
   6              		.eabi_attribute 20, 1
   7              		.eabi_attribute 21, 1
   8              		.eabi_attribute 23, 3
   9              		.eabi_attribute 24, 1
  10              		.eabi_attribute 25, 1
  11              		.eabi_attribute 26, 1
  12              		.eabi_attribute 30, 1
  13              		.eabi_attribute 34, 1
  14              		.eabi_attribute 18, 4
  15              		.thumb
  16              		.syntax unified
  17              		.file	"usbh_hid_parser.c"
  18              		.text
  19              	.Ltext0:
  20              		.cfi_sections	.debug_frame
  21              		.section	.text.HID_ReadItem,"ax",%progbits
  22              		.align	2
  23              		.global	HID_ReadItem
  24              		.thumb
  25              		.thumb_func
  27              	HID_ReadItem:
  28              	.LFB124:
  29              		.file 1 "Middlewares/ST/STM32_USB_Host_Library/Class/HID/Src/usbh_hid_parser.c"
   1:Middlewares/ST/STM32_USB_Host_Library/Class/HID/Src/usbh_hid_parser.c **** /**
   2:Middlewares/ST/STM32_USB_Host_Library/Class/HID/Src/usbh_hid_parser.c ****   ******************************************************************************
   3:Middlewares/ST/STM32_USB_Host_Library/Class/HID/Src/usbh_hid_parser.c ****   * @file    usbh_hid_parser.c
   4:Middlewares/ST/STM32_USB_Host_Library/Class/HID/Src/usbh_hid_parser.c ****   * @author  MCD Application Team
   5:Middlewares/ST/STM32_USB_Host_Library/Class/HID/Src/usbh_hid_parser.c ****   * @version V3.2.2
   6:Middlewares/ST/STM32_USB_Host_Library/Class/HID/Src/usbh_hid_parser.c ****   * @date    07-July-2015
   7:Middlewares/ST/STM32_USB_Host_Library/Class/HID/Src/usbh_hid_parser.c ****   * @brief   This file is the HID Layer Handlers for USB Host HID class.
   8:Middlewares/ST/STM32_USB_Host_Library/Class/HID/Src/usbh_hid_parser.c ****   ******************************************************************************
   9:Middlewares/ST/STM32_USB_Host_Library/Class/HID/Src/usbh_hid_parser.c ****   * @attention
  10:Middlewares/ST/STM32_USB_Host_Library/Class/HID/Src/usbh_hid_parser.c ****   *
  11:Middlewares/ST/STM32_USB_Host_Library/Class/HID/Src/usbh_hid_parser.c ****   * <h2><center>&copy; COPYRIGHT 2015 STMicroelectronics</center></h2>
  12:Middlewares/ST/STM32_USB_Host_Library/Class/HID/Src/usbh_hid_parser.c ****   *
  13:Middlewares/ST/STM32_USB_Host_Library/Class/HID/Src/usbh_hid_parser.c ****   * Licensed under MCD-ST Liberty SW License Agreement V2, (the "License");
  14:Middlewares/ST/STM32_USB_Host_Library/Class/HID/Src/usbh_hid_parser.c ****   * You may not use this file except in compliance with the License.
  15:Middlewares/ST/STM32_USB_Host_Library/Class/HID/Src/usbh_hid_parser.c ****   * You may obtain a copy of the License at:
  16:Middlewares/ST/STM32_USB_Host_Library/Class/HID/Src/usbh_hid_parser.c ****   *
  17:Middlewares/ST/STM32_USB_Host_Library/Class/HID/Src/usbh_hid_parser.c ****   *        http://www.st.com/software_license_agreement_liberty_v2
  18:Middlewares/ST/STM32_USB_Host_Library/Class/HID/Src/usbh_hid_parser.c ****   *
  19:Middlewares/ST/STM32_USB_Host_Library/Class/HID/Src/usbh_hid_parser.c ****   * Unless required by applicable law or agreed to in writing, software 
  20:Middlewares/ST/STM32_USB_Host_Library/Class/HID/Src/usbh_hid_parser.c ****   * distributed under the License is distributed on an "AS IS" BASIS, 
  21:Middlewares/ST/STM32_USB_Host_Library/Class/HID/Src/usbh_hid_parser.c ****   * WITHOUT WARRANTIES OR CONDITIONS OF ANY KIND, either express or implied.
  22:Middlewares/ST/STM32_USB_Host_Library/Class/HID/Src/usbh_hid_parser.c ****   * See the License for the specific language governing permissions and
  23:Middlewares/ST/STM32_USB_Host_Library/Class/HID/Src/usbh_hid_parser.c ****   * limitations under the License.
  24:Middlewares/ST/STM32_USB_Host_Library/Class/HID/Src/usbh_hid_parser.c ****   *
  25:Middlewares/ST/STM32_USB_Host_Library/Class/HID/Src/usbh_hid_parser.c ****   ******************************************************************************
  26:Middlewares/ST/STM32_USB_Host_Library/Class/HID/Src/usbh_hid_parser.c ****   */
  27:Middlewares/ST/STM32_USB_Host_Library/Class/HID/Src/usbh_hid_parser.c **** /* Includes ------------------------------------------------------------------*/
  28:Middlewares/ST/STM32_USB_Host_Library/Class/HID/Src/usbh_hid_parser.c **** #include "usbh_hid_parser.h"
  29:Middlewares/ST/STM32_USB_Host_Library/Class/HID/Src/usbh_hid_parser.c **** 
ARM GAS  /tmp/ccxSgDp9.s 			page 2


  30:Middlewares/ST/STM32_USB_Host_Library/Class/HID/Src/usbh_hid_parser.c **** 
  31:Middlewares/ST/STM32_USB_Host_Library/Class/HID/Src/usbh_hid_parser.c **** /** @addtogroup USBH_LIB
  32:Middlewares/ST/STM32_USB_Host_Library/Class/HID/Src/usbh_hid_parser.c ****   * @{
  33:Middlewares/ST/STM32_USB_Host_Library/Class/HID/Src/usbh_hid_parser.c ****   */
  34:Middlewares/ST/STM32_USB_Host_Library/Class/HID/Src/usbh_hid_parser.c **** 
  35:Middlewares/ST/STM32_USB_Host_Library/Class/HID/Src/usbh_hid_parser.c **** /** @addtogroup USBH_CLASS
  36:Middlewares/ST/STM32_USB_Host_Library/Class/HID/Src/usbh_hid_parser.c ****   * @{
  37:Middlewares/ST/STM32_USB_Host_Library/Class/HID/Src/usbh_hid_parser.c ****   */
  38:Middlewares/ST/STM32_USB_Host_Library/Class/HID/Src/usbh_hid_parser.c **** 
  39:Middlewares/ST/STM32_USB_Host_Library/Class/HID/Src/usbh_hid_parser.c **** /** @addtogroup USBH_HID_CLASS
  40:Middlewares/ST/STM32_USB_Host_Library/Class/HID/Src/usbh_hid_parser.c ****   * @{
  41:Middlewares/ST/STM32_USB_Host_Library/Class/HID/Src/usbh_hid_parser.c ****   */
  42:Middlewares/ST/STM32_USB_Host_Library/Class/HID/Src/usbh_hid_parser.c ****   
  43:Middlewares/ST/STM32_USB_Host_Library/Class/HID/Src/usbh_hid_parser.c **** /** @defgroup USBH_HID_PARSER 
  44:Middlewares/ST/STM32_USB_Host_Library/Class/HID/Src/usbh_hid_parser.c ****   * @brief    This file includes HID parsers for USB Host HID class.
  45:Middlewares/ST/STM32_USB_Host_Library/Class/HID/Src/usbh_hid_parser.c ****   * @{
  46:Middlewares/ST/STM32_USB_Host_Library/Class/HID/Src/usbh_hid_parser.c ****   */ 
  47:Middlewares/ST/STM32_USB_Host_Library/Class/HID/Src/usbh_hid_parser.c **** 
  48:Middlewares/ST/STM32_USB_Host_Library/Class/HID/Src/usbh_hid_parser.c **** /** @defgroup USBH_HID_PARSER_Private_TypesDefinitions
  49:Middlewares/ST/STM32_USB_Host_Library/Class/HID/Src/usbh_hid_parser.c ****   * @{
  50:Middlewares/ST/STM32_USB_Host_Library/Class/HID/Src/usbh_hid_parser.c ****   */ 
  51:Middlewares/ST/STM32_USB_Host_Library/Class/HID/Src/usbh_hid_parser.c **** /**
  52:Middlewares/ST/STM32_USB_Host_Library/Class/HID/Src/usbh_hid_parser.c ****   * @}
  53:Middlewares/ST/STM32_USB_Host_Library/Class/HID/Src/usbh_hid_parser.c ****   */ 
  54:Middlewares/ST/STM32_USB_Host_Library/Class/HID/Src/usbh_hid_parser.c **** 
  55:Middlewares/ST/STM32_USB_Host_Library/Class/HID/Src/usbh_hid_parser.c **** 
  56:Middlewares/ST/STM32_USB_Host_Library/Class/HID/Src/usbh_hid_parser.c **** /** @defgroup USBH_HID_PARSER_Private_Defines
  57:Middlewares/ST/STM32_USB_Host_Library/Class/HID/Src/usbh_hid_parser.c ****   * @{
  58:Middlewares/ST/STM32_USB_Host_Library/Class/HID/Src/usbh_hid_parser.c ****   */ 
  59:Middlewares/ST/STM32_USB_Host_Library/Class/HID/Src/usbh_hid_parser.c **** /**
  60:Middlewares/ST/STM32_USB_Host_Library/Class/HID/Src/usbh_hid_parser.c ****   * @}
  61:Middlewares/ST/STM32_USB_Host_Library/Class/HID/Src/usbh_hid_parser.c ****   */ 
  62:Middlewares/ST/STM32_USB_Host_Library/Class/HID/Src/usbh_hid_parser.c **** 
  63:Middlewares/ST/STM32_USB_Host_Library/Class/HID/Src/usbh_hid_parser.c **** 
  64:Middlewares/ST/STM32_USB_Host_Library/Class/HID/Src/usbh_hid_parser.c **** /** @defgroup USBH_HID_PARSER_Private_Macros
  65:Middlewares/ST/STM32_USB_Host_Library/Class/HID/Src/usbh_hid_parser.c ****   * @{
  66:Middlewares/ST/STM32_USB_Host_Library/Class/HID/Src/usbh_hid_parser.c ****   */ 
  67:Middlewares/ST/STM32_USB_Host_Library/Class/HID/Src/usbh_hid_parser.c **** /**
  68:Middlewares/ST/STM32_USB_Host_Library/Class/HID/Src/usbh_hid_parser.c ****   * @}
  69:Middlewares/ST/STM32_USB_Host_Library/Class/HID/Src/usbh_hid_parser.c ****   */ 
  70:Middlewares/ST/STM32_USB_Host_Library/Class/HID/Src/usbh_hid_parser.c **** 
  71:Middlewares/ST/STM32_USB_Host_Library/Class/HID/Src/usbh_hid_parser.c **** /** @defgroup USBH_HID_PARSER_Private_FunctionPrototypes
  72:Middlewares/ST/STM32_USB_Host_Library/Class/HID/Src/usbh_hid_parser.c ****   * @{
  73:Middlewares/ST/STM32_USB_Host_Library/Class/HID/Src/usbh_hid_parser.c ****   */ 
  74:Middlewares/ST/STM32_USB_Host_Library/Class/HID/Src/usbh_hid_parser.c **** 
  75:Middlewares/ST/STM32_USB_Host_Library/Class/HID/Src/usbh_hid_parser.c **** /**
  76:Middlewares/ST/STM32_USB_Host_Library/Class/HID/Src/usbh_hid_parser.c ****   * @}
  77:Middlewares/ST/STM32_USB_Host_Library/Class/HID/Src/usbh_hid_parser.c ****   */ 
  78:Middlewares/ST/STM32_USB_Host_Library/Class/HID/Src/usbh_hid_parser.c **** 
  79:Middlewares/ST/STM32_USB_Host_Library/Class/HID/Src/usbh_hid_parser.c **** 
  80:Middlewares/ST/STM32_USB_Host_Library/Class/HID/Src/usbh_hid_parser.c **** /** @defgroup USBH_HID_PARSER_Private_Variables
  81:Middlewares/ST/STM32_USB_Host_Library/Class/HID/Src/usbh_hid_parser.c ****   * @{
  82:Middlewares/ST/STM32_USB_Host_Library/Class/HID/Src/usbh_hid_parser.c ****   */
  83:Middlewares/ST/STM32_USB_Host_Library/Class/HID/Src/usbh_hid_parser.c **** 
  84:Middlewares/ST/STM32_USB_Host_Library/Class/HID/Src/usbh_hid_parser.c **** /**
  85:Middlewares/ST/STM32_USB_Host_Library/Class/HID/Src/usbh_hid_parser.c ****   * @}
  86:Middlewares/ST/STM32_USB_Host_Library/Class/HID/Src/usbh_hid_parser.c ****   */ 
ARM GAS  /tmp/ccxSgDp9.s 			page 3


  87:Middlewares/ST/STM32_USB_Host_Library/Class/HID/Src/usbh_hid_parser.c **** 
  88:Middlewares/ST/STM32_USB_Host_Library/Class/HID/Src/usbh_hid_parser.c **** 
  89:Middlewares/ST/STM32_USB_Host_Library/Class/HID/Src/usbh_hid_parser.c **** /** @defgroup USBH_HID_PARSER_Private_Functions
  90:Middlewares/ST/STM32_USB_Host_Library/Class/HID/Src/usbh_hid_parser.c ****   * @{
  91:Middlewares/ST/STM32_USB_Host_Library/Class/HID/Src/usbh_hid_parser.c ****   */ 
  92:Middlewares/ST/STM32_USB_Host_Library/Class/HID/Src/usbh_hid_parser.c **** 
  93:Middlewares/ST/STM32_USB_Host_Library/Class/HID/Src/usbh_hid_parser.c **** /**
  94:Middlewares/ST/STM32_USB_Host_Library/Class/HID/Src/usbh_hid_parser.c ****   * @brief  HID_ReadItem 
  95:Middlewares/ST/STM32_USB_Host_Library/Class/HID/Src/usbh_hid_parser.c ****   *         The function read a report item.
  96:Middlewares/ST/STM32_USB_Host_Library/Class/HID/Src/usbh_hid_parser.c ****   * @param  ri: report item
  97:Middlewares/ST/STM32_USB_Host_Library/Class/HID/Src/usbh_hid_parser.c ****   * @param  ndx: report index
  98:Middlewares/ST/STM32_USB_Host_Library/Class/HID/Src/usbh_hid_parser.c **** * @retval status (0 : fail / otherwise: item value)
  99:Middlewares/ST/STM32_USB_Host_Library/Class/HID/Src/usbh_hid_parser.c ****   */
 100:Middlewares/ST/STM32_USB_Host_Library/Class/HID/Src/usbh_hid_parser.c **** uint32_t HID_ReadItem(HID_Report_ItemTypedef *ri, uint8_t ndx)
 101:Middlewares/ST/STM32_USB_Host_Library/Class/HID/Src/usbh_hid_parser.c **** {
  30              		.loc 1 101 0
  31              		.cfi_startproc
  32              		@ args = 0, pretend = 0, frame = 0
  33              		@ frame_needed = 0, uses_anonymous_args = 0
  34              		@ link register save eliminated.
  35              	.LVL0:
  36 0000 F0B4     		push	{r4, r5, r6, r7}
  37              	.LCFI0:
  38              		.cfi_def_cfa_offset 16
  39              		.cfi_offset 4, -16
  40              		.cfi_offset 5, -12
  41              		.cfi_offset 6, -8
  42              		.cfi_offset 7, -4
  43 0002 0646     		mov	r6, r0
  44              	.LVL1:
 102:Middlewares/ST/STM32_USB_Host_Library/Class/HID/Src/usbh_hid_parser.c ****   uint32_t val=0;
 103:Middlewares/ST/STM32_USB_Host_Library/Class/HID/Src/usbh_hid_parser.c ****   uint32_t x=0;
 104:Middlewares/ST/STM32_USB_Host_Library/Class/HID/Src/usbh_hid_parser.c ****   uint32_t bofs;
 105:Middlewares/ST/STM32_USB_Host_Library/Class/HID/Src/usbh_hid_parser.c ****   uint8_t *data=ri->data;
  45              		.loc 1 105 0
  46 0004 0768     		ldr	r7, [r0]
  47              	.LVL2:
 106:Middlewares/ST/STM32_USB_Host_Library/Class/HID/Src/usbh_hid_parser.c ****   uint8_t shift=ri->shift;
  48              		.loc 1 106 0
  49 0006 007A     		ldrb	r0, [r0, #8]	@ zero_extendqisi2
  50              	.LVL3:
 107:Middlewares/ST/STM32_USB_Host_Library/Class/HID/Src/usbh_hid_parser.c ****   
 108:Middlewares/ST/STM32_USB_Host_Library/Class/HID/Src/usbh_hid_parser.c ****   /* get the logical value of the item */
 109:Middlewares/ST/STM32_USB_Host_Library/Class/HID/Src/usbh_hid_parser.c ****   
 110:Middlewares/ST/STM32_USB_Host_Library/Class/HID/Src/usbh_hid_parser.c ****   /* if this is an array, wee may need to offset ri->data.*/
 111:Middlewares/ST/STM32_USB_Host_Library/Class/HID/Src/usbh_hid_parser.c ****   if (ri->count > 0)
  51              		.loc 1 111 0
  52 0008 737A     		ldrb	r3, [r6, #9]	@ zero_extendqisi2
  53 000a 43B1     		cbz	r3, .L2
 112:Middlewares/ST/STM32_USB_Host_Library/Class/HID/Src/usbh_hid_parser.c ****   { 
 113:Middlewares/ST/STM32_USB_Host_Library/Class/HID/Src/usbh_hid_parser.c ****     /* If app tries to read outside of the array. */
 114:Middlewares/ST/STM32_USB_Host_Library/Class/HID/Src/usbh_hid_parser.c ****     if (ri->count <= ndx)
  54              		.loc 1 114 0
  55 000c 8B42     		cmp	r3, r1
  56 000e 3AD9     		bls	.L9
 115:Middlewares/ST/STM32_USB_Host_Library/Class/HID/Src/usbh_hid_parser.c ****     {
 116:Middlewares/ST/STM32_USB_Host_Library/Class/HID/Src/usbh_hid_parser.c ****       return(0);
ARM GAS  /tmp/ccxSgDp9.s 			page 4


 117:Middlewares/ST/STM32_USB_Host_Library/Class/HID/Src/usbh_hid_parser.c ****     }
 118:Middlewares/ST/STM32_USB_Host_Library/Class/HID/Src/usbh_hid_parser.c ****     
 119:Middlewares/ST/STM32_USB_Host_Library/Class/HID/Src/usbh_hid_parser.c ****     /* calculate bit offset */
 120:Middlewares/ST/STM32_USB_Host_Library/Class/HID/Src/usbh_hid_parser.c ****     bofs = ndx*ri->size;
  57              		.loc 1 120 0
  58 0010 7468     		ldr	r4, [r6, #4]
  59              	.LVL4:
 121:Middlewares/ST/STM32_USB_Host_Library/Class/HID/Src/usbh_hid_parser.c ****     bofs += shift;
  60              		.loc 1 121 0
  61 0012 04FB0104 		mla	r4, r4, r1, r0
  62              	.LVL5:
 122:Middlewares/ST/STM32_USB_Host_Library/Class/HID/Src/usbh_hid_parser.c ****     /* calculate byte offset + shift pair from bit offset. */    
 123:Middlewares/ST/STM32_USB_Host_Library/Class/HID/Src/usbh_hid_parser.c ****     data+=bofs/8;
  63              		.loc 1 123 0
  64 0016 07EBD407 		add	r7, r7, r4, lsr #3
  65              	.LVL6:
 124:Middlewares/ST/STM32_USB_Host_Library/Class/HID/Src/usbh_hid_parser.c ****     shift=(uint8_t)(bofs%8);
  66              		.loc 1 124 0
  67 001a 04F00700 		and	r0, r4, #7
  68              	.LVL7:
  69              	.L2:
 125:Middlewares/ST/STM32_USB_Host_Library/Class/HID/Src/usbh_hid_parser.c ****   }
 126:Middlewares/ST/STM32_USB_Host_Library/Class/HID/Src/usbh_hid_parser.c ****   /* read data bytes in little endian order */
 127:Middlewares/ST/STM32_USB_Host_Library/Class/HID/Src/usbh_hid_parser.c ****   for(x=0; x < ((ri->size & 0x7) ? (ri->size/8)+1 : (ri->size/8)); x++)
  70              		.loc 1 127 0
  71 001e 0023     		movs	r3, #0
 102:Middlewares/ST/STM32_USB_Host_Library/Class/HID/Src/usbh_hid_parser.c ****   uint32_t x=0;
  72              		.loc 1 102 0
  73 0020 1C46     		mov	r4, r3
  74              		.loc 1 127 0
  75 0022 04E0     		b	.L4
  76              	.LVL8:
  77              	.L7:
 128:Middlewares/ST/STM32_USB_Host_Library/Class/HID/Src/usbh_hid_parser.c ****   {
 129:Middlewares/ST/STM32_USB_Host_Library/Class/HID/Src/usbh_hid_parser.c ****     val=(uint32_t)(*data << (x*8));
  78              		.loc 1 129 0 discriminator 7
  79 0024 3A78     		ldrb	r2, [r7]	@ zero_extendqisi2
  80 0026 DC00     		lsls	r4, r3, #3
  81              	.LVL9:
  82 0028 02FA04F4 		lsl	r4, r2, r4
  83              	.LVL10:
 127:Middlewares/ST/STM32_USB_Host_Library/Class/HID/Src/usbh_hid_parser.c ****   {
  84              		.loc 1 127 0 discriminator 7
  85 002c 0133     		adds	r3, r3, #1
  86              	.LVL11:
  87              	.L4:
 127:Middlewares/ST/STM32_USB_Host_Library/Class/HID/Src/usbh_hid_parser.c ****   {
  88              		.loc 1 127 0 is_stmt 0 discriminator 1
  89 002e 7268     		ldr	r2, [r6, #4]
  90 0030 12F0070F 		tst	r2, #7
  91 0034 02D0     		beq	.L5
 127:Middlewares/ST/STM32_USB_Host_Library/Class/HID/Src/usbh_hid_parser.c ****   {
  92              		.loc 1 127 0 discriminator 3
  93 0036 D508     		lsrs	r5, r2, #3
  94 0038 0135     		adds	r5, r5, #1
  95 003a 00E0     		b	.L6
  96              	.L5:
ARM GAS  /tmp/ccxSgDp9.s 			page 5


 127:Middlewares/ST/STM32_USB_Host_Library/Class/HID/Src/usbh_hid_parser.c ****   {
  97              		.loc 1 127 0 discriminator 4
  98 003c D508     		lsrs	r5, r2, #3
  99              	.L6:
 127:Middlewares/ST/STM32_USB_Host_Library/Class/HID/Src/usbh_hid_parser.c ****   {
 100              		.loc 1 127 0 discriminator 6
 101 003e AB42     		cmp	r3, r5
 102 0040 F0D3     		bcc	.L7
 130:Middlewares/ST/STM32_USB_Host_Library/Class/HID/Src/usbh_hid_parser.c ****   }    
 131:Middlewares/ST/STM32_USB_Host_Library/Class/HID/Src/usbh_hid_parser.c ****   val=(val >> shift) & ((1<<ri->size)-1);
 103              		.loc 1 131 0 is_stmt 1
 104 0042 C440     		lsrs	r4, r4, r0
 105              	.LVL12:
 106 0044 0123     		movs	r3, #1
 107              	.LVL13:
 108 0046 9340     		lsls	r3, r3, r2
 109 0048 581E     		subs	r0, r3, #1
 110              	.LVL14:
 111 004a 0440     		ands	r4, r4, r0
 112              	.LVL15:
 132:Middlewares/ST/STM32_USB_Host_Library/Class/HID/Src/usbh_hid_parser.c ****   
 133:Middlewares/ST/STM32_USB_Host_Library/Class/HID/Src/usbh_hid_parser.c ****   if (val < ri->logical_min || val > ri->logical_max)
 113              		.loc 1 133 0
 114 004c F168     		ldr	r1, [r6, #12]
 115              	.LVL16:
 116 004e 8C42     		cmp	r4, r1
 117 0050 1BD3     		bcc	.L10
 118              		.loc 1 133 0 is_stmt 0 discriminator 1
 119 0052 3169     		ldr	r1, [r6, #16]
 120 0054 8C42     		cmp	r4, r1
 121 0056 1AD8     		bhi	.L11
 134:Middlewares/ST/STM32_USB_Host_Library/Class/HID/Src/usbh_hid_parser.c ****   {
 135:Middlewares/ST/STM32_USB_Host_Library/Class/HID/Src/usbh_hid_parser.c ****     return(0);
 136:Middlewares/ST/STM32_USB_Host_Library/Class/HID/Src/usbh_hid_parser.c ****   }
 137:Middlewares/ST/STM32_USB_Host_Library/Class/HID/Src/usbh_hid_parser.c ****   
 138:Middlewares/ST/STM32_USB_Host_Library/Class/HID/Src/usbh_hid_parser.c ****   /* convert logical value to physical value */
 139:Middlewares/ST/STM32_USB_Host_Library/Class/HID/Src/usbh_hid_parser.c ****   /* See if the number is negative or not. */
 140:Middlewares/ST/STM32_USB_Host_Library/Class/HID/Src/usbh_hid_parser.c ****   if ((ri->sign) && (val & (1<<(ri->size-1))))
 122              		.loc 1 140 0 is_stmt 1
 123 0058 B17A     		ldrb	r1, [r6, #10]	@ zero_extendqisi2
 124 005a 71B1     		cbz	r1, .L8
 125              		.loc 1 140 0 is_stmt 0 discriminator 1
 126 005c 013A     		subs	r2, r2, #1
 127 005e 0121     		movs	r1, #1
 128 0060 01FA02F2 		lsl	r2, r1, r2
 129 0064 2242     		tst	r2, r4
 130 0066 08D0     		beq	.L8
 131              	.LBB2:
 141:Middlewares/ST/STM32_USB_Host_Library/Class/HID/Src/usbh_hid_parser.c ****   {
 142:Middlewares/ST/STM32_USB_Host_Library/Class/HID/Src/usbh_hid_parser.c ****     /* yes, so sign extend value to 32 bits. */
 143:Middlewares/ST/STM32_USB_Host_Library/Class/HID/Src/usbh_hid_parser.c ****     int vs=(int)((-1 & ~((1<<(ri->size))-1)) | val);
 132              		.loc 1 143 0 is_stmt 1
 133 0068 5B42     		negs	r3, r3
 134 006a 43EA0400 		orr	r0, r3, r4
 135              	.LVL17:
 144:Middlewares/ST/STM32_USB_Host_Library/Class/HID/Src/usbh_hid_parser.c ****     
 145:Middlewares/ST/STM32_USB_Host_Library/Class/HID/Src/usbh_hid_parser.c ****     if(ri->resolution == 1)
ARM GAS  /tmp/ccxSgDp9.s 			page 6


 136              		.loc 1 145 0
 137 006e F369     		ldr	r3, [r6, #28]
 138 0070 8B42     		cmp	r3, r1
 139 0072 0FD0     		beq	.L3
 146:Middlewares/ST/STM32_USB_Host_Library/Class/HID/Src/usbh_hid_parser.c ****     {
 147:Middlewares/ST/STM32_USB_Host_Library/Class/HID/Src/usbh_hid_parser.c ****       return((uint32_t)vs);
 148:Middlewares/ST/STM32_USB_Host_Library/Class/HID/Src/usbh_hid_parser.c ****     }
 149:Middlewares/ST/STM32_USB_Host_Library/Class/HID/Src/usbh_hid_parser.c ****     return((uint32_t)(vs*ri->resolution));
 140              		.loc 1 149 0
 141 0074 03FB00F0 		mul	r0, r3, r0
 142              	.LVL18:
 143 0078 0CE0     		b	.L3
 144              	.LVL19:
 145              	.L8:
 146              	.LBE2:
 150:Middlewares/ST/STM32_USB_Host_Library/Class/HID/Src/usbh_hid_parser.c ****   }
 151:Middlewares/ST/STM32_USB_Host_Library/Class/HID/Src/usbh_hid_parser.c ****   else
 152:Middlewares/ST/STM32_USB_Host_Library/Class/HID/Src/usbh_hid_parser.c ****   {
 153:Middlewares/ST/STM32_USB_Host_Library/Class/HID/Src/usbh_hid_parser.c ****     if(ri->resolution == 1)
 147              		.loc 1 153 0
 148 007a F069     		ldr	r0, [r6, #28]
 149 007c 0128     		cmp	r0, #1
 150 007e 08D0     		beq	.L12
 154:Middlewares/ST/STM32_USB_Host_Library/Class/HID/Src/usbh_hid_parser.c ****     {
 155:Middlewares/ST/STM32_USB_Host_Library/Class/HID/Src/usbh_hid_parser.c ****       return(val);
 156:Middlewares/ST/STM32_USB_Host_Library/Class/HID/Src/usbh_hid_parser.c ****     }
 157:Middlewares/ST/STM32_USB_Host_Library/Class/HID/Src/usbh_hid_parser.c ****     return(val*ri->resolution);    
 151              		.loc 1 157 0
 152 0080 00FB04F0 		mul	r0, r0, r4
 153 0084 06E0     		b	.L3
 154              	.LVL20:
 155              	.L9:
 116:Middlewares/ST/STM32_USB_Host_Library/Class/HID/Src/usbh_hid_parser.c ****     }
 156              		.loc 1 116 0
 157 0086 0020     		movs	r0, #0
 158              	.LVL21:
 159 0088 04E0     		b	.L3
 160              	.LVL22:
 161              	.L10:
 135:Middlewares/ST/STM32_USB_Host_Library/Class/HID/Src/usbh_hid_parser.c ****   }
 162              		.loc 1 135 0
 163 008a 0020     		movs	r0, #0
 164 008c 02E0     		b	.L3
 165              	.L11:
 166 008e 0020     		movs	r0, #0
 167 0090 00E0     		b	.L3
 168              	.L12:
 155:Middlewares/ST/STM32_USB_Host_Library/Class/HID/Src/usbh_hid_parser.c ****     }
 169              		.loc 1 155 0
 170 0092 2046     		mov	r0, r4
 171              	.LVL23:
 172              	.L3:
 158:Middlewares/ST/STM32_USB_Host_Library/Class/HID/Src/usbh_hid_parser.c ****   }  
 159:Middlewares/ST/STM32_USB_Host_Library/Class/HID/Src/usbh_hid_parser.c **** }
 173              		.loc 1 159 0
 174 0094 F0BC     		pop	{r4, r5, r6, r7}
 175              	.LCFI1:
ARM GAS  /tmp/ccxSgDp9.s 			page 7


 176              		.cfi_restore 7
 177              		.cfi_restore 6
 178              		.cfi_restore 5
 179              		.cfi_restore 4
 180              		.cfi_def_cfa_offset 0
 181              	.LVL24:
 182 0096 7047     		bx	lr
 183              		.cfi_endproc
 184              	.LFE124:
 186              		.section	.text.HID_WriteItem,"ax",%progbits
 187              		.align	2
 188              		.global	HID_WriteItem
 189              		.thumb
 190              		.thumb_func
 192              	HID_WriteItem:
 193              	.LFB125:
 160:Middlewares/ST/STM32_USB_Host_Library/Class/HID/Src/usbh_hid_parser.c **** 
 161:Middlewares/ST/STM32_USB_Host_Library/Class/HID/Src/usbh_hid_parser.c **** /**
 162:Middlewares/ST/STM32_USB_Host_Library/Class/HID/Src/usbh_hid_parser.c ****   * @brief  HID_WriteItem 
 163:Middlewares/ST/STM32_USB_Host_Library/Class/HID/Src/usbh_hid_parser.c ****   *         The function write a report item.
 164:Middlewares/ST/STM32_USB_Host_Library/Class/HID/Src/usbh_hid_parser.c ****   * @param  ri: report item
 165:Middlewares/ST/STM32_USB_Host_Library/Class/HID/Src/usbh_hid_parser.c ****   * @param  ndx: report index
 166:Middlewares/ST/STM32_USB_Host_Library/Class/HID/Src/usbh_hid_parser.c ****   * @retval status (1: fail/ 0 : Ok)
 167:Middlewares/ST/STM32_USB_Host_Library/Class/HID/Src/usbh_hid_parser.c ****   */
 168:Middlewares/ST/STM32_USB_Host_Library/Class/HID/Src/usbh_hid_parser.c **** uint32_t HID_WriteItem(HID_Report_ItemTypedef *ri, uint32_t value, uint8_t ndx)
 169:Middlewares/ST/STM32_USB_Host_Library/Class/HID/Src/usbh_hid_parser.c **** {
 194              		.loc 1 169 0
 195              		.cfi_startproc
 196              		@ args = 0, pretend = 0, frame = 0
 197              		@ frame_needed = 0, uses_anonymous_args = 0
 198              	.LVL25:
 199 0000 F0B5     		push	{r4, r5, r6, r7, lr}
 200              	.LCFI2:
 201              		.cfi_def_cfa_offset 20
 202              		.cfi_offset 4, -20
 203              		.cfi_offset 5, -16
 204              		.cfi_offset 6, -12
 205              		.cfi_offset 7, -8
 206              		.cfi_offset 14, -4
 207              	.LVL26:
 170:Middlewares/ST/STM32_USB_Host_Library/Class/HID/Src/usbh_hid_parser.c ****   uint32_t x;
 171:Middlewares/ST/STM32_USB_Host_Library/Class/HID/Src/usbh_hid_parser.c ****   uint32_t mask;
 172:Middlewares/ST/STM32_USB_Host_Library/Class/HID/Src/usbh_hid_parser.c ****   uint32_t bofs;
 173:Middlewares/ST/STM32_USB_Host_Library/Class/HID/Src/usbh_hid_parser.c ****   uint8_t *data=ri->data;
 174:Middlewares/ST/STM32_USB_Host_Library/Class/HID/Src/usbh_hid_parser.c ****   uint8_t shift=ri->shift;
 208              		.loc 1 174 0
 209 0002 047A     		ldrb	r4, [r0, #8]	@ zero_extendqisi2
 210              	.LVL27:
 175:Middlewares/ST/STM32_USB_Host_Library/Class/HID/Src/usbh_hid_parser.c ****   
 176:Middlewares/ST/STM32_USB_Host_Library/Class/HID/Src/usbh_hid_parser.c ****   if (value < ri->physical_min || value > ri->physical_max)  
 211              		.loc 1 176 0
 212 0004 4369     		ldr	r3, [r0, #20]
 213 0006 8B42     		cmp	r3, r1
 214 0008 37D8     		bhi	.L22
 215              		.loc 1 176 0 is_stmt 0 discriminator 1
 216 000a 8369     		ldr	r3, [r0, #24]
 217 000c 9942     		cmp	r1, r3
ARM GAS  /tmp/ccxSgDp9.s 			page 8


 218 000e 36D8     		bhi	.L23
 177:Middlewares/ST/STM32_USB_Host_Library/Class/HID/Src/usbh_hid_parser.c ****   {
 178:Middlewares/ST/STM32_USB_Host_Library/Class/HID/Src/usbh_hid_parser.c ****     return(1);
 179:Middlewares/ST/STM32_USB_Host_Library/Class/HID/Src/usbh_hid_parser.c ****   }
 180:Middlewares/ST/STM32_USB_Host_Library/Class/HID/Src/usbh_hid_parser.c ****   
 181:Middlewares/ST/STM32_USB_Host_Library/Class/HID/Src/usbh_hid_parser.c ****     /* if this is an array, wee may need to offset ri->data.*/
 182:Middlewares/ST/STM32_USB_Host_Library/Class/HID/Src/usbh_hid_parser.c ****   if (ri->count > 0)
 219              		.loc 1 182 0 is_stmt 1
 220 0010 437A     		ldrb	r3, [r0, #9]	@ zero_extendqisi2
 221 0012 33B1     		cbz	r3, .L16
 183:Middlewares/ST/STM32_USB_Host_Library/Class/HID/Src/usbh_hid_parser.c ****   { 
 184:Middlewares/ST/STM32_USB_Host_Library/Class/HID/Src/usbh_hid_parser.c ****     /* If app tries to read outside of the array. */
 185:Middlewares/ST/STM32_USB_Host_Library/Class/HID/Src/usbh_hid_parser.c ****     if (ri->count >= ndx)
 222              		.loc 1 185 0
 223 0014 9342     		cmp	r3, r2
 224 0016 34D2     		bcs	.L24
 186:Middlewares/ST/STM32_USB_Host_Library/Class/HID/Src/usbh_hid_parser.c ****     {
 187:Middlewares/ST/STM32_USB_Host_Library/Class/HID/Src/usbh_hid_parser.c ****       return(0);
 188:Middlewares/ST/STM32_USB_Host_Library/Class/HID/Src/usbh_hid_parser.c ****     }
 189:Middlewares/ST/STM32_USB_Host_Library/Class/HID/Src/usbh_hid_parser.c ****     /* calculate bit offset */
 190:Middlewares/ST/STM32_USB_Host_Library/Class/HID/Src/usbh_hid_parser.c ****     bofs = ndx*ri->size;
 225              		.loc 1 190 0
 226 0018 4368     		ldr	r3, [r0, #4]
 227              	.LVL28:
 191:Middlewares/ST/STM32_USB_Host_Library/Class/HID/Src/usbh_hid_parser.c ****     bofs += shift;
 228              		.loc 1 191 0
 229 001a 03FB0244 		mla	r4, r3, r2, r4
 230              	.LVL29:
 192:Middlewares/ST/STM32_USB_Host_Library/Class/HID/Src/usbh_hid_parser.c ****     /* calculate byte offset + shift pair from bit offset. */    
 193:Middlewares/ST/STM32_USB_Host_Library/Class/HID/Src/usbh_hid_parser.c ****     data+=bofs/8;
 194:Middlewares/ST/STM32_USB_Host_Library/Class/HID/Src/usbh_hid_parser.c ****     shift=(uint8_t)(bofs%8);
 231              		.loc 1 194 0
 232 001e 04F00704 		and	r4, r4, #7
 233              	.LVL30:
 234              	.L16:
 195:Middlewares/ST/STM32_USB_Host_Library/Class/HID/Src/usbh_hid_parser.c **** 
 196:Middlewares/ST/STM32_USB_Host_Library/Class/HID/Src/usbh_hid_parser.c ****   }
 197:Middlewares/ST/STM32_USB_Host_Library/Class/HID/Src/usbh_hid_parser.c **** 
 198:Middlewares/ST/STM32_USB_Host_Library/Class/HID/Src/usbh_hid_parser.c ****   /* Convert physical value to logical value. */  
 199:Middlewares/ST/STM32_USB_Host_Library/Class/HID/Src/usbh_hid_parser.c ****   if (ri->resolution != 1)
 235              		.loc 1 199 0
 236 0022 C369     		ldr	r3, [r0, #28]
 237 0024 012B     		cmp	r3, #1
 238 0026 01D0     		beq	.L17
 200:Middlewares/ST/STM32_USB_Host_Library/Class/HID/Src/usbh_hid_parser.c ****   {
 201:Middlewares/ST/STM32_USB_Host_Library/Class/HID/Src/usbh_hid_parser.c ****     value=value/ri->resolution;
 239              		.loc 1 201 0
 240 0028 B1FBF3F1 		udiv	r1, r1, r3
 241              	.LVL31:
 242              	.L17:
 202:Middlewares/ST/STM32_USB_Host_Library/Class/HID/Src/usbh_hid_parser.c ****   }
 203:Middlewares/ST/STM32_USB_Host_Library/Class/HID/Src/usbh_hid_parser.c **** 
 204:Middlewares/ST/STM32_USB_Host_Library/Class/HID/Src/usbh_hid_parser.c ****   /* Write logical value to report in little endian order. */
 205:Middlewares/ST/STM32_USB_Host_Library/Class/HID/Src/usbh_hid_parser.c ****   mask=(uint32_t)((1<<ri->size)-1);
 243              		.loc 1 205 0
 244 002c 4768     		ldr	r7, [r0, #4]
 245 002e 0123     		movs	r3, #1
ARM GAS  /tmp/ccxSgDp9.s 			page 9


 246 0030 03FA07F7 		lsl	r7, r3, r7
 247 0034 013F     		subs	r7, r7, #1
 248              	.LVL32:
 206:Middlewares/ST/STM32_USB_Host_Library/Class/HID/Src/usbh_hid_parser.c ****   value = (value & mask) << shift;
 249              		.loc 1 206 0
 250 0036 3940     		ands	r1, r1, r7
 251              	.LVL33:
 252 0038 A140     		lsls	r1, r1, r4
 253              	.LVL34:
 207:Middlewares/ST/STM32_USB_Host_Library/Class/HID/Src/usbh_hid_parser.c ****   
 208:Middlewares/ST/STM32_USB_Host_Library/Class/HID/Src/usbh_hid_parser.c ****   for(x=0; x < ((ri->size & 0x7) ? (ri->size/8)+1 : (ri->size/8)); x++)
 254              		.loc 1 208 0
 255 003a 0024     		movs	r4, #0
 256              	.LVL35:
 257 003c 11E0     		b	.L18
 258              	.LVL36:
 259              	.L21:
 209:Middlewares/ST/STM32_USB_Host_Library/Class/HID/Src/usbh_hid_parser.c ****   {
 210:Middlewares/ST/STM32_USB_Host_Library/Class/HID/Src/usbh_hid_parser.c ****     *(ri->data+x)=(uint8_t)((*(ri->data+x) & ~(mask>>(x*8))) | ((value>>(x*8)) & (mask>>(x*8))));
 260              		.loc 1 210 0 discriminator 7
 261 003e D0F800E0 		ldr	lr, [r0]
 262 0042 1EF80460 		ldrb	r6, [lr, r4]	@ zero_extendqisi2
 263 0046 E300     		lsls	r3, r4, #3
 264 0048 27FA03F5 		lsr	r5, r7, r3
 265 004c EDB2     		uxtb	r5, r5
 266 004e 21FA03F2 		lsr	r2, r1, r3
 267 0052 26EA0506 		bic	r6, r6, r5
 268 0056 05EA0203 		and	r3, r5, r2
 269 005a 3343     		orrs	r3, r3, r6
 270 005c 0EF80430 		strb	r3, [lr, r4]
 208:Middlewares/ST/STM32_USB_Host_Library/Class/HID/Src/usbh_hid_parser.c ****   {
 271              		.loc 1 208 0 discriminator 7
 272 0060 0134     		adds	r4, r4, #1
 273              	.LVL37:
 274              	.L18:
 208:Middlewares/ST/STM32_USB_Host_Library/Class/HID/Src/usbh_hid_parser.c ****   {
 275              		.loc 1 208 0 is_stmt 0 discriminator 1
 276 0062 4368     		ldr	r3, [r0, #4]
 277 0064 13F0070F 		tst	r3, #7
 278 0068 02D0     		beq	.L19
 208:Middlewares/ST/STM32_USB_Host_Library/Class/HID/Src/usbh_hid_parser.c ****   {
 279              		.loc 1 208 0 discriminator 3
 280 006a DB08     		lsrs	r3, r3, #3
 281 006c 0133     		adds	r3, r3, #1
 282 006e 00E0     		b	.L20
 283              	.L19:
 208:Middlewares/ST/STM32_USB_Host_Library/Class/HID/Src/usbh_hid_parser.c ****   {
 284              		.loc 1 208 0 discriminator 4
 285 0070 DB08     		lsrs	r3, r3, #3
 286              	.L20:
 208:Middlewares/ST/STM32_USB_Host_Library/Class/HID/Src/usbh_hid_parser.c ****   {
 287              		.loc 1 208 0 discriminator 6
 288 0072 9C42     		cmp	r4, r3
 289 0074 E3D3     		bcc	.L21
 211:Middlewares/ST/STM32_USB_Host_Library/Class/HID/Src/usbh_hid_parser.c ****   }
 212:Middlewares/ST/STM32_USB_Host_Library/Class/HID/Src/usbh_hid_parser.c ****   return(0);
 290              		.loc 1 212 0 is_stmt 1
ARM GAS  /tmp/ccxSgDp9.s 			page 10


 291 0076 0020     		movs	r0, #0
 292              	.LVL38:
 293 0078 F0BD     		pop	{r4, r5, r6, r7, pc}
 294              	.LVL39:
 295              	.L22:
 178:Middlewares/ST/STM32_USB_Host_Library/Class/HID/Src/usbh_hid_parser.c ****   }
 296              		.loc 1 178 0
 297 007a 0120     		movs	r0, #1
 298              	.LVL40:
 299 007c F0BD     		pop	{r4, r5, r6, r7, pc}
 300              	.LVL41:
 301              	.L23:
 302 007e 0120     		movs	r0, #1
 303              	.LVL42:
 304 0080 F0BD     		pop	{r4, r5, r6, r7, pc}
 305              	.LVL43:
 306              	.L24:
 187:Middlewares/ST/STM32_USB_Host_Library/Class/HID/Src/usbh_hid_parser.c ****     }
 307              		.loc 1 187 0
 308 0082 0020     		movs	r0, #0
 309              	.LVL44:
 213:Middlewares/ST/STM32_USB_Host_Library/Class/HID/Src/usbh_hid_parser.c **** }
 310              		.loc 1 213 0
 311 0084 F0BD     		pop	{r4, r5, r6, r7, pc}
 312              		.cfi_endproc
 313              	.LFE125:
 315 0086 00BF     		.text
 316              	.Letext0:
 317              		.file 2 "/home/ada/Downloads/gcc-arm-none-eabi-5_4-2016q3/arm-none-eabi/include/machine/_default_t
 318              		.file 3 "/home/ada/Downloads/gcc-arm-none-eabi-5_4-2016q3/arm-none-eabi/include/sys/_stdint.h"
 319              		.file 4 "Middlewares/ST/STM32_USB_Host_Library/Class/HID/Inc/usbh_hid_parser.h"
 320              		.file 5 "Drivers/CMSIS/Include/core_cm4.h"
ARM GAS  /tmp/ccxSgDp9.s 			page 11


DEFINED SYMBOLS
                            *ABS*:00000000 usbh_hid_parser.c
     /tmp/ccxSgDp9.s:22     .text.HID_ReadItem:00000000 $t
     /tmp/ccxSgDp9.s:27     .text.HID_ReadItem:00000000 HID_ReadItem
     /tmp/ccxSgDp9.s:187    .text.HID_WriteItem:00000000 $t
     /tmp/ccxSgDp9.s:192    .text.HID_WriteItem:00000000 HID_WriteItem
                     .debug_frame:00000010 $d

NO UNDEFINED SYMBOLS
