ARM GAS  /tmp/cc42gsDp.s 			page 1


   1              		.syntax unified
   2              		.cpu cortex-m4
   3              		.eabi_attribute 27, 1
   4              		.eabi_attribute 28, 1
   5              		.fpu fpv4-sp-d16
   6              		.eabi_attribute 20, 1
   7              		.eabi_attribute 21, 1
   8              		.eabi_attribute 23, 3
   9              		.eabi_attribute 24, 1
  10              		.eabi_attribute 25, 1
  11              		.eabi_attribute 26, 1
  12              		.eabi_attribute 30, 1
  13              		.eabi_attribute 34, 1
  14              		.eabi_attribute 18, 4
  15              		.thumb
  16              		.syntax unified
  17              		.file	"usbh_hid_mouse.c"
  18              		.text
  19              	.Ltext0:
  20              		.cfi_sections	.debug_frame
  21              		.section	.text.USBH_HID_MouseDecode,"ax",%progbits
  22              		.align	2
  23              		.thumb
  24              		.thumb_func
  26              	USBH_HID_MouseDecode:
  27              	.LFB126:
  28              		.file 1 "Middlewares/ST/STM32_USB_Host_Library/Class/HID/Src/usbh_hid_mouse.c"
   1:Middlewares/ST/STM32_USB_Host_Library/Class/HID/Src/usbh_hid_mouse.c **** /**
   2:Middlewares/ST/STM32_USB_Host_Library/Class/HID/Src/usbh_hid_mouse.c ****   ******************************************************************************
   3:Middlewares/ST/STM32_USB_Host_Library/Class/HID/Src/usbh_hid_mouse.c ****   * @file    usbh_hid_mouse.c 
   4:Middlewares/ST/STM32_USB_Host_Library/Class/HID/Src/usbh_hid_mouse.c ****   * @author  MCD Application Team
   5:Middlewares/ST/STM32_USB_Host_Library/Class/HID/Src/usbh_hid_mouse.c ****   * @version V3.2.2
   6:Middlewares/ST/STM32_USB_Host_Library/Class/HID/Src/usbh_hid_mouse.c ****   * @date    07-July-2015
   7:Middlewares/ST/STM32_USB_Host_Library/Class/HID/Src/usbh_hid_mouse.c ****   * @brief   This file is the application layer for USB Host HID Mouse Handling.                  
   8:Middlewares/ST/STM32_USB_Host_Library/Class/HID/Src/usbh_hid_mouse.c ****   ******************************************************************************
   9:Middlewares/ST/STM32_USB_Host_Library/Class/HID/Src/usbh_hid_mouse.c ****   * @attention
  10:Middlewares/ST/STM32_USB_Host_Library/Class/HID/Src/usbh_hid_mouse.c ****   *
  11:Middlewares/ST/STM32_USB_Host_Library/Class/HID/Src/usbh_hid_mouse.c ****   * <h2><center>&copy; COPYRIGHT 2015 STMicroelectronics</center></h2>
  12:Middlewares/ST/STM32_USB_Host_Library/Class/HID/Src/usbh_hid_mouse.c ****   *
  13:Middlewares/ST/STM32_USB_Host_Library/Class/HID/Src/usbh_hid_mouse.c ****   * Licensed under MCD-ST Liberty SW License Agreement V2, (the "License");
  14:Middlewares/ST/STM32_USB_Host_Library/Class/HID/Src/usbh_hid_mouse.c ****   * You may not use this file except in compliance with the License.
  15:Middlewares/ST/STM32_USB_Host_Library/Class/HID/Src/usbh_hid_mouse.c ****   * You may obtain a copy of the License at:
  16:Middlewares/ST/STM32_USB_Host_Library/Class/HID/Src/usbh_hid_mouse.c ****   *
  17:Middlewares/ST/STM32_USB_Host_Library/Class/HID/Src/usbh_hid_mouse.c ****   *        http://www.st.com/software_license_agreement_liberty_v2
  18:Middlewares/ST/STM32_USB_Host_Library/Class/HID/Src/usbh_hid_mouse.c ****   *
  19:Middlewares/ST/STM32_USB_Host_Library/Class/HID/Src/usbh_hid_mouse.c ****   * Unless required by applicable law or agreed to in writing, software 
  20:Middlewares/ST/STM32_USB_Host_Library/Class/HID/Src/usbh_hid_mouse.c ****   * distributed under the License is distributed on an "AS IS" BASIS, 
  21:Middlewares/ST/STM32_USB_Host_Library/Class/HID/Src/usbh_hid_mouse.c ****   * WITHOUT WARRANTIES OR CONDITIONS OF ANY KIND, either express or implied.
  22:Middlewares/ST/STM32_USB_Host_Library/Class/HID/Src/usbh_hid_mouse.c ****   * See the License for the specific language governing permissions and
  23:Middlewares/ST/STM32_USB_Host_Library/Class/HID/Src/usbh_hid_mouse.c ****   * limitations under the License.
  24:Middlewares/ST/STM32_USB_Host_Library/Class/HID/Src/usbh_hid_mouse.c ****   *
  25:Middlewares/ST/STM32_USB_Host_Library/Class/HID/Src/usbh_hid_mouse.c ****   ******************************************************************************
  26:Middlewares/ST/STM32_USB_Host_Library/Class/HID/Src/usbh_hid_mouse.c ****   */ 
  27:Middlewares/ST/STM32_USB_Host_Library/Class/HID/Src/usbh_hid_mouse.c **** 
  28:Middlewares/ST/STM32_USB_Host_Library/Class/HID/Src/usbh_hid_mouse.c **** /* Includes ------------------------------------------------------------------*/
  29:Middlewares/ST/STM32_USB_Host_Library/Class/HID/Src/usbh_hid_mouse.c **** #include "usbh_hid_mouse.h"
  30:Middlewares/ST/STM32_USB_Host_Library/Class/HID/Src/usbh_hid_mouse.c **** #include "usbh_hid_parser.h"
ARM GAS  /tmp/cc42gsDp.s 			page 2


  31:Middlewares/ST/STM32_USB_Host_Library/Class/HID/Src/usbh_hid_mouse.c **** 
  32:Middlewares/ST/STM32_USB_Host_Library/Class/HID/Src/usbh_hid_mouse.c **** 
  33:Middlewares/ST/STM32_USB_Host_Library/Class/HID/Src/usbh_hid_mouse.c **** /** @addtogroup USBH_LIB
  34:Middlewares/ST/STM32_USB_Host_Library/Class/HID/Src/usbh_hid_mouse.c ****   * @{
  35:Middlewares/ST/STM32_USB_Host_Library/Class/HID/Src/usbh_hid_mouse.c ****   */
  36:Middlewares/ST/STM32_USB_Host_Library/Class/HID/Src/usbh_hid_mouse.c **** 
  37:Middlewares/ST/STM32_USB_Host_Library/Class/HID/Src/usbh_hid_mouse.c **** /** @addtogroup USBH_CLASS
  38:Middlewares/ST/STM32_USB_Host_Library/Class/HID/Src/usbh_hid_mouse.c ****   * @{
  39:Middlewares/ST/STM32_USB_Host_Library/Class/HID/Src/usbh_hid_mouse.c ****   */
  40:Middlewares/ST/STM32_USB_Host_Library/Class/HID/Src/usbh_hid_mouse.c **** 
  41:Middlewares/ST/STM32_USB_Host_Library/Class/HID/Src/usbh_hid_mouse.c **** /** @addtogroup USBH_HID_CLASS
  42:Middlewares/ST/STM32_USB_Host_Library/Class/HID/Src/usbh_hid_mouse.c ****   * @{
  43:Middlewares/ST/STM32_USB_Host_Library/Class/HID/Src/usbh_hid_mouse.c ****   */
  44:Middlewares/ST/STM32_USB_Host_Library/Class/HID/Src/usbh_hid_mouse.c ****   
  45:Middlewares/ST/STM32_USB_Host_Library/Class/HID/Src/usbh_hid_mouse.c **** /** @defgroup USBH_HID_MOUSE 
  46:Middlewares/ST/STM32_USB_Host_Library/Class/HID/Src/usbh_hid_mouse.c ****   * @brief    This file includes HID Layer Handlers for USB Host HID class.
  47:Middlewares/ST/STM32_USB_Host_Library/Class/HID/Src/usbh_hid_mouse.c ****   * @{
  48:Middlewares/ST/STM32_USB_Host_Library/Class/HID/Src/usbh_hid_mouse.c ****   */ 
  49:Middlewares/ST/STM32_USB_Host_Library/Class/HID/Src/usbh_hid_mouse.c **** 
  50:Middlewares/ST/STM32_USB_Host_Library/Class/HID/Src/usbh_hid_mouse.c **** /** @defgroup USBH_HID_MOUSE_Private_TypesDefinitions
  51:Middlewares/ST/STM32_USB_Host_Library/Class/HID/Src/usbh_hid_mouse.c ****   * @{
  52:Middlewares/ST/STM32_USB_Host_Library/Class/HID/Src/usbh_hid_mouse.c ****   */ 
  53:Middlewares/ST/STM32_USB_Host_Library/Class/HID/Src/usbh_hid_mouse.c **** /**
  54:Middlewares/ST/STM32_USB_Host_Library/Class/HID/Src/usbh_hid_mouse.c ****   * @}
  55:Middlewares/ST/STM32_USB_Host_Library/Class/HID/Src/usbh_hid_mouse.c ****   */ 
  56:Middlewares/ST/STM32_USB_Host_Library/Class/HID/Src/usbh_hid_mouse.c **** 
  57:Middlewares/ST/STM32_USB_Host_Library/Class/HID/Src/usbh_hid_mouse.c **** 
  58:Middlewares/ST/STM32_USB_Host_Library/Class/HID/Src/usbh_hid_mouse.c **** /** @defgroup USBH_HID_MOUSE_Private_Defines
  59:Middlewares/ST/STM32_USB_Host_Library/Class/HID/Src/usbh_hid_mouse.c ****   * @{
  60:Middlewares/ST/STM32_USB_Host_Library/Class/HID/Src/usbh_hid_mouse.c ****   */ 
  61:Middlewares/ST/STM32_USB_Host_Library/Class/HID/Src/usbh_hid_mouse.c **** /**
  62:Middlewares/ST/STM32_USB_Host_Library/Class/HID/Src/usbh_hid_mouse.c ****   * @}
  63:Middlewares/ST/STM32_USB_Host_Library/Class/HID/Src/usbh_hid_mouse.c ****   */ 
  64:Middlewares/ST/STM32_USB_Host_Library/Class/HID/Src/usbh_hid_mouse.c **** 
  65:Middlewares/ST/STM32_USB_Host_Library/Class/HID/Src/usbh_hid_mouse.c **** 
  66:Middlewares/ST/STM32_USB_Host_Library/Class/HID/Src/usbh_hid_mouse.c **** /** @defgroup USBH_HID_MOUSE_Private_Macros
  67:Middlewares/ST/STM32_USB_Host_Library/Class/HID/Src/usbh_hid_mouse.c ****   * @{
  68:Middlewares/ST/STM32_USB_Host_Library/Class/HID/Src/usbh_hid_mouse.c ****   */ 
  69:Middlewares/ST/STM32_USB_Host_Library/Class/HID/Src/usbh_hid_mouse.c **** /**
  70:Middlewares/ST/STM32_USB_Host_Library/Class/HID/Src/usbh_hid_mouse.c ****   * @}
  71:Middlewares/ST/STM32_USB_Host_Library/Class/HID/Src/usbh_hid_mouse.c ****   */ 
  72:Middlewares/ST/STM32_USB_Host_Library/Class/HID/Src/usbh_hid_mouse.c **** 
  73:Middlewares/ST/STM32_USB_Host_Library/Class/HID/Src/usbh_hid_mouse.c **** /** @defgroup USBH_HID_MOUSE_Private_FunctionPrototypes
  74:Middlewares/ST/STM32_USB_Host_Library/Class/HID/Src/usbh_hid_mouse.c ****   * @{
  75:Middlewares/ST/STM32_USB_Host_Library/Class/HID/Src/usbh_hid_mouse.c ****   */ 
  76:Middlewares/ST/STM32_USB_Host_Library/Class/HID/Src/usbh_hid_mouse.c **** static USBH_StatusTypeDef USBH_HID_MouseDecode(USBH_HandleTypeDef *phost);
  77:Middlewares/ST/STM32_USB_Host_Library/Class/HID/Src/usbh_hid_mouse.c **** 
  78:Middlewares/ST/STM32_USB_Host_Library/Class/HID/Src/usbh_hid_mouse.c **** /**
  79:Middlewares/ST/STM32_USB_Host_Library/Class/HID/Src/usbh_hid_mouse.c ****   * @}
  80:Middlewares/ST/STM32_USB_Host_Library/Class/HID/Src/usbh_hid_mouse.c ****   */ 
  81:Middlewares/ST/STM32_USB_Host_Library/Class/HID/Src/usbh_hid_mouse.c **** 
  82:Middlewares/ST/STM32_USB_Host_Library/Class/HID/Src/usbh_hid_mouse.c **** 
  83:Middlewares/ST/STM32_USB_Host_Library/Class/HID/Src/usbh_hid_mouse.c **** /** @defgroup USBH_HID_MOUSE_Private_Variables
  84:Middlewares/ST/STM32_USB_Host_Library/Class/HID/Src/usbh_hid_mouse.c ****   * @{
  85:Middlewares/ST/STM32_USB_Host_Library/Class/HID/Src/usbh_hid_mouse.c ****   */
  86:Middlewares/ST/STM32_USB_Host_Library/Class/HID/Src/usbh_hid_mouse.c **** HID_MOUSE_Info_TypeDef    mouse_info;
  87:Middlewares/ST/STM32_USB_Host_Library/Class/HID/Src/usbh_hid_mouse.c **** uint32_t                  mouse_report_data[1];
ARM GAS  /tmp/cc42gsDp.s 			page 3


  88:Middlewares/ST/STM32_USB_Host_Library/Class/HID/Src/usbh_hid_mouse.c **** 
  89:Middlewares/ST/STM32_USB_Host_Library/Class/HID/Src/usbh_hid_mouse.c **** /* Structures defining how to access items in a HID mouse report */
  90:Middlewares/ST/STM32_USB_Host_Library/Class/HID/Src/usbh_hid_mouse.c **** /* Access button 1 state. */
  91:Middlewares/ST/STM32_USB_Host_Library/Class/HID/Src/usbh_hid_mouse.c **** static const HID_Report_ItemTypedef prop_b1={
  92:Middlewares/ST/STM32_USB_Host_Library/Class/HID/Src/usbh_hid_mouse.c ****   (uint8_t *)mouse_report_data+0, /*data*/
  93:Middlewares/ST/STM32_USB_Host_Library/Class/HID/Src/usbh_hid_mouse.c ****   1,     /*size*/
  94:Middlewares/ST/STM32_USB_Host_Library/Class/HID/Src/usbh_hid_mouse.c ****   0,     /*shift*/
  95:Middlewares/ST/STM32_USB_Host_Library/Class/HID/Src/usbh_hid_mouse.c ****   0,     /*count (only for array items)*/
  96:Middlewares/ST/STM32_USB_Host_Library/Class/HID/Src/usbh_hid_mouse.c ****   0,     /*signed?*/
  97:Middlewares/ST/STM32_USB_Host_Library/Class/HID/Src/usbh_hid_mouse.c ****   0,     /*min value read can return*/
  98:Middlewares/ST/STM32_USB_Host_Library/Class/HID/Src/usbh_hid_mouse.c ****   1,     /*max value read can return*/
  99:Middlewares/ST/STM32_USB_Host_Library/Class/HID/Src/usbh_hid_mouse.c ****   0,     /*min value device can report*/
 100:Middlewares/ST/STM32_USB_Host_Library/Class/HID/Src/usbh_hid_mouse.c ****   1,     /*max value device can report*/
 101:Middlewares/ST/STM32_USB_Host_Library/Class/HID/Src/usbh_hid_mouse.c ****   1      /*resolution*/
 102:Middlewares/ST/STM32_USB_Host_Library/Class/HID/Src/usbh_hid_mouse.c **** };
 103:Middlewares/ST/STM32_USB_Host_Library/Class/HID/Src/usbh_hid_mouse.c **** 
 104:Middlewares/ST/STM32_USB_Host_Library/Class/HID/Src/usbh_hid_mouse.c **** /* Access button 2 state. */
 105:Middlewares/ST/STM32_USB_Host_Library/Class/HID/Src/usbh_hid_mouse.c **** static const HID_Report_ItemTypedef prop_b2={
 106:Middlewares/ST/STM32_USB_Host_Library/Class/HID/Src/usbh_hid_mouse.c ****   (uint8_t *)mouse_report_data+0, /*data*/
 107:Middlewares/ST/STM32_USB_Host_Library/Class/HID/Src/usbh_hid_mouse.c ****   1,     /*size*/
 108:Middlewares/ST/STM32_USB_Host_Library/Class/HID/Src/usbh_hid_mouse.c ****   1,     /*shift*/
 109:Middlewares/ST/STM32_USB_Host_Library/Class/HID/Src/usbh_hid_mouse.c ****   0,     /*count (only for array items)*/  
 110:Middlewares/ST/STM32_USB_Host_Library/Class/HID/Src/usbh_hid_mouse.c ****   0,     /*signed?*/
 111:Middlewares/ST/STM32_USB_Host_Library/Class/HID/Src/usbh_hid_mouse.c ****   0,     /*min value read can return*/
 112:Middlewares/ST/STM32_USB_Host_Library/Class/HID/Src/usbh_hid_mouse.c ****   1,     /*max value read can return*/
 113:Middlewares/ST/STM32_USB_Host_Library/Class/HID/Src/usbh_hid_mouse.c ****   0,     /*min value device can report*/
 114:Middlewares/ST/STM32_USB_Host_Library/Class/HID/Src/usbh_hid_mouse.c ****   1,     /*max value device can report*/
 115:Middlewares/ST/STM32_USB_Host_Library/Class/HID/Src/usbh_hid_mouse.c ****   1      /*resolution*/
 116:Middlewares/ST/STM32_USB_Host_Library/Class/HID/Src/usbh_hid_mouse.c **** };
 117:Middlewares/ST/STM32_USB_Host_Library/Class/HID/Src/usbh_hid_mouse.c **** 
 118:Middlewares/ST/STM32_USB_Host_Library/Class/HID/Src/usbh_hid_mouse.c **** /* Access button 3 state. */   
 119:Middlewares/ST/STM32_USB_Host_Library/Class/HID/Src/usbh_hid_mouse.c **** static const HID_Report_ItemTypedef prop_b3={
 120:Middlewares/ST/STM32_USB_Host_Library/Class/HID/Src/usbh_hid_mouse.c ****   (uint8_t *)mouse_report_data+0, /*data*/
 121:Middlewares/ST/STM32_USB_Host_Library/Class/HID/Src/usbh_hid_mouse.c ****   1,     /*size*/
 122:Middlewares/ST/STM32_USB_Host_Library/Class/HID/Src/usbh_hid_mouse.c ****   2,     /*shift*/
 123:Middlewares/ST/STM32_USB_Host_Library/Class/HID/Src/usbh_hid_mouse.c ****   0,     /*count (only for array items)*/
 124:Middlewares/ST/STM32_USB_Host_Library/Class/HID/Src/usbh_hid_mouse.c ****   0,     /*signed?*/
 125:Middlewares/ST/STM32_USB_Host_Library/Class/HID/Src/usbh_hid_mouse.c ****   0,     /*min value read can return*/
 126:Middlewares/ST/STM32_USB_Host_Library/Class/HID/Src/usbh_hid_mouse.c ****   1,     /*max value read can return*/
 127:Middlewares/ST/STM32_USB_Host_Library/Class/HID/Src/usbh_hid_mouse.c ****   0,     /*min vale device can report*/
 128:Middlewares/ST/STM32_USB_Host_Library/Class/HID/Src/usbh_hid_mouse.c ****   1,     /*max value device can report*/
 129:Middlewares/ST/STM32_USB_Host_Library/Class/HID/Src/usbh_hid_mouse.c ****   1      /*resolution*/
 130:Middlewares/ST/STM32_USB_Host_Library/Class/HID/Src/usbh_hid_mouse.c **** };
 131:Middlewares/ST/STM32_USB_Host_Library/Class/HID/Src/usbh_hid_mouse.c **** 
 132:Middlewares/ST/STM32_USB_Host_Library/Class/HID/Src/usbh_hid_mouse.c **** /* Access x coordinate change. */
 133:Middlewares/ST/STM32_USB_Host_Library/Class/HID/Src/usbh_hid_mouse.c **** static const HID_Report_ItemTypedef prop_x={
 134:Middlewares/ST/STM32_USB_Host_Library/Class/HID/Src/usbh_hid_mouse.c ****   (uint8_t *)mouse_report_data+1, /*data*/
 135:Middlewares/ST/STM32_USB_Host_Library/Class/HID/Src/usbh_hid_mouse.c ****   8,     /*size*/
 136:Middlewares/ST/STM32_USB_Host_Library/Class/HID/Src/usbh_hid_mouse.c ****   0,     /*shift*/
 137:Middlewares/ST/STM32_USB_Host_Library/Class/HID/Src/usbh_hid_mouse.c ****   0,     /*count (only for array items)*/  
 138:Middlewares/ST/STM32_USB_Host_Library/Class/HID/Src/usbh_hid_mouse.c ****   1,     /*signed?*/
 139:Middlewares/ST/STM32_USB_Host_Library/Class/HID/Src/usbh_hid_mouse.c ****   0,     /*min value read can return*/
 140:Middlewares/ST/STM32_USB_Host_Library/Class/HID/Src/usbh_hid_mouse.c ****   0xFFFF,/*max value read can return*/
 141:Middlewares/ST/STM32_USB_Host_Library/Class/HID/Src/usbh_hid_mouse.c ****   0,     /*min vale device can report*/
 142:Middlewares/ST/STM32_USB_Host_Library/Class/HID/Src/usbh_hid_mouse.c ****   0xFFFF,/*max value device can report*/
 143:Middlewares/ST/STM32_USB_Host_Library/Class/HID/Src/usbh_hid_mouse.c ****   1      /*resolution*/
 144:Middlewares/ST/STM32_USB_Host_Library/Class/HID/Src/usbh_hid_mouse.c **** };
ARM GAS  /tmp/cc42gsDp.s 			page 4


 145:Middlewares/ST/STM32_USB_Host_Library/Class/HID/Src/usbh_hid_mouse.c **** 
 146:Middlewares/ST/STM32_USB_Host_Library/Class/HID/Src/usbh_hid_mouse.c **** /* Access y coordinate change. */
 147:Middlewares/ST/STM32_USB_Host_Library/Class/HID/Src/usbh_hid_mouse.c **** static const HID_Report_ItemTypedef prop_y={
 148:Middlewares/ST/STM32_USB_Host_Library/Class/HID/Src/usbh_hid_mouse.c ****   (uint8_t *)mouse_report_data+2, /*data*/
 149:Middlewares/ST/STM32_USB_Host_Library/Class/HID/Src/usbh_hid_mouse.c ****   8,     /*size*/
 150:Middlewares/ST/STM32_USB_Host_Library/Class/HID/Src/usbh_hid_mouse.c ****   0,     /*shift*/
 151:Middlewares/ST/STM32_USB_Host_Library/Class/HID/Src/usbh_hid_mouse.c ****   0,     /*count (only for array items)*/  
 152:Middlewares/ST/STM32_USB_Host_Library/Class/HID/Src/usbh_hid_mouse.c ****   1,     /*signed?*/
 153:Middlewares/ST/STM32_USB_Host_Library/Class/HID/Src/usbh_hid_mouse.c ****   0,     /*min value read can return*/
 154:Middlewares/ST/STM32_USB_Host_Library/Class/HID/Src/usbh_hid_mouse.c ****   0xFFFF,/*max value read can return*/
 155:Middlewares/ST/STM32_USB_Host_Library/Class/HID/Src/usbh_hid_mouse.c ****   0,     /*min vale device can report*/
 156:Middlewares/ST/STM32_USB_Host_Library/Class/HID/Src/usbh_hid_mouse.c ****   0xFFFF,/*max value device can report*/
 157:Middlewares/ST/STM32_USB_Host_Library/Class/HID/Src/usbh_hid_mouse.c ****   1      /*resolution*/
 158:Middlewares/ST/STM32_USB_Host_Library/Class/HID/Src/usbh_hid_mouse.c **** };
 159:Middlewares/ST/STM32_USB_Host_Library/Class/HID/Src/usbh_hid_mouse.c **** 
 160:Middlewares/ST/STM32_USB_Host_Library/Class/HID/Src/usbh_hid_mouse.c **** 
 161:Middlewares/ST/STM32_USB_Host_Library/Class/HID/Src/usbh_hid_mouse.c **** /**
 162:Middlewares/ST/STM32_USB_Host_Library/Class/HID/Src/usbh_hid_mouse.c ****   * @}
 163:Middlewares/ST/STM32_USB_Host_Library/Class/HID/Src/usbh_hid_mouse.c ****   */ 
 164:Middlewares/ST/STM32_USB_Host_Library/Class/HID/Src/usbh_hid_mouse.c **** 
 165:Middlewares/ST/STM32_USB_Host_Library/Class/HID/Src/usbh_hid_mouse.c **** 
 166:Middlewares/ST/STM32_USB_Host_Library/Class/HID/Src/usbh_hid_mouse.c **** /** @defgroup USBH_HID_MOUSE_Private_Functions
 167:Middlewares/ST/STM32_USB_Host_Library/Class/HID/Src/usbh_hid_mouse.c ****   * @{
 168:Middlewares/ST/STM32_USB_Host_Library/Class/HID/Src/usbh_hid_mouse.c ****   */ 
 169:Middlewares/ST/STM32_USB_Host_Library/Class/HID/Src/usbh_hid_mouse.c **** 
 170:Middlewares/ST/STM32_USB_Host_Library/Class/HID/Src/usbh_hid_mouse.c **** /**
 171:Middlewares/ST/STM32_USB_Host_Library/Class/HID/Src/usbh_hid_mouse.c ****   * @brief  USBH_HID_MouseInit 
 172:Middlewares/ST/STM32_USB_Host_Library/Class/HID/Src/usbh_hid_mouse.c ****   *         The function init the HID mouse.
 173:Middlewares/ST/STM32_USB_Host_Library/Class/HID/Src/usbh_hid_mouse.c ****   * @param  phost: Host handle
 174:Middlewares/ST/STM32_USB_Host_Library/Class/HID/Src/usbh_hid_mouse.c ****   * @retval USBH Status
 175:Middlewares/ST/STM32_USB_Host_Library/Class/HID/Src/usbh_hid_mouse.c ****   */
 176:Middlewares/ST/STM32_USB_Host_Library/Class/HID/Src/usbh_hid_mouse.c **** USBH_StatusTypeDef USBH_HID_MouseInit(USBH_HandleTypeDef *phost)
 177:Middlewares/ST/STM32_USB_Host_Library/Class/HID/Src/usbh_hid_mouse.c **** {
 178:Middlewares/ST/STM32_USB_Host_Library/Class/HID/Src/usbh_hid_mouse.c ****   HID_HandleTypeDef *HID_Handle =  (HID_HandleTypeDef *) phost->pActiveClass->pData;
 179:Middlewares/ST/STM32_USB_Host_Library/Class/HID/Src/usbh_hid_mouse.c **** 
 180:Middlewares/ST/STM32_USB_Host_Library/Class/HID/Src/usbh_hid_mouse.c ****   mouse_info.x=0;
 181:Middlewares/ST/STM32_USB_Host_Library/Class/HID/Src/usbh_hid_mouse.c ****   mouse_info.y=0;
 182:Middlewares/ST/STM32_USB_Host_Library/Class/HID/Src/usbh_hid_mouse.c ****   mouse_info.buttons[0]=0;
 183:Middlewares/ST/STM32_USB_Host_Library/Class/HID/Src/usbh_hid_mouse.c ****   mouse_info.buttons[1]=0;
 184:Middlewares/ST/STM32_USB_Host_Library/Class/HID/Src/usbh_hid_mouse.c ****   mouse_info.buttons[2]=0;
 185:Middlewares/ST/STM32_USB_Host_Library/Class/HID/Src/usbh_hid_mouse.c ****   
 186:Middlewares/ST/STM32_USB_Host_Library/Class/HID/Src/usbh_hid_mouse.c ****   mouse_report_data[0]=0;
 187:Middlewares/ST/STM32_USB_Host_Library/Class/HID/Src/usbh_hid_mouse.c ****   
 188:Middlewares/ST/STM32_USB_Host_Library/Class/HID/Src/usbh_hid_mouse.c ****   if(HID_Handle->length > sizeof(mouse_report_data))
 189:Middlewares/ST/STM32_USB_Host_Library/Class/HID/Src/usbh_hid_mouse.c ****   {
 190:Middlewares/ST/STM32_USB_Host_Library/Class/HID/Src/usbh_hid_mouse.c ****     HID_Handle->length = sizeof(mouse_report_data);
 191:Middlewares/ST/STM32_USB_Host_Library/Class/HID/Src/usbh_hid_mouse.c ****   }
 192:Middlewares/ST/STM32_USB_Host_Library/Class/HID/Src/usbh_hid_mouse.c ****   HID_Handle->pData = (uint8_t *)mouse_report_data;
 193:Middlewares/ST/STM32_USB_Host_Library/Class/HID/Src/usbh_hid_mouse.c ****   fifo_init(&HID_Handle->fifo, phost->device.Data, HID_QUEUE_SIZE * sizeof(mouse_report_data));
 194:Middlewares/ST/STM32_USB_Host_Library/Class/HID/Src/usbh_hid_mouse.c **** 
 195:Middlewares/ST/STM32_USB_Host_Library/Class/HID/Src/usbh_hid_mouse.c ****   return USBH_OK;  
 196:Middlewares/ST/STM32_USB_Host_Library/Class/HID/Src/usbh_hid_mouse.c **** }
 197:Middlewares/ST/STM32_USB_Host_Library/Class/HID/Src/usbh_hid_mouse.c **** 
 198:Middlewares/ST/STM32_USB_Host_Library/Class/HID/Src/usbh_hid_mouse.c **** /**
 199:Middlewares/ST/STM32_USB_Host_Library/Class/HID/Src/usbh_hid_mouse.c ****   * @brief  USBH_HID_GetMouseInfo 
 200:Middlewares/ST/STM32_USB_Host_Library/Class/HID/Src/usbh_hid_mouse.c ****   *         The function return mouse information.
 201:Middlewares/ST/STM32_USB_Host_Library/Class/HID/Src/usbh_hid_mouse.c ****   * @param  phost: Host handle
ARM GAS  /tmp/cc42gsDp.s 			page 5


 202:Middlewares/ST/STM32_USB_Host_Library/Class/HID/Src/usbh_hid_mouse.c ****   * @retval mouse information
 203:Middlewares/ST/STM32_USB_Host_Library/Class/HID/Src/usbh_hid_mouse.c ****   */
 204:Middlewares/ST/STM32_USB_Host_Library/Class/HID/Src/usbh_hid_mouse.c **** HID_MOUSE_Info_TypeDef *USBH_HID_GetMouseInfo(USBH_HandleTypeDef *phost)
 205:Middlewares/ST/STM32_USB_Host_Library/Class/HID/Src/usbh_hid_mouse.c **** {
 206:Middlewares/ST/STM32_USB_Host_Library/Class/HID/Src/usbh_hid_mouse.c ****  if(USBH_HID_MouseDecode(phost)== USBH_OK)
 207:Middlewares/ST/STM32_USB_Host_Library/Class/HID/Src/usbh_hid_mouse.c ****  {
 208:Middlewares/ST/STM32_USB_Host_Library/Class/HID/Src/usbh_hid_mouse.c ****   return &mouse_info;
 209:Middlewares/ST/STM32_USB_Host_Library/Class/HID/Src/usbh_hid_mouse.c ****  }
 210:Middlewares/ST/STM32_USB_Host_Library/Class/HID/Src/usbh_hid_mouse.c ****  else
 211:Middlewares/ST/STM32_USB_Host_Library/Class/HID/Src/usbh_hid_mouse.c ****  {
 212:Middlewares/ST/STM32_USB_Host_Library/Class/HID/Src/usbh_hid_mouse.c ****   return NULL; 
 213:Middlewares/ST/STM32_USB_Host_Library/Class/HID/Src/usbh_hid_mouse.c ****  }
 214:Middlewares/ST/STM32_USB_Host_Library/Class/HID/Src/usbh_hid_mouse.c **** }
 215:Middlewares/ST/STM32_USB_Host_Library/Class/HID/Src/usbh_hid_mouse.c **** 
 216:Middlewares/ST/STM32_USB_Host_Library/Class/HID/Src/usbh_hid_mouse.c **** /**
 217:Middlewares/ST/STM32_USB_Host_Library/Class/HID/Src/usbh_hid_mouse.c ****   * @brief  USBH_HID_MouseDecode 
 218:Middlewares/ST/STM32_USB_Host_Library/Class/HID/Src/usbh_hid_mouse.c ****   *         The function decode mouse data.
 219:Middlewares/ST/STM32_USB_Host_Library/Class/HID/Src/usbh_hid_mouse.c ****   * @param  phost: Host handle
 220:Middlewares/ST/STM32_USB_Host_Library/Class/HID/Src/usbh_hid_mouse.c ****   * @retval USBH Status
 221:Middlewares/ST/STM32_USB_Host_Library/Class/HID/Src/usbh_hid_mouse.c ****   */
 222:Middlewares/ST/STM32_USB_Host_Library/Class/HID/Src/usbh_hid_mouse.c **** static USBH_StatusTypeDef USBH_HID_MouseDecode(USBH_HandleTypeDef *phost)
 223:Middlewares/ST/STM32_USB_Host_Library/Class/HID/Src/usbh_hid_mouse.c **** {
  29              		.loc 1 223 0
  30              		.cfi_startproc
  31              		@ args = 0, pretend = 0, frame = 0
  32              		@ frame_needed = 0, uses_anonymous_args = 0
  33              	.LVL0:
  34 0000 10B5     		push	{r4, lr}
  35              	.LCFI0:
  36              		.cfi_def_cfa_offset 8
  37              		.cfi_offset 4, -8
  38              		.cfi_offset 14, -4
 224:Middlewares/ST/STM32_USB_Host_Library/Class/HID/Src/usbh_hid_mouse.c ****   HID_HandleTypeDef *HID_Handle = (HID_HandleTypeDef *) phost->pActiveClass->pData;
  39              		.loc 1 224 0
  40 0002 D0F84435 		ldr	r3, [r0, #1348]
  41 0006 DC69     		ldr	r4, [r3, #28]
  42              	.LVL1:
 225:Middlewares/ST/STM32_USB_Host_Library/Class/HID/Src/usbh_hid_mouse.c ****   
 226:Middlewares/ST/STM32_USB_Host_Library/Class/HID/Src/usbh_hid_mouse.c ****   if(HID_Handle->length == 0)
  43              		.loc 1 226 0
  44 0008 228B     		ldrh	r2, [r4, #24]
  45 000a 1AB3     		cbz	r2, .L3
 227:Middlewares/ST/STM32_USB_Host_Library/Class/HID/Src/usbh_hid_mouse.c ****   {
 228:Middlewares/ST/STM32_USB_Host_Library/Class/HID/Src/usbh_hid_mouse.c ****     return USBH_FAIL;
 229:Middlewares/ST/STM32_USB_Host_Library/Class/HID/Src/usbh_hid_mouse.c ****   }
 230:Middlewares/ST/STM32_USB_Host_Library/Class/HID/Src/usbh_hid_mouse.c ****   /*Fill report */
 231:Middlewares/ST/STM32_USB_Host_Library/Class/HID/Src/usbh_hid_mouse.c ****   if(fifo_read(&HID_Handle->fifo, &mouse_report_data, HID_Handle->length) ==  HID_Handle->length)
  46              		.loc 1 231 0
  47 000c 1349     		ldr	r1, .L6
  48 000e 04F10800 		add	r0, r4, #8
  49              	.LVL2:
  50 0012 FFF7FEFF 		bl	fifo_read
  51              	.LVL3:
  52 0016 238B     		ldrh	r3, [r4, #24]
  53 0018 9842     		cmp	r0, r3
  54 001a 1DD1     		bne	.L4
 232:Middlewares/ST/STM32_USB_Host_Library/Class/HID/Src/usbh_hid_mouse.c ****   {
ARM GAS  /tmp/cc42gsDp.s 			page 6


 233:Middlewares/ST/STM32_USB_Host_Library/Class/HID/Src/usbh_hid_mouse.c ****     
 234:Middlewares/ST/STM32_USB_Host_Library/Class/HID/Src/usbh_hid_mouse.c ****     /*Decode report */
 235:Middlewares/ST/STM32_USB_Host_Library/Class/HID/Src/usbh_hid_mouse.c ****     mouse_info.x = (int16_t )HID_ReadItem((HID_Report_ItemTypedef *) &prop_x, 0);
  55              		.loc 1 235 0
  56 001c 0021     		movs	r1, #0
  57 001e 1048     		ldr	r0, .L6+4
  58 0020 FFF7FEFF 		bl	HID_ReadItem
  59              	.LVL4:
  60 0024 0F4C     		ldr	r4, .L6+8
  61              	.LVL5:
  62 0026 2070     		strb	r0, [r4]
 236:Middlewares/ST/STM32_USB_Host_Library/Class/HID/Src/usbh_hid_mouse.c ****     mouse_info.y = (int16_t )HID_ReadItem((HID_Report_ItemTypedef *) &prop_y, 0);
  63              		.loc 1 236 0
  64 0028 0021     		movs	r1, #0
  65 002a 0F48     		ldr	r0, .L6+12
  66 002c FFF7FEFF 		bl	HID_ReadItem
  67              	.LVL6:
  68 0030 6070     		strb	r0, [r4, #1]
 237:Middlewares/ST/STM32_USB_Host_Library/Class/HID/Src/usbh_hid_mouse.c ****     
 238:Middlewares/ST/STM32_USB_Host_Library/Class/HID/Src/usbh_hid_mouse.c ****     mouse_info.buttons[0]=(uint8_t)HID_ReadItem((HID_Report_ItemTypedef *) &prop_b1, 0);
  69              		.loc 1 238 0
  70 0032 0021     		movs	r1, #0
  71 0034 0D48     		ldr	r0, .L6+16
  72 0036 FFF7FEFF 		bl	HID_ReadItem
  73              	.LVL7:
  74 003a A070     		strb	r0, [r4, #2]
 239:Middlewares/ST/STM32_USB_Host_Library/Class/HID/Src/usbh_hid_mouse.c ****     mouse_info.buttons[1]=(uint8_t)HID_ReadItem((HID_Report_ItemTypedef *) &prop_b2, 0);
  75              		.loc 1 239 0
  76 003c 0021     		movs	r1, #0
  77 003e 0C48     		ldr	r0, .L6+20
  78 0040 FFF7FEFF 		bl	HID_ReadItem
  79              	.LVL8:
  80 0044 E070     		strb	r0, [r4, #3]
 240:Middlewares/ST/STM32_USB_Host_Library/Class/HID/Src/usbh_hid_mouse.c ****     mouse_info.buttons[2]=(uint8_t)HID_ReadItem((HID_Report_ItemTypedef *) &prop_b3, 0);
  81              		.loc 1 240 0
  82 0046 0021     		movs	r1, #0
  83 0048 0A48     		ldr	r0, .L6+24
  84 004a FFF7FEFF 		bl	HID_ReadItem
  85              	.LVL9:
  86 004e 2071     		strb	r0, [r4, #4]
 241:Middlewares/ST/STM32_USB_Host_Library/Class/HID/Src/usbh_hid_mouse.c ****     
 242:Middlewares/ST/STM32_USB_Host_Library/Class/HID/Src/usbh_hid_mouse.c ****     return USBH_OK;  
  87              		.loc 1 242 0
  88 0050 0020     		movs	r0, #0
  89 0052 10BD     		pop	{r4, pc}
  90              	.LVL10:
  91              	.L3:
 228:Middlewares/ST/STM32_USB_Host_Library/Class/HID/Src/usbh_hid_mouse.c ****   }
  92              		.loc 1 228 0
  93 0054 0220     		movs	r0, #2
  94              	.LVL11:
  95 0056 10BD     		pop	{r4, pc}
  96              	.LVL12:
  97              	.L4:
 243:Middlewares/ST/STM32_USB_Host_Library/Class/HID/Src/usbh_hid_mouse.c ****   }
 244:Middlewares/ST/STM32_USB_Host_Library/Class/HID/Src/usbh_hid_mouse.c ****   return   USBH_FAIL;
  98              		.loc 1 244 0
ARM GAS  /tmp/cc42gsDp.s 			page 7


  99 0058 0220     		movs	r0, #2
 245:Middlewares/ST/STM32_USB_Host_Library/Class/HID/Src/usbh_hid_mouse.c **** }
 100              		.loc 1 245 0
 101 005a 10BD     		pop	{r4, pc}
 102              	.LVL13:
 103              	.L7:
 104              		.align	2
 105              	.L6:
 106 005c 00000000 		.word	mouse_report_data
 107 0060 00000000 		.word	.LANCHOR0
 108 0064 00000000 		.word	mouse_info
 109 0068 00000000 		.word	.LANCHOR1
 110 006c 00000000 		.word	.LANCHOR2
 111 0070 00000000 		.word	.LANCHOR3
 112 0074 00000000 		.word	.LANCHOR4
 113              		.cfi_endproc
 114              	.LFE126:
 116              		.section	.text.USBH_HID_MouseInit,"ax",%progbits
 117              		.align	2
 118              		.global	USBH_HID_MouseInit
 119              		.thumb
 120              		.thumb_func
 122              	USBH_HID_MouseInit:
 123              	.LFB124:
 177:Middlewares/ST/STM32_USB_Host_Library/Class/HID/Src/usbh_hid_mouse.c ****   HID_HandleTypeDef *HID_Handle =  (HID_HandleTypeDef *) phost->pActiveClass->pData;
 124              		.loc 1 177 0
 125              		.cfi_startproc
 126              		@ args = 0, pretend = 0, frame = 0
 127              		@ frame_needed = 0, uses_anonymous_args = 0
 128              	.LVL14:
 129 0000 10B5     		push	{r4, lr}
 130              	.LCFI1:
 131              		.cfi_def_cfa_offset 8
 132              		.cfi_offset 4, -8
 133              		.cfi_offset 14, -4
 178:Middlewares/ST/STM32_USB_Host_Library/Class/HID/Src/usbh_hid_mouse.c **** 
 134              		.loc 1 178 0
 135 0002 D0F84435 		ldr	r3, [r0, #1348]
 136 0006 DC69     		ldr	r4, [r3, #28]
 137              	.LVL15:
 180:Middlewares/ST/STM32_USB_Host_Library/Class/HID/Src/usbh_hid_mouse.c ****   mouse_info.y=0;
 138              		.loc 1 180 0
 139 0008 0C4A     		ldr	r2, .L11
 140 000a 0023     		movs	r3, #0
 141 000c 1370     		strb	r3, [r2]
 181:Middlewares/ST/STM32_USB_Host_Library/Class/HID/Src/usbh_hid_mouse.c ****   mouse_info.buttons[0]=0;
 142              		.loc 1 181 0
 143 000e 5370     		strb	r3, [r2, #1]
 182:Middlewares/ST/STM32_USB_Host_Library/Class/HID/Src/usbh_hid_mouse.c ****   mouse_info.buttons[1]=0;
 144              		.loc 1 182 0
 145 0010 9370     		strb	r3, [r2, #2]
 183:Middlewares/ST/STM32_USB_Host_Library/Class/HID/Src/usbh_hid_mouse.c ****   mouse_info.buttons[2]=0;
 146              		.loc 1 183 0
 147 0012 D370     		strb	r3, [r2, #3]
 184:Middlewares/ST/STM32_USB_Host_Library/Class/HID/Src/usbh_hid_mouse.c ****   
 148              		.loc 1 184 0
 149 0014 1371     		strb	r3, [r2, #4]
ARM GAS  /tmp/cc42gsDp.s 			page 8


 186:Middlewares/ST/STM32_USB_Host_Library/Class/HID/Src/usbh_hid_mouse.c ****   
 150              		.loc 1 186 0
 151 0016 0A4A     		ldr	r2, .L11+4
 152 0018 1360     		str	r3, [r2]
 188:Middlewares/ST/STM32_USB_Host_Library/Class/HID/Src/usbh_hid_mouse.c ****   {
 153              		.loc 1 188 0
 154 001a 238B     		ldrh	r3, [r4, #24]
 155 001c 042B     		cmp	r3, #4
 156 001e 01D9     		bls	.L9
 190:Middlewares/ST/STM32_USB_Host_Library/Class/HID/Src/usbh_hid_mouse.c ****   }
 157              		.loc 1 190 0
 158 0020 0423     		movs	r3, #4
 159 0022 2383     		strh	r3, [r4, #24]	@ movhi
 160              	.L9:
 192:Middlewares/ST/STM32_USB_Host_Library/Class/HID/Src/usbh_hid_mouse.c ****   fifo_init(&HID_Handle->fifo, phost->device.Data, HID_QUEUE_SIZE * sizeof(mouse_report_data));
 161              		.loc 1 192 0
 162 0024 064B     		ldr	r3, .L11+4
 163 0026 6361     		str	r3, [r4, #20]
 193:Middlewares/ST/STM32_USB_Host_Library/Class/HID/Src/usbh_hid_mouse.c **** 
 164              		.loc 1 193 0
 165 0028 2822     		movs	r2, #40
 166 002a 00F58E71 		add	r1, r0, #284
 167 002e 04F10800 		add	r0, r4, #8
 168              	.LVL16:
 169 0032 FFF7FEFF 		bl	fifo_init
 170              	.LVL17:
 196:Middlewares/ST/STM32_USB_Host_Library/Class/HID/Src/usbh_hid_mouse.c **** 
 171              		.loc 1 196 0
 172 0036 0020     		movs	r0, #0
 173 0038 10BD     		pop	{r4, pc}
 174              	.LVL18:
 175              	.L12:
 176 003a 00BF     		.align	2
 177              	.L11:
 178 003c 00000000 		.word	mouse_info
 179 0040 00000000 		.word	mouse_report_data
 180              		.cfi_endproc
 181              	.LFE124:
 183              		.section	.text.USBH_HID_GetMouseInfo,"ax",%progbits
 184              		.align	2
 185              		.global	USBH_HID_GetMouseInfo
 186              		.thumb
 187              		.thumb_func
 189              	USBH_HID_GetMouseInfo:
 190              	.LFB125:
 205:Middlewares/ST/STM32_USB_Host_Library/Class/HID/Src/usbh_hid_mouse.c ****  if(USBH_HID_MouseDecode(phost)== USBH_OK)
 191              		.loc 1 205 0
 192              		.cfi_startproc
 193              		@ args = 0, pretend = 0, frame = 0
 194              		@ frame_needed = 0, uses_anonymous_args = 0
 195              	.LVL19:
 196 0000 08B5     		push	{r3, lr}
 197              	.LCFI2:
 198              		.cfi_def_cfa_offset 8
 199              		.cfi_offset 3, -8
 200              		.cfi_offset 14, -4
 206:Middlewares/ST/STM32_USB_Host_Library/Class/HID/Src/usbh_hid_mouse.c ****  {
ARM GAS  /tmp/cc42gsDp.s 			page 9


 201              		.loc 1 206 0
 202 0002 FFF7FEFF 		bl	USBH_HID_MouseDecode
 203              	.LVL20:
 204 0006 08B9     		cbnz	r0, .L15
 208:Middlewares/ST/STM32_USB_Host_Library/Class/HID/Src/usbh_hid_mouse.c ****  }
 205              		.loc 1 208 0
 206 0008 0148     		ldr	r0, .L17
 207 000a 08BD     		pop	{r3, pc}
 208              	.L15:
 212:Middlewares/ST/STM32_USB_Host_Library/Class/HID/Src/usbh_hid_mouse.c ****  }
 209              		.loc 1 212 0
 210 000c 0020     		movs	r0, #0
 214:Middlewares/ST/STM32_USB_Host_Library/Class/HID/Src/usbh_hid_mouse.c **** 
 211              		.loc 1 214 0
 212 000e 08BD     		pop	{r3, pc}
 213              	.L18:
 214              		.align	2
 215              	.L17:
 216 0010 00000000 		.word	mouse_info
 217              		.cfi_endproc
 218              	.LFE125:
 220              		.comm	mouse_report_data,4,4
 221              		.comm	mouse_info,5,4
 222              		.section	.rodata.prop_b1,"a",%progbits
 223              		.align	2
 224              		.set	.LANCHOR2,. + 0
 227              	prop_b1:
 228 0000 00000000 		.word	mouse_report_data
 229 0004 01000000 		.word	1
 230 0008 00       		.byte	0
 231 0009 00       		.byte	0
 232 000a 00       		.byte	0
 233 000b 00       		.space	1
 234 000c 00000000 		.word	0
 235 0010 01000000 		.word	1
 236 0014 00000000 		.word	0
 237 0018 01000000 		.word	1
 238 001c 01000000 		.word	1
 239              		.section	.rodata.prop_b2,"a",%progbits
 240              		.align	2
 241              		.set	.LANCHOR3,. + 0
 244              	prop_b2:
 245 0000 00000000 		.word	mouse_report_data
 246 0004 01000000 		.word	1
 247 0008 01       		.byte	1
 248 0009 00       		.byte	0
 249 000a 00       		.byte	0
 250 000b 00       		.space	1
 251 000c 00000000 		.word	0
 252 0010 01000000 		.word	1
 253 0014 00000000 		.word	0
 254 0018 01000000 		.word	1
 255 001c 01000000 		.word	1
 256              		.section	.rodata.prop_b3,"a",%progbits
 257              		.align	2
 258              		.set	.LANCHOR4,. + 0
 261              	prop_b3:
ARM GAS  /tmp/cc42gsDp.s 			page 10


 262 0000 00000000 		.word	mouse_report_data
 263 0004 01000000 		.word	1
 264 0008 02       		.byte	2
 265 0009 00       		.byte	0
 266 000a 00       		.byte	0
 267 000b 00       		.space	1
 268 000c 00000000 		.word	0
 269 0010 01000000 		.word	1
 270 0014 00000000 		.word	0
 271 0018 01000000 		.word	1
 272 001c 01000000 		.word	1
 273              		.section	.rodata.prop_x,"a",%progbits
 274              		.align	2
 275              		.set	.LANCHOR0,. + 0
 278              	prop_x:
 279 0000 01000000 		.word	mouse_report_data+1
 280 0004 08000000 		.word	8
 281 0008 00       		.byte	0
 282 0009 00       		.byte	0
 283 000a 01       		.byte	1
 284 000b 00       		.space	1
 285 000c 00000000 		.word	0
 286 0010 FFFF0000 		.word	65535
 287 0014 00000000 		.word	0
 288 0018 FFFF0000 		.word	65535
 289 001c 01000000 		.word	1
 290              		.section	.rodata.prop_y,"a",%progbits
 291              		.align	2
 292              		.set	.LANCHOR1,. + 0
 295              	prop_y:
 296 0000 02000000 		.word	mouse_report_data+2
 297 0004 08000000 		.word	8
 298 0008 00       		.byte	0
 299 0009 00       		.byte	0
 300 000a 01       		.byte	1
 301 000b 00       		.space	1
 302 000c 00000000 		.word	0
 303 0010 FFFF0000 		.word	65535
 304 0014 00000000 		.word	0
 305 0018 FFFF0000 		.word	65535
 306 001c 01000000 		.word	1
 307              		.text
 308              	.Letext0:
 309              		.file 2 "/home/ada/Downloads/gcc-arm-none-eabi-5_4-2016q3/arm-none-eabi/include/machine/_default_t
 310              		.file 3 "/home/ada/Downloads/gcc-arm-none-eabi-5_4-2016q3/arm-none-eabi/include/sys/_stdint.h"
 311              		.file 4 "Middlewares/ST/STM32_USB_Host_Library/Core/Inc/usbh_def.h"
 312              		.file 5 "Middlewares/ST/STM32_USB_Host_Library/Class/HID/Inc/usbh_hid.h"
 313              		.file 6 "Middlewares/ST/STM32_USB_Host_Library/Class/HID/Inc/usbh_hid_mouse.h"
 314              		.file 7 "Middlewares/ST/STM32_USB_Host_Library/Class/HID/Inc/usbh_hid_parser.h"
 315              		.file 8 "Drivers/CMSIS/Include/core_cm4.h"
ARM GAS  /tmp/cc42gsDp.s 			page 11


DEFINED SYMBOLS
                            *ABS*:00000000 usbh_hid_mouse.c
     /tmp/cc42gsDp.s:22     .text.USBH_HID_MouseDecode:00000000 $t
     /tmp/cc42gsDp.s:26     .text.USBH_HID_MouseDecode:00000000 USBH_HID_MouseDecode
     /tmp/cc42gsDp.s:106    .text.USBH_HID_MouseDecode:0000005c $d
                            *COM*:00000004 mouse_report_data
                            *COM*:00000005 mouse_info
     /tmp/cc42gsDp.s:117    .text.USBH_HID_MouseInit:00000000 $t
     /tmp/cc42gsDp.s:122    .text.USBH_HID_MouseInit:00000000 USBH_HID_MouseInit
     /tmp/cc42gsDp.s:178    .text.USBH_HID_MouseInit:0000003c $d
     /tmp/cc42gsDp.s:184    .text.USBH_HID_GetMouseInfo:00000000 $t
     /tmp/cc42gsDp.s:189    .text.USBH_HID_GetMouseInfo:00000000 USBH_HID_GetMouseInfo
     /tmp/cc42gsDp.s:216    .text.USBH_HID_GetMouseInfo:00000010 $d
     /tmp/cc42gsDp.s:223    .rodata.prop_b1:00000000 $d
     /tmp/cc42gsDp.s:227    .rodata.prop_b1:00000000 prop_b1
     /tmp/cc42gsDp.s:240    .rodata.prop_b2:00000000 $d
     /tmp/cc42gsDp.s:244    .rodata.prop_b2:00000000 prop_b2
     /tmp/cc42gsDp.s:257    .rodata.prop_b3:00000000 $d
     /tmp/cc42gsDp.s:261    .rodata.prop_b3:00000000 prop_b3
     /tmp/cc42gsDp.s:274    .rodata.prop_x:00000000 $d
     /tmp/cc42gsDp.s:278    .rodata.prop_x:00000000 prop_x
     /tmp/cc42gsDp.s:291    .rodata.prop_y:00000000 $d
     /tmp/cc42gsDp.s:295    .rodata.prop_y:00000000 prop_y
                     .debug_frame:00000010 $d

UNDEFINED SYMBOLS
fifo_read
HID_ReadItem
fifo_init
