ARM GAS  /tmp/cchrWqgK.s 			page 1


   1              		.syntax unified
   2              		.cpu cortex-m4
   3              		.eabi_attribute 27, 1
   4              		.eabi_attribute 28, 1
   5              		.fpu fpv4-sp-d16
   6              		.eabi_attribute 20, 1
   7              		.eabi_attribute 21, 1
   8              		.eabi_attribute 23, 3
   9              		.eabi_attribute 24, 1
  10              		.eabi_attribute 25, 1
  11              		.eabi_attribute 26, 1
  12              		.eabi_attribute 30, 1
  13              		.eabi_attribute 34, 1
  14              		.eabi_attribute 18, 4
  15              		.thumb
  16              		.syntax unified
  17              		.file	"usbh_pipes.c"
  18              		.text
  19              	.Ltext0:
  20              		.cfi_sections	.debug_frame
  21              		.section	.text.USBH_GetFreePipe,"ax",%progbits
  22              		.align	2
  23              		.thumb
  24              		.thumb_func
  26              	USBH_GetFreePipe:
  27              	.LFB128:
  28              		.file 1 "Middlewares/ST/STM32_USB_Host_Library/Core/Src/usbh_pipes.c"
   1:Middlewares/ST/STM32_USB_Host_Library/Core/Src/usbh_pipes.c **** /**
   2:Middlewares/ST/STM32_USB_Host_Library/Core/Src/usbh_pipes.c ****   ******************************************************************************
   3:Middlewares/ST/STM32_USB_Host_Library/Core/Src/usbh_pipes.c ****   * @file    usbh_pipes.c
   4:Middlewares/ST/STM32_USB_Host_Library/Core/Src/usbh_pipes.c ****   * @author  MCD Application Team
   5:Middlewares/ST/STM32_USB_Host_Library/Core/Src/usbh_pipes.c ****   * @version V3.2.2
   6:Middlewares/ST/STM32_USB_Host_Library/Core/Src/usbh_pipes.c ****   * @date    07-July-2015
   7:Middlewares/ST/STM32_USB_Host_Library/Core/Src/usbh_pipes.c ****   * @brief   This file implements functions for opening and closing Pipes
   8:Middlewares/ST/STM32_USB_Host_Library/Core/Src/usbh_pipes.c ****   ******************************************************************************
   9:Middlewares/ST/STM32_USB_Host_Library/Core/Src/usbh_pipes.c ****   * @attention
  10:Middlewares/ST/STM32_USB_Host_Library/Core/Src/usbh_pipes.c ****   *
  11:Middlewares/ST/STM32_USB_Host_Library/Core/Src/usbh_pipes.c ****   * <h2><center>&copy; COPYRIGHT 2015 STMicroelectronics</center></h2>
  12:Middlewares/ST/STM32_USB_Host_Library/Core/Src/usbh_pipes.c ****   *
  13:Middlewares/ST/STM32_USB_Host_Library/Core/Src/usbh_pipes.c ****   * Licensed under MCD-ST Liberty SW License Agreement V2, (the "License");
  14:Middlewares/ST/STM32_USB_Host_Library/Core/Src/usbh_pipes.c ****   * You may not use this file except in compliance with the License.
  15:Middlewares/ST/STM32_USB_Host_Library/Core/Src/usbh_pipes.c ****   * You may obtain a copy of the License at:
  16:Middlewares/ST/STM32_USB_Host_Library/Core/Src/usbh_pipes.c ****   *
  17:Middlewares/ST/STM32_USB_Host_Library/Core/Src/usbh_pipes.c ****   *        http://www.st.com/software_license_agreement_liberty_v2
  18:Middlewares/ST/STM32_USB_Host_Library/Core/Src/usbh_pipes.c ****   *
  19:Middlewares/ST/STM32_USB_Host_Library/Core/Src/usbh_pipes.c ****   * Unless required by applicable law or agreed to in writing, software 
  20:Middlewares/ST/STM32_USB_Host_Library/Core/Src/usbh_pipes.c ****   * distributed under the License is distributed on an "AS IS" BASIS, 
  21:Middlewares/ST/STM32_USB_Host_Library/Core/Src/usbh_pipes.c ****   * WITHOUT WARRANTIES OR CONDITIONS OF ANY KIND, either express or implied.
  22:Middlewares/ST/STM32_USB_Host_Library/Core/Src/usbh_pipes.c ****   * See the License for the specific language governing permissions and
  23:Middlewares/ST/STM32_USB_Host_Library/Core/Src/usbh_pipes.c ****   * limitations under the License.
  24:Middlewares/ST/STM32_USB_Host_Library/Core/Src/usbh_pipes.c ****   *
  25:Middlewares/ST/STM32_USB_Host_Library/Core/Src/usbh_pipes.c ****   ******************************************************************************
  26:Middlewares/ST/STM32_USB_Host_Library/Core/Src/usbh_pipes.c ****   */ 
  27:Middlewares/ST/STM32_USB_Host_Library/Core/Src/usbh_pipes.c **** 
  28:Middlewares/ST/STM32_USB_Host_Library/Core/Src/usbh_pipes.c **** /* Includes ------------------------------------------------------------------*/
  29:Middlewares/ST/STM32_USB_Host_Library/Core/Src/usbh_pipes.c **** #include "usbh_pipes.h"
  30:Middlewares/ST/STM32_USB_Host_Library/Core/Src/usbh_pipes.c **** 
ARM GAS  /tmp/cchrWqgK.s 			page 2


  31:Middlewares/ST/STM32_USB_Host_Library/Core/Src/usbh_pipes.c **** /** @addtogroup USBH_LIB
  32:Middlewares/ST/STM32_USB_Host_Library/Core/Src/usbh_pipes.c ****   * @{
  33:Middlewares/ST/STM32_USB_Host_Library/Core/Src/usbh_pipes.c ****   */
  34:Middlewares/ST/STM32_USB_Host_Library/Core/Src/usbh_pipes.c **** 
  35:Middlewares/ST/STM32_USB_Host_Library/Core/Src/usbh_pipes.c **** /** @addtogroup USBH_LIB_CORE
  36:Middlewares/ST/STM32_USB_Host_Library/Core/Src/usbh_pipes.c **** * @{
  37:Middlewares/ST/STM32_USB_Host_Library/Core/Src/usbh_pipes.c **** */
  38:Middlewares/ST/STM32_USB_Host_Library/Core/Src/usbh_pipes.c ****   
  39:Middlewares/ST/STM32_USB_Host_Library/Core/Src/usbh_pipes.c **** /** @defgroup USBH_PIPES
  40:Middlewares/ST/STM32_USB_Host_Library/Core/Src/usbh_pipes.c ****   * @brief This file includes opening and closing Pipes
  41:Middlewares/ST/STM32_USB_Host_Library/Core/Src/usbh_pipes.c ****   * @{
  42:Middlewares/ST/STM32_USB_Host_Library/Core/Src/usbh_pipes.c ****   */ 
  43:Middlewares/ST/STM32_USB_Host_Library/Core/Src/usbh_pipes.c **** 
  44:Middlewares/ST/STM32_USB_Host_Library/Core/Src/usbh_pipes.c **** /** @defgroup USBH_PIPES_Private_Defines
  45:Middlewares/ST/STM32_USB_Host_Library/Core/Src/usbh_pipes.c ****   * @{
  46:Middlewares/ST/STM32_USB_Host_Library/Core/Src/usbh_pipes.c ****   */ 
  47:Middlewares/ST/STM32_USB_Host_Library/Core/Src/usbh_pipes.c **** /**
  48:Middlewares/ST/STM32_USB_Host_Library/Core/Src/usbh_pipes.c ****   * @}
  49:Middlewares/ST/STM32_USB_Host_Library/Core/Src/usbh_pipes.c ****   */ 
  50:Middlewares/ST/STM32_USB_Host_Library/Core/Src/usbh_pipes.c **** 
  51:Middlewares/ST/STM32_USB_Host_Library/Core/Src/usbh_pipes.c **** /** @defgroup USBH_PIPES_Private_TypesDefinitions
  52:Middlewares/ST/STM32_USB_Host_Library/Core/Src/usbh_pipes.c ****   * @{
  53:Middlewares/ST/STM32_USB_Host_Library/Core/Src/usbh_pipes.c ****   */ 
  54:Middlewares/ST/STM32_USB_Host_Library/Core/Src/usbh_pipes.c **** /**
  55:Middlewares/ST/STM32_USB_Host_Library/Core/Src/usbh_pipes.c ****   * @}
  56:Middlewares/ST/STM32_USB_Host_Library/Core/Src/usbh_pipes.c ****   */ 
  57:Middlewares/ST/STM32_USB_Host_Library/Core/Src/usbh_pipes.c **** 
  58:Middlewares/ST/STM32_USB_Host_Library/Core/Src/usbh_pipes.c **** 
  59:Middlewares/ST/STM32_USB_Host_Library/Core/Src/usbh_pipes.c **** /** @defgroup USBH_PIPES_Private_Macros
  60:Middlewares/ST/STM32_USB_Host_Library/Core/Src/usbh_pipes.c ****   * @{
  61:Middlewares/ST/STM32_USB_Host_Library/Core/Src/usbh_pipes.c ****   */ 
  62:Middlewares/ST/STM32_USB_Host_Library/Core/Src/usbh_pipes.c **** /**
  63:Middlewares/ST/STM32_USB_Host_Library/Core/Src/usbh_pipes.c ****   * @}
  64:Middlewares/ST/STM32_USB_Host_Library/Core/Src/usbh_pipes.c ****   */ 
  65:Middlewares/ST/STM32_USB_Host_Library/Core/Src/usbh_pipes.c **** 
  66:Middlewares/ST/STM32_USB_Host_Library/Core/Src/usbh_pipes.c **** 
  67:Middlewares/ST/STM32_USB_Host_Library/Core/Src/usbh_pipes.c **** /** @defgroup USBH_PIPES_Private_Variables
  68:Middlewares/ST/STM32_USB_Host_Library/Core/Src/usbh_pipes.c ****   * @{
  69:Middlewares/ST/STM32_USB_Host_Library/Core/Src/usbh_pipes.c ****   */ 
  70:Middlewares/ST/STM32_USB_Host_Library/Core/Src/usbh_pipes.c **** 
  71:Middlewares/ST/STM32_USB_Host_Library/Core/Src/usbh_pipes.c **** /**
  72:Middlewares/ST/STM32_USB_Host_Library/Core/Src/usbh_pipes.c ****   * @}
  73:Middlewares/ST/STM32_USB_Host_Library/Core/Src/usbh_pipes.c ****   */ 
  74:Middlewares/ST/STM32_USB_Host_Library/Core/Src/usbh_pipes.c **** 
  75:Middlewares/ST/STM32_USB_Host_Library/Core/Src/usbh_pipes.c **** 
  76:Middlewares/ST/STM32_USB_Host_Library/Core/Src/usbh_pipes.c **** /** @defgroup USBH_PIPES_Private_Functions
  77:Middlewares/ST/STM32_USB_Host_Library/Core/Src/usbh_pipes.c ****   * @{
  78:Middlewares/ST/STM32_USB_Host_Library/Core/Src/usbh_pipes.c ****   */ 
  79:Middlewares/ST/STM32_USB_Host_Library/Core/Src/usbh_pipes.c **** static uint16_t USBH_GetFreePipe (USBH_HandleTypeDef *phost);
  80:Middlewares/ST/STM32_USB_Host_Library/Core/Src/usbh_pipes.c **** 
  81:Middlewares/ST/STM32_USB_Host_Library/Core/Src/usbh_pipes.c **** 
  82:Middlewares/ST/STM32_USB_Host_Library/Core/Src/usbh_pipes.c **** /**
  83:Middlewares/ST/STM32_USB_Host_Library/Core/Src/usbh_pipes.c ****   * @brief  USBH_Open_Pipe
  84:Middlewares/ST/STM32_USB_Host_Library/Core/Src/usbh_pipes.c ****   *         Open a  pipe
  85:Middlewares/ST/STM32_USB_Host_Library/Core/Src/usbh_pipes.c ****   * @param  phost: Host Handle
  86:Middlewares/ST/STM32_USB_Host_Library/Core/Src/usbh_pipes.c ****   * @param  pipe_num: Pipe Number
  87:Middlewares/ST/STM32_USB_Host_Library/Core/Src/usbh_pipes.c ****   * @param  dev_address: USB Device address allocated to attached device
ARM GAS  /tmp/cchrWqgK.s 			page 3


  88:Middlewares/ST/STM32_USB_Host_Library/Core/Src/usbh_pipes.c ****   * @param  speed : USB device speed (Full/Low)
  89:Middlewares/ST/STM32_USB_Host_Library/Core/Src/usbh_pipes.c ****   * @param  ep_type: end point type (Bulk/int/ctl)
  90:Middlewares/ST/STM32_USB_Host_Library/Core/Src/usbh_pipes.c ****   * @param  mps: max pkt size
  91:Middlewares/ST/STM32_USB_Host_Library/Core/Src/usbh_pipes.c ****   * @retval USBH Status
  92:Middlewares/ST/STM32_USB_Host_Library/Core/Src/usbh_pipes.c ****   */
  93:Middlewares/ST/STM32_USB_Host_Library/Core/Src/usbh_pipes.c **** USBH_StatusTypeDef USBH_OpenPipe  (USBH_HandleTypeDef *phost,
  94:Middlewares/ST/STM32_USB_Host_Library/Core/Src/usbh_pipes.c ****                             uint8_t pipe_num,
  95:Middlewares/ST/STM32_USB_Host_Library/Core/Src/usbh_pipes.c ****                             uint8_t epnum,
  96:Middlewares/ST/STM32_USB_Host_Library/Core/Src/usbh_pipes.c ****                             uint8_t dev_address,
  97:Middlewares/ST/STM32_USB_Host_Library/Core/Src/usbh_pipes.c ****                             uint8_t speed,
  98:Middlewares/ST/STM32_USB_Host_Library/Core/Src/usbh_pipes.c ****                             uint8_t ep_type,
  99:Middlewares/ST/STM32_USB_Host_Library/Core/Src/usbh_pipes.c ****                             uint16_t mps)
 100:Middlewares/ST/STM32_USB_Host_Library/Core/Src/usbh_pipes.c **** {
 101:Middlewares/ST/STM32_USB_Host_Library/Core/Src/usbh_pipes.c **** 
 102:Middlewares/ST/STM32_USB_Host_Library/Core/Src/usbh_pipes.c ****   USBH_LL_OpenPipe(phost,
 103:Middlewares/ST/STM32_USB_Host_Library/Core/Src/usbh_pipes.c ****                         pipe_num,
 104:Middlewares/ST/STM32_USB_Host_Library/Core/Src/usbh_pipes.c ****                         epnum,
 105:Middlewares/ST/STM32_USB_Host_Library/Core/Src/usbh_pipes.c ****                         dev_address,
 106:Middlewares/ST/STM32_USB_Host_Library/Core/Src/usbh_pipes.c ****                         speed,
 107:Middlewares/ST/STM32_USB_Host_Library/Core/Src/usbh_pipes.c ****                         ep_type,
 108:Middlewares/ST/STM32_USB_Host_Library/Core/Src/usbh_pipes.c ****                         mps);
 109:Middlewares/ST/STM32_USB_Host_Library/Core/Src/usbh_pipes.c ****   
 110:Middlewares/ST/STM32_USB_Host_Library/Core/Src/usbh_pipes.c ****   return USBH_OK; 
 111:Middlewares/ST/STM32_USB_Host_Library/Core/Src/usbh_pipes.c **** 
 112:Middlewares/ST/STM32_USB_Host_Library/Core/Src/usbh_pipes.c **** }
 113:Middlewares/ST/STM32_USB_Host_Library/Core/Src/usbh_pipes.c **** 
 114:Middlewares/ST/STM32_USB_Host_Library/Core/Src/usbh_pipes.c **** /**
 115:Middlewares/ST/STM32_USB_Host_Library/Core/Src/usbh_pipes.c ****   * @brief  USBH_ClosePipe
 116:Middlewares/ST/STM32_USB_Host_Library/Core/Src/usbh_pipes.c ****   *         Close a  pipe
 117:Middlewares/ST/STM32_USB_Host_Library/Core/Src/usbh_pipes.c ****   * @param  phost: Host Handle
 118:Middlewares/ST/STM32_USB_Host_Library/Core/Src/usbh_pipes.c ****   * @param  pipe_num: Pipe Number
 119:Middlewares/ST/STM32_USB_Host_Library/Core/Src/usbh_pipes.c ****   * @retval USBH Status
 120:Middlewares/ST/STM32_USB_Host_Library/Core/Src/usbh_pipes.c ****   */
 121:Middlewares/ST/STM32_USB_Host_Library/Core/Src/usbh_pipes.c **** USBH_StatusTypeDef USBH_ClosePipe  (USBH_HandleTypeDef *phost,
 122:Middlewares/ST/STM32_USB_Host_Library/Core/Src/usbh_pipes.c ****                             uint8_t pipe_num)
 123:Middlewares/ST/STM32_USB_Host_Library/Core/Src/usbh_pipes.c **** {
 124:Middlewares/ST/STM32_USB_Host_Library/Core/Src/usbh_pipes.c **** 
 125:Middlewares/ST/STM32_USB_Host_Library/Core/Src/usbh_pipes.c ****   USBH_LL_ClosePipe(phost, pipe_num);
 126:Middlewares/ST/STM32_USB_Host_Library/Core/Src/usbh_pipes.c ****   
 127:Middlewares/ST/STM32_USB_Host_Library/Core/Src/usbh_pipes.c ****   return USBH_OK; 
 128:Middlewares/ST/STM32_USB_Host_Library/Core/Src/usbh_pipes.c **** 
 129:Middlewares/ST/STM32_USB_Host_Library/Core/Src/usbh_pipes.c **** }
 130:Middlewares/ST/STM32_USB_Host_Library/Core/Src/usbh_pipes.c **** 
 131:Middlewares/ST/STM32_USB_Host_Library/Core/Src/usbh_pipes.c **** /**
 132:Middlewares/ST/STM32_USB_Host_Library/Core/Src/usbh_pipes.c ****   * @brief  USBH_Alloc_Pipe
 133:Middlewares/ST/STM32_USB_Host_Library/Core/Src/usbh_pipes.c ****   *         Allocate a new Pipe
 134:Middlewares/ST/STM32_USB_Host_Library/Core/Src/usbh_pipes.c ****   * @param  phost: Host Handle
 135:Middlewares/ST/STM32_USB_Host_Library/Core/Src/usbh_pipes.c ****   * @param  ep_addr: End point for which the Pipe to be allocated
 136:Middlewares/ST/STM32_USB_Host_Library/Core/Src/usbh_pipes.c ****   * @retval Pipe number
 137:Middlewares/ST/STM32_USB_Host_Library/Core/Src/usbh_pipes.c ****   */
 138:Middlewares/ST/STM32_USB_Host_Library/Core/Src/usbh_pipes.c **** uint8_t USBH_AllocPipe  (USBH_HandleTypeDef *phost, uint8_t ep_addr)
 139:Middlewares/ST/STM32_USB_Host_Library/Core/Src/usbh_pipes.c **** {
 140:Middlewares/ST/STM32_USB_Host_Library/Core/Src/usbh_pipes.c ****   uint16_t pipe;
 141:Middlewares/ST/STM32_USB_Host_Library/Core/Src/usbh_pipes.c ****   
 142:Middlewares/ST/STM32_USB_Host_Library/Core/Src/usbh_pipes.c ****   pipe =  USBH_GetFreePipe(phost);
 143:Middlewares/ST/STM32_USB_Host_Library/Core/Src/usbh_pipes.c **** 
 144:Middlewares/ST/STM32_USB_Host_Library/Core/Src/usbh_pipes.c ****   if (pipe != 0xFFFF)
ARM GAS  /tmp/cchrWqgK.s 			page 4


 145:Middlewares/ST/STM32_USB_Host_Library/Core/Src/usbh_pipes.c ****   {
 146:Middlewares/ST/STM32_USB_Host_Library/Core/Src/usbh_pipes.c **** 	phost->Pipes[pipe] = 0x8000 | ep_addr;
 147:Middlewares/ST/STM32_USB_Host_Library/Core/Src/usbh_pipes.c ****   }
 148:Middlewares/ST/STM32_USB_Host_Library/Core/Src/usbh_pipes.c ****   return pipe;
 149:Middlewares/ST/STM32_USB_Host_Library/Core/Src/usbh_pipes.c **** }
 150:Middlewares/ST/STM32_USB_Host_Library/Core/Src/usbh_pipes.c **** 
 151:Middlewares/ST/STM32_USB_Host_Library/Core/Src/usbh_pipes.c **** /**
 152:Middlewares/ST/STM32_USB_Host_Library/Core/Src/usbh_pipes.c ****   * @brief  USBH_Free_Pipe
 153:Middlewares/ST/STM32_USB_Host_Library/Core/Src/usbh_pipes.c ****   *         Free the USB Pipe
 154:Middlewares/ST/STM32_USB_Host_Library/Core/Src/usbh_pipes.c ****   * @param  phost: Host Handle
 155:Middlewares/ST/STM32_USB_Host_Library/Core/Src/usbh_pipes.c ****   * @param  idx: Pipe number to be freed 
 156:Middlewares/ST/STM32_USB_Host_Library/Core/Src/usbh_pipes.c ****   * @retval USBH Status
 157:Middlewares/ST/STM32_USB_Host_Library/Core/Src/usbh_pipes.c ****   */
 158:Middlewares/ST/STM32_USB_Host_Library/Core/Src/usbh_pipes.c **** USBH_StatusTypeDef USBH_FreePipe  (USBH_HandleTypeDef *phost, uint8_t idx)
 159:Middlewares/ST/STM32_USB_Host_Library/Core/Src/usbh_pipes.c **** {
 160:Middlewares/ST/STM32_USB_Host_Library/Core/Src/usbh_pipes.c ****    if(idx < 11)
 161:Middlewares/ST/STM32_USB_Host_Library/Core/Src/usbh_pipes.c ****    {
 162:Middlewares/ST/STM32_USB_Host_Library/Core/Src/usbh_pipes.c **** 	 phost->Pipes[idx] &= 0x7FFF;
 163:Middlewares/ST/STM32_USB_Host_Library/Core/Src/usbh_pipes.c ****    }
 164:Middlewares/ST/STM32_USB_Host_Library/Core/Src/usbh_pipes.c ****    return USBH_OK;
 165:Middlewares/ST/STM32_USB_Host_Library/Core/Src/usbh_pipes.c **** }
 166:Middlewares/ST/STM32_USB_Host_Library/Core/Src/usbh_pipes.c **** 
 167:Middlewares/ST/STM32_USB_Host_Library/Core/Src/usbh_pipes.c **** /**
 168:Middlewares/ST/STM32_USB_Host_Library/Core/Src/usbh_pipes.c ****   * @brief  USBH_GetFreePipe
 169:Middlewares/ST/STM32_USB_Host_Library/Core/Src/usbh_pipes.c ****   * @param  phost: Host Handle
 170:Middlewares/ST/STM32_USB_Host_Library/Core/Src/usbh_pipes.c ****   *         Get a free Pipe number for allocation to a device endpoint
 171:Middlewares/ST/STM32_USB_Host_Library/Core/Src/usbh_pipes.c ****   * @retval idx: Free Pipe number
 172:Middlewares/ST/STM32_USB_Host_Library/Core/Src/usbh_pipes.c ****   */
 173:Middlewares/ST/STM32_USB_Host_Library/Core/Src/usbh_pipes.c **** static uint16_t USBH_GetFreePipe (USBH_HandleTypeDef *phost)
 174:Middlewares/ST/STM32_USB_Host_Library/Core/Src/usbh_pipes.c **** {
  29              		.loc 1 174 0
  30              		.cfi_startproc
  31              		@ args = 0, pretend = 0, frame = 0
  32              		@ frame_needed = 0, uses_anonymous_args = 0
  33              		@ link register save eliminated.
  34              	.LVL0:
 175:Middlewares/ST/STM32_USB_Host_Library/Core/Src/usbh_pipes.c ****   uint8_t idx = 0;
 176:Middlewares/ST/STM32_USB_Host_Library/Core/Src/usbh_pipes.c ****   
 177:Middlewares/ST/STM32_USB_Host_Library/Core/Src/usbh_pipes.c ****   for (idx = 0 ; idx < 11 ; idx++)
  35              		.loc 1 177 0
  36 0000 0023     		movs	r3, #0
  37 0002 0BE0     		b	.L2
  38              	.LVL1:
  39              	.L5:
 178:Middlewares/ST/STM32_USB_Host_Library/Core/Src/usbh_pipes.c ****   {
 179:Middlewares/ST/STM32_USB_Host_Library/Core/Src/usbh_pipes.c **** 	if ((phost->Pipes[idx] & 0x8000) == 0)
  40              		.loc 1 179 0
  41 0004 03F5A972 		add	r2, r3, #338
  42 0008 00EB8202 		add	r2, r0, r2, lsl #2
  43 000c 5268     		ldr	r2, [r2, #4]
  44 000e 12F4004F 		tst	r2, #32768
  45 0012 01D1     		bne	.L3
 180:Middlewares/ST/STM32_USB_Host_Library/Core/Src/usbh_pipes.c **** 	{
 181:Middlewares/ST/STM32_USB_Host_Library/Core/Src/usbh_pipes.c **** 	   return idx;
  46              		.loc 1 181 0
  47 0014 98B2     		uxth	r0, r3
  48              	.LVL2:
ARM GAS  /tmp/cchrWqgK.s 			page 5


  49 0016 7047     		bx	lr
  50              	.LVL3:
  51              	.L3:
 177:Middlewares/ST/STM32_USB_Host_Library/Core/Src/usbh_pipes.c ****   {
  52              		.loc 1 177 0 discriminator 2
  53 0018 0133     		adds	r3, r3, #1
  54              	.LVL4:
  55 001a DBB2     		uxtb	r3, r3
  56              	.LVL5:
  57              	.L2:
 177:Middlewares/ST/STM32_USB_Host_Library/Core/Src/usbh_pipes.c ****   {
  58              		.loc 1 177 0 is_stmt 0 discriminator 1
  59 001c 0A2B     		cmp	r3, #10
  60 001e F1D9     		bls	.L5
 182:Middlewares/ST/STM32_USB_Host_Library/Core/Src/usbh_pipes.c **** 	} 
 183:Middlewares/ST/STM32_USB_Host_Library/Core/Src/usbh_pipes.c ****   }
 184:Middlewares/ST/STM32_USB_Host_Library/Core/Src/usbh_pipes.c ****   return 0xFFFF;
  61              		.loc 1 184 0 is_stmt 1
  62 0020 4FF6FF70 		movw	r0, #65535
  63              	.LVL6:
 185:Middlewares/ST/STM32_USB_Host_Library/Core/Src/usbh_pipes.c **** }
  64              		.loc 1 185 0
  65 0024 7047     		bx	lr
  66              		.cfi_endproc
  67              	.LFE128:
  69 0026 00BF     		.section	.text.USBH_OpenPipe,"ax",%progbits
  70              		.align	2
  71              		.global	USBH_OpenPipe
  72              		.thumb
  73              		.thumb_func
  75              	USBH_OpenPipe:
  76              	.LFB124:
 100:Middlewares/ST/STM32_USB_Host_Library/Core/Src/usbh_pipes.c **** 
  77              		.loc 1 100 0
  78              		.cfi_startproc
  79              		@ args = 12, pretend = 0, frame = 0
  80              		@ frame_needed = 0, uses_anonymous_args = 0
  81              	.LVL7:
  82 0000 10B5     		push	{r4, lr}
  83              	.LCFI0:
  84              		.cfi_def_cfa_offset 8
  85              		.cfi_offset 4, -8
  86              		.cfi_offset 14, -4
  87 0002 84B0     		sub	sp, sp, #16
  88              	.LCFI1:
  89              		.cfi_def_cfa_offset 24
 102:Middlewares/ST/STM32_USB_Host_Library/Core/Src/usbh_pipes.c ****                         pipe_num,
  90              		.loc 1 102 0
  91 0004 BDF82040 		ldrh	r4, [sp, #32]
  92 0008 0294     		str	r4, [sp, #8]
  93 000a 9DF81C40 		ldrb	r4, [sp, #28]	@ zero_extendqisi2
  94 000e 0194     		str	r4, [sp, #4]
  95 0010 9DF81840 		ldrb	r4, [sp, #24]	@ zero_extendqisi2
  96 0014 0094     		str	r4, [sp]
  97 0016 FFF7FEFF 		bl	USBH_LL_OpenPipe
  98              	.LVL8:
 112:Middlewares/ST/STM32_USB_Host_Library/Core/Src/usbh_pipes.c **** 
ARM GAS  /tmp/cchrWqgK.s 			page 6


  99              		.loc 1 112 0
 100 001a 0020     		movs	r0, #0
 101 001c 04B0     		add	sp, sp, #16
 102              	.LCFI2:
 103              		.cfi_def_cfa_offset 8
 104              		@ sp needed
 105 001e 10BD     		pop	{r4, pc}
 106              		.cfi_endproc
 107              	.LFE124:
 109              		.section	.text.USBH_ClosePipe,"ax",%progbits
 110              		.align	2
 111              		.global	USBH_ClosePipe
 112              		.thumb
 113              		.thumb_func
 115              	USBH_ClosePipe:
 116              	.LFB125:
 123:Middlewares/ST/STM32_USB_Host_Library/Core/Src/usbh_pipes.c **** 
 117              		.loc 1 123 0
 118              		.cfi_startproc
 119              		@ args = 0, pretend = 0, frame = 0
 120              		@ frame_needed = 0, uses_anonymous_args = 0
 121              	.LVL9:
 122 0000 08B5     		push	{r3, lr}
 123              	.LCFI3:
 124              		.cfi_def_cfa_offset 8
 125              		.cfi_offset 3, -8
 126              		.cfi_offset 14, -4
 125:Middlewares/ST/STM32_USB_Host_Library/Core/Src/usbh_pipes.c ****   
 127              		.loc 1 125 0
 128 0002 FFF7FEFF 		bl	USBH_LL_ClosePipe
 129              	.LVL10:
 129:Middlewares/ST/STM32_USB_Host_Library/Core/Src/usbh_pipes.c **** 
 130              		.loc 1 129 0
 131 0006 0020     		movs	r0, #0
 132 0008 08BD     		pop	{r3, pc}
 133              		.cfi_endproc
 134              	.LFE125:
 136 000a 00BF     		.section	.text.USBH_AllocPipe,"ax",%progbits
 137              		.align	2
 138              		.global	USBH_AllocPipe
 139              		.thumb
 140              		.thumb_func
 142              	USBH_AllocPipe:
 143              	.LFB126:
 139:Middlewares/ST/STM32_USB_Host_Library/Core/Src/usbh_pipes.c ****   uint16_t pipe;
 144              		.loc 1 139 0
 145              		.cfi_startproc
 146              		@ args = 0, pretend = 0, frame = 0
 147              		@ frame_needed = 0, uses_anonymous_args = 0
 148              	.LVL11:
 149 0000 38B5     		push	{r3, r4, r5, lr}
 150              	.LCFI4:
 151              		.cfi_def_cfa_offset 16
 152              		.cfi_offset 3, -16
 153              		.cfi_offset 4, -12
 154              		.cfi_offset 5, -8
 155              		.cfi_offset 14, -4
ARM GAS  /tmp/cchrWqgK.s 			page 7


 156 0002 0446     		mov	r4, r0
 157 0004 0D46     		mov	r5, r1
 142:Middlewares/ST/STM32_USB_Host_Library/Core/Src/usbh_pipes.c **** 
 158              		.loc 1 142 0
 159 0006 FFF7FEFF 		bl	USBH_GetFreePipe
 160              	.LVL12:
 144:Middlewares/ST/STM32_USB_Host_Library/Core/Src/usbh_pipes.c ****   {
 161              		.loc 1 144 0
 162 000a 4FF6FF73 		movw	r3, #65535
 163 000e 9842     		cmp	r0, r3
 164 0010 06D0     		beq	.L11
 146:Middlewares/ST/STM32_USB_Host_Library/Core/Src/usbh_pipes.c ****   }
 165              		.loc 1 146 0
 166 0012 45F40045 		orr	r5, r5, #32768
 167 0016 00F5A973 		add	r3, r0, #338
 168 001a 04EB8304 		add	r4, r4, r3, lsl #2
 169              	.LVL13:
 170 001e 6560     		str	r5, [r4, #4]
 171              	.L11:
 149:Middlewares/ST/STM32_USB_Host_Library/Core/Src/usbh_pipes.c **** 
 172              		.loc 1 149 0
 173 0020 C0B2     		uxtb	r0, r0
 174              	.LVL14:
 175 0022 38BD     		pop	{r3, r4, r5, pc}
 176              		.cfi_endproc
 177              	.LFE126:
 179              		.section	.text.USBH_FreePipe,"ax",%progbits
 180              		.align	2
 181              		.global	USBH_FreePipe
 182              		.thumb
 183              		.thumb_func
 185              	USBH_FreePipe:
 186              	.LFB127:
 159:Middlewares/ST/STM32_USB_Host_Library/Core/Src/usbh_pipes.c ****    if(idx < 11)
 187              		.loc 1 159 0
 188              		.cfi_startproc
 189              		@ args = 0, pretend = 0, frame = 0
 190              		@ frame_needed = 0, uses_anonymous_args = 0
 191              		@ link register save eliminated.
 192              	.LVL15:
 160:Middlewares/ST/STM32_USB_Host_Library/Core/Src/usbh_pipes.c ****    {
 193              		.loc 1 160 0
 194 0000 0A29     		cmp	r1, #10
 195 0002 07D8     		bhi	.L14
 162:Middlewares/ST/STM32_USB_Host_Library/Core/Src/usbh_pipes.c ****    }
 196              		.loc 1 162 0
 197 0004 01F5A971 		add	r1, r1, #338
 198              	.LVL16:
 199 0008 00EB8101 		add	r1, r0, r1, lsl #2
 200 000c 4B68     		ldr	r3, [r1, #4]
 201 000e C3F30E03 		ubfx	r3, r3, #0, #15
 202 0012 4B60     		str	r3, [r1, #4]
 203              	.L14:
 165:Middlewares/ST/STM32_USB_Host_Library/Core/Src/usbh_pipes.c **** 
 204              		.loc 1 165 0
 205 0014 0020     		movs	r0, #0
 206              	.LVL17:
ARM GAS  /tmp/cchrWqgK.s 			page 8


 207 0016 7047     		bx	lr
 208              		.cfi_endproc
 209              	.LFE127:
 211              		.text
 212              	.Letext0:
 213              		.file 2 "/home/ada/Downloads/gcc-arm-none-eabi-5_4-2016q3/arm-none-eabi/include/machine/_default_t
 214              		.file 3 "/home/ada/Downloads/gcc-arm-none-eabi-5_4-2016q3/arm-none-eabi/include/sys/_stdint.h"
 215              		.file 4 "Middlewares/ST/STM32_USB_Host_Library/Core/Inc/usbh_def.h"
 216              		.file 5 "Middlewares/ST/STM32_USB_Host_Library/Core/Inc/usbh_core.h"
 217              		.file 6 "Drivers/CMSIS/Include/core_cm4.h"
ARM GAS  /tmp/cchrWqgK.s 			page 9


DEFINED SYMBOLS
                            *ABS*:00000000 usbh_pipes.c
     /tmp/cchrWqgK.s:22     .text.USBH_GetFreePipe:00000000 $t
     /tmp/cchrWqgK.s:26     .text.USBH_GetFreePipe:00000000 USBH_GetFreePipe
     /tmp/cchrWqgK.s:70     .text.USBH_OpenPipe:00000000 $t
     /tmp/cchrWqgK.s:75     .text.USBH_OpenPipe:00000000 USBH_OpenPipe
     /tmp/cchrWqgK.s:110    .text.USBH_ClosePipe:00000000 $t
     /tmp/cchrWqgK.s:115    .text.USBH_ClosePipe:00000000 USBH_ClosePipe
     /tmp/cchrWqgK.s:137    .text.USBH_AllocPipe:00000000 $t
     /tmp/cchrWqgK.s:142    .text.USBH_AllocPipe:00000000 USBH_AllocPipe
     /tmp/cchrWqgK.s:180    .text.USBH_FreePipe:00000000 $t
     /tmp/cchrWqgK.s:185    .text.USBH_FreePipe:00000000 USBH_FreePipe
                     .debug_frame:00000010 $d

UNDEFINED SYMBOLS
USBH_LL_OpenPipe
USBH_LL_ClosePipe
